#
# There is insufficient memory for the Java Runtime Environment to continue.
# Native memory allocation (mmap) failed to map 251658240 bytes. Error detail: G1 virtual space
# Possible reasons:
#   The system is out of physical RAM or swap space
#   This process is running with CompressedOops enabled, and the Java Heap may be blocking the growth of the native heap
# Possible solutions:
#   Reduce memory load on the system
#   Increase physical memory or swap space
#   Check if swap backing store is full
#   Decrease Java heap size (-Xmx/-Xms)
#   Decrease number of Java threads
#   Decrease Java thread stack sizes (-Xss)
#   Set larger code cache with -XX:ReservedCodeCacheSize=
#   JVM is running with Zero Based Compressed Oops mode in which the Java heap is
#     placed in the first 32GB address space. The Java Heap base address is the
#     maximum limit for the native heap growth. Please use -XX:HeapBaseMinAddress
#     to set the Java Heap base and to place the Java Heap above 32GB virtual address.
# This output file may be truncated or incomplete.
#
#  Out of Memory Error (os_windows.cpp:3614), pid=7924, tid=20596
#
# JRE version: OpenJDK Runtime Environment Temurin-17.0.13+11 (17.0.13+11) (build 17.0.13+11)
# Java VM: OpenJDK 64-Bit Server VM Temurin-17.0.13+11 (17.0.13+11, mixed mode, tiered, compressed oops, compressed class ptrs, g1 gc, windows-amd64)
# No core dump will be written. Minidumps are not enabled by default on client versions of Windows
#

---------------  S U M M A R Y ------------

Command Line: -XX:+ShowCodeDetailsInExceptionMessages com.team.email.EmailApplication

Host: AMD Ryzen 5 5600H with Radeon Graphics         , 12 cores, 15G,  Windows 11 , 64 bit Build 22621 (10.0.22621.4391)
Time: Tue Dec 17 22:37:32 2024 Egypt Standard Time elapsed time: 434.871304 seconds (0d 0h 7m 14s)

---------------  T H R E A D  ---------------

Current thread (0x000001f5574e77b0):  VMThread "VM Thread" [stack: 0x0000009286f00000,0x0000009287000000] [id=20596]

Stack: [0x0000009286f00000,0x0000009287000000]
Native frames: (J=compiled Java code, j=interpreted, Vv=VM code, C=native code)
V  [jvm.dll+0x682a19]
V  [jvm.dll+0x839538]
V  [jvm.dll+0x83afe3]
V  [jvm.dll+0x83b653]
V  [jvm.dll+0x24704f]
V  [jvm.dll+0x67f809]
V  [jvm.dll+0x6746fa]
V  [jvm.dll+0x304a96]
V  [jvm.dll+0x30bf56]
V  [jvm.dll+0x35da5e]
V  [jvm.dll+0x35dc9d]
V  [jvm.dll+0x2dbe5c]
V  [jvm.dll+0x2da1ff]
V  [jvm.dll+0x2d996c]
V  [jvm.dll+0x31d511]
V  [jvm.dll+0x83fe8d]
V  [jvm.dll+0x840bc3]
V  [jvm.dll+0x8410ef]
V  [jvm.dll+0x8414d4]
V  [jvm.dll+0x84159e]
V  [jvm.dll+0x7e8ffc]
V  [jvm.dll+0x6818f7]
C  [ucrtbase.dll+0x29333]
C  [KERNEL32.DLL+0x1259d]
C  [ntdll.dll+0x5af38]

VM_Operation (0x0000009288efb830): G1TryInitiateConcMark, mode: safepoint, requested by thread 0x000001f55e548fa0


---------------  P R O C E S S  ---------------

Threads class SMR info:
_java_thread_list=0x000001f55c685030, length=27, elements={
0x000001f5574fc380, 0x000001f5574ff530, 0x000001f55753d130, 0x000001f55753fb10,
0x000001f5575403e0, 0x000001f557540cb0, 0x000001f55754ee80, 0x000001f55754f840,
0x000001f557552160, 0x000001f5576b4840, 0x000001f5576bc410, 0x000001f55d604680,
0x000001f55cff0c50, 0x000001f55dbaf0d0, 0x000001f55e54a3e0, 0x000001f55e548070,
0x000001f55e548fa0, 0x000001f55e54a8f0, 0x000001f55e5494b0, 0x000001f55e548a90,
0x000001f55e5499c0, 0x000001f55e548580, 0x000001f55e547140, 0x000001f55e549ed0,
0x000001f55e54e720, 0x000001f55e5523e0, 0x000001f55e553d30
}

Java Threads: ( => current thread )
  0x000001f5574fc380 JavaThread "Reference Handler" daemon [_thread_blocked, id=22008, stack(0x0000009287000000,0x0000009287100000)]
  0x000001f5574ff530 JavaThread "Finalizer" daemon [_thread_blocked, id=28468, stack(0x0000009287100000,0x0000009287200000)]
  0x000001f55753d130 JavaThread "Signal Dispatcher" daemon [_thread_blocked, id=32448, stack(0x0000009287200000,0x0000009287300000)]
  0x000001f55753fb10 JavaThread "Attach Listener" daemon [_thread_blocked, id=30784, stack(0x0000009287300000,0x0000009287400000)]
  0x000001f5575403e0 JavaThread "Service Thread" daemon [_thread_blocked, id=32644, stack(0x0000009287400000,0x0000009287500000)]
  0x000001f557540cb0 JavaThread "Monitor Deflation Thread" daemon [_thread_blocked, id=29996, stack(0x0000009287500000,0x0000009287600000)]
  0x000001f55754ee80 JavaThread "C2 CompilerThread0" daemon [_thread_blocked, id=7308, stack(0x0000009287600000,0x0000009287700000)]
  0x000001f55754f840 JavaThread "C1 CompilerThread0" daemon [_thread_blocked, id=30940, stack(0x0000009287700000,0x0000009287800000)]
  0x000001f557552160 JavaThread "Sweeper thread" daemon [_thread_blocked, id=2412, stack(0x0000009287800000,0x0000009287900000)]
  0x000001f5576b4840 JavaThread "Notification Thread" daemon [_thread_blocked, id=28140, stack(0x0000009287900000,0x0000009287a00000)]
  0x000001f5576bc410 JavaThread "Common-Cleaner" daemon [_thread_blocked, id=32548, stack(0x0000009287b00000,0x0000009287c00000)]
  0x000001f55d604680 JavaThread "Catalina-utility-1" [_thread_blocked, id=27520, stack(0x0000009288200000,0x0000009288300000)]
  0x000001f55cff0c50 JavaThread "Catalina-utility-2" [_thread_blocked, id=20720, stack(0x0000009288a00000,0x0000009288b00000)]
  0x000001f55dbaf0d0 JavaThread "container-0" [_thread_blocked, id=27724, stack(0x0000009288b00000,0x0000009288c00000)]
  0x000001f55e54a3e0 JavaThread "http-nio-8080-exec-1" daemon [_thread_blocked, id=12084, stack(0x0000009288c00000,0x0000009288d00000)]
  0x000001f55e548070 JavaThread "http-nio-8080-exec-2" daemon [_thread_blocked, id=15948, stack(0x0000009288d00000,0x0000009288e00000)]
  0x000001f55e548fa0 JavaThread "http-nio-8080-exec-3" daemon [_thread_blocked, id=29960, stack(0x0000009288e00000,0x0000009288f00000)]
  0x000001f55e54a8f0 JavaThread "http-nio-8080-exec-4" daemon [_thread_blocked, id=196, stack(0x0000009288f00000,0x0000009289000000)]
  0x000001f55e5494b0 JavaThread "http-nio-8080-exec-5" daemon [_thread_blocked, id=23516, stack(0x0000009289000000,0x0000009289100000)]
  0x000001f55e548a90 JavaThread "http-nio-8080-exec-6" daemon [_thread_blocked, id=26036, stack(0x0000009289100000,0x0000009289200000)]
  0x000001f55e5499c0 JavaThread "http-nio-8080-exec-7" daemon [_thread_blocked, id=31252, stack(0x0000009289200000,0x0000009289300000)]
  0x000001f55e548580 JavaThread "http-nio-8080-exec-8" daemon [_thread_blocked, id=12560, stack(0x0000009289300000,0x0000009289400000)]
  0x000001f55e547140 JavaThread "http-nio-8080-exec-9" daemon [_thread_blocked, id=20852, stack(0x0000009289400000,0x0000009289500000)]
  0x000001f55e549ed0 JavaThread "http-nio-8080-exec-10" daemon [_thread_blocked, id=31868, stack(0x0000009289500000,0x0000009289600000)]
  0x000001f55e54e720 JavaThread "http-nio-8080-Poller" daemon [_thread_in_native, id=32464, stack(0x0000009289600000,0x0000009289700000)]
  0x000001f55e5523e0 JavaThread "http-nio-8080-Acceptor" daemon [_thread_in_native, id=9352, stack(0x0000009289700000,0x0000009289800000)]
  0x000001f55e553d30 JavaThread "DestroyJavaVM" [_thread_blocked, id=11504, stack(0x0000009286900000,0x0000009286a00000)]

Other Threads:
=>0x000001f5574e77b0 VMThread "VM Thread" [stack: 0x0000009286f00000,0x0000009287000000] [id=20596]
  0x000001f5576b6d30 WatcherThread [stack: 0x0000009287a00000,0x0000009287b00000] [id=26564]
  0x000001f538fc4980 GCTaskThread "GC Thread#0" [stack: 0x0000009286a00000,0x0000009286b00000] [id=32592]
  0x000001f55c906730 GCTaskThread "GC Thread#1" [stack: 0x0000009287d00000,0x0000009287e00000] [id=28776]
  0x000001f55c903380 GCTaskThread "GC Thread#2" [stack: 0x0000009287e00000,0x0000009287f00000] [id=168]
  0x000001f55c8e1b60 GCTaskThread "GC Thread#3" [stack: 0x0000009287f00000,0x0000009288000000] [id=4172]
  0x000001f55c8e1e20 GCTaskThread "GC Thread#4" [stack: 0x0000009288000000,0x0000009288100000] [id=27484]
  0x000001f55c789450 GCTaskThread "GC Thread#5" [stack: 0x0000009288100000,0x0000009288200000] [id=31696]
  0x000001f55d02a890 GCTaskThread "GC Thread#6" [stack: 0x0000009288300000,0x0000009288400000] [id=13376]
  0x000001f55c9c0430 GCTaskThread "GC Thread#7" [stack: 0x0000009288400000,0x0000009288500000] [id=30636]
  0x000001f55ce7e660 GCTaskThread "GC Thread#8" [stack: 0x0000009288500000,0x0000009288600000] [id=6632]
  0x000001f55ce7e920 GCTaskThread "GC Thread#9" [stack: 0x0000009288600000,0x0000009288700000] [id=23304]
  0x000001f538fd55a0 ConcurrentGCThread "G1 Main Marker" [stack: 0x0000009286b00000,0x0000009286c00000] [id=29936]
  0x000001f538fd5ed0 ConcurrentGCThread "G1 Conc#0" [stack: 0x0000009286c00000,0x0000009286d00000] [id=20688]
  0x000001f55ced4fb0 ConcurrentGCThread "G1 Conc#1" [stack: 0x0000009288700000,0x0000009288800000] [id=20408]
  0x000001f55d38ac20 ConcurrentGCThread "G1 Conc#2" [stack: 0x0000009288800000,0x0000009288900000] [id=31416]
  0x000001f557119970 ConcurrentGCThread "G1 Refine#0" [stack: 0x0000009286d00000,0x0000009286e00000] [id=27252]
  0x000001f55711a1b0 ConcurrentGCThread "G1 Service" [stack: 0x0000009286e00000,0x0000009286f00000] [id=22476]

Threads with active compile tasks:

VM state: at safepoint (normal execution)

VM Mutex/Monitor currently owned by a thread:  ([mutex/lock_event])
[0x000001f538f4b840] Threads_lock - owner thread: 0x000001f5574e77b0
[0x000001f538f4a640] Heap_lock - owner thread: 0x000001f55e548fa0

Heap address: 0x0000000702400000, size: 4060 MB, Compressed Oops mode: Zero based, Oop shift amount: 3

CDS archive(s) not mapped
Compressed class space mapped at: 0x0000000800000000-0x0000000840000000, reserved size: 1073741824
Narrow klass base: 0x0000000800000000, Narrow klass shift: 0, Narrow klass range: 0x40000000

GC Precious Log:
 CPUs: 12 total, 12 available
 Memory: 16236M
 Large Page Support: Disabled
 NUMA Support: Disabled
 Compressed Oops: Enabled (Zero based)
 Heap Region Size: 2M
 Heap Min Capacity: 8M
 Heap Initial Capacity: 254M
 Heap Max Capacity: 4060M
 Pre-touch: Disabled
 Parallel Workers: 10
 Concurrent Workers: 3
 Concurrent Refinement Workers: 10
 Periodic GC: Disabled

Heap:
 garbage-first heap   total 520192K, used 190592K [0x0000000702400000, 0x0000000800000000)
  region size 2048K, 7 young (14336K), 7 survivors (14336K)
 Metaspace       used 40413K, committed 40960K, reserved 1114112K
  class space    used 4915K, committed 5184K, reserved 1048576K

Heap Regions: E=young(eden), S=young(survivor), O=old, HS=humongous(starts), HC=humongous(continues), CS=collection set, F=free, OA=open archive, CA=closed archive, TAMS=top-at-mark-start (previous, next)
|   0|0x0000000702400000, 0x0000000702600000, 0x0000000702600000|100%| O|  |TAMS 0x0000000702600000, 0x0000000702600000| Untracked 
|   1|0x0000000702600000, 0x0000000702800000, 0x0000000702800000|100%| O|  |TAMS 0x0000000702800000, 0x0000000702800000| Untracked 
|   2|0x0000000702800000, 0x0000000702a00000, 0x0000000702a00000|100%| O|  |TAMS 0x0000000702a00000, 0x0000000702a00000| Untracked 
|   3|0x0000000702a00000, 0x0000000702c00000, 0x0000000702c00000|100%| O|  |TAMS 0x0000000702c00000, 0x0000000702c00000| Untracked 
|   4|0x0000000702c00000, 0x0000000702e00000, 0x0000000702e00000|100%| O|  |TAMS 0x0000000702e00000, 0x0000000702e00000| Untracked 
|   5|0x0000000702e00000, 0x0000000703000000, 0x0000000703000000|100%| O|  |TAMS 0x0000000703000000, 0x0000000703000000| Untracked 
|   6|0x0000000703000000, 0x0000000703200000, 0x0000000703200000|100%| O|  |TAMS 0x0000000703200000, 0x0000000703200000| Untracked 
|   7|0x0000000703200000, 0x0000000703400000, 0x0000000703400000|100%| O|  |TAMS 0x0000000703400000, 0x0000000703400000| Untracked 
|   8|0x0000000703400000, 0x000000070353fe00, 0x0000000703600000| 62%| O|  |TAMS 0x000000070353fe00, 0x000000070353fe00| Untracked 
|   9|0x0000000703600000, 0x0000000703800000, 0x0000000703800000|100%| O|  |TAMS 0x0000000703600000, 0x0000000703800000| Untracked 
|  10|0x0000000703800000, 0x0000000703a00000, 0x0000000703a00000|100%| O|  |TAMS 0x0000000703800000, 0x0000000703a00000| Untracked 
|  11|0x0000000703a00000, 0x0000000703c00000, 0x0000000703c00000|100%| O|  |TAMS 0x0000000703a00000, 0x0000000703c00000| Untracked 
|  12|0x0000000703c00000, 0x0000000703e00000, 0x0000000703e00000|100%| O|  |TAMS 0x0000000703e00000, 0x0000000703e00000| Untracked 
|  13|0x0000000703e00000, 0x0000000704000000, 0x0000000704000000|100%| O|  |TAMS 0x0000000703e00000, 0x0000000704000000| Untracked 
|  14|0x0000000704000000, 0x0000000704200000, 0x0000000704200000|100%| O|  |TAMS 0x0000000704000000, 0x0000000704200000| Untracked 
|  15|0x0000000704200000, 0x0000000704400000, 0x0000000704400000|100%| O|  |TAMS 0x0000000704200000, 0x0000000704400000| Untracked 
|  16|0x0000000704400000, 0x0000000704600000, 0x0000000704600000|100%| O|  |TAMS 0x0000000704400000, 0x0000000704600000| Untracked 
|  17|0x0000000704600000, 0x0000000704800000, 0x0000000704800000|100%| O|  |TAMS 0x0000000704600000, 0x0000000704800000| Untracked 
|  18|0x0000000704800000, 0x0000000704a00000, 0x0000000704a00000|100%| O|  |TAMS 0x0000000704800000, 0x00000007049c0200| Untracked 
|  19|0x0000000704a00000, 0x0000000704c00000, 0x0000000704c00000|100%| O|  |TAMS 0x0000000704a00000, 0x0000000704a00000| Untracked 
|  20|0x0000000704c00000, 0x0000000704e00000, 0x0000000704e00000|100%| O|  |TAMS 0x0000000704c00000, 0x0000000704c00000| Untracked 
|  21|0x0000000704e00000, 0x0000000705000000, 0x0000000705000000|100%| O|  |TAMS 0x0000000704e00000, 0x0000000704e00000| Untracked 
|  22|0x0000000705000000, 0x0000000705200000, 0x0000000705200000|100%| O|  |TAMS 0x0000000705000000, 0x0000000705000000| Untracked 
|  23|0x0000000705200000, 0x0000000705400000, 0x0000000705400000|100%| O|  |TAMS 0x0000000705200000, 0x0000000705200000| Untracked 
|  24|0x0000000705400000, 0x0000000705600000, 0x0000000705600000|100%| O|  |TAMS 0x0000000705400000, 0x0000000705400000| Untracked 
|  25|0x0000000705600000, 0x0000000705800000, 0x0000000705800000|100%| O|  |TAMS 0x0000000705600000, 0x0000000705600000| Untracked 
|  26|0x0000000705800000, 0x0000000705a00000, 0x0000000705a00000|100%| O|  |TAMS 0x0000000705800000, 0x0000000705800000| Untracked 
|  27|0x0000000705a00000, 0x0000000705c00000, 0x0000000705c00000|100%| O|  |TAMS 0x0000000705a00000, 0x0000000705a00000| Untracked 
|  28|0x0000000705c00000, 0x0000000705e00000, 0x0000000705e00000|100%| O|  |TAMS 0x0000000705c00000, 0x0000000705c00000| Untracked 
|  29|0x0000000705e00000, 0x0000000706000000, 0x0000000706000000|100%| O|  |TAMS 0x0000000705e00000, 0x0000000705e00000| Untracked 
|  30|0x0000000706000000, 0x0000000706200000, 0x0000000706200000|100%| O|  |TAMS 0x0000000706000000, 0x0000000706200000| Untracked 
|  31|0x0000000706200000, 0x0000000706400000, 0x0000000706400000|100%| O|  |TAMS 0x0000000706200000, 0x0000000706200000| Untracked 
|  32|0x0000000706400000, 0x0000000706600000, 0x0000000706600000|100%| O|  |TAMS 0x0000000706400000, 0x0000000706400000| Untracked 
|  33|0x0000000706600000, 0x0000000706800000, 0x0000000706800000|100%| O|  |TAMS 0x0000000706600000, 0x0000000706600000| Untracked 
|  34|0x0000000706800000, 0x0000000706a00000, 0x0000000706a00000|100%| O|  |TAMS 0x0000000706800000, 0x0000000706800000| Untracked 
|  35|0x0000000706a00000, 0x0000000706c00000, 0x0000000706c00000|100%| O|  |TAMS 0x0000000706a00000, 0x0000000706a00000| Untracked 
|  36|0x0000000706c00000, 0x0000000706e00000, 0x0000000706e00000|100%| O|  |TAMS 0x0000000706c00000, 0x0000000706c00000| Untracked 
|  37|0x0000000706e00000, 0x0000000707000000, 0x0000000707000000|100%| O|  |TAMS 0x0000000706e00000, 0x0000000706e00000| Untracked 
|  38|0x0000000707000000, 0x0000000707200000, 0x0000000707200000|100%| O|  |TAMS 0x0000000707000000, 0x0000000707000000| Untracked 
|  39|0x0000000707200000, 0x0000000707240200, 0x0000000707400000| 12%| O|  |TAMS 0x0000000707200000, 0x0000000707200000| Untracked 
|  40|0x0000000707400000, 0x0000000707400000, 0x0000000707600000|  0%| F|  |TAMS 0x0000000707400000, 0x0000000707400000| Untracked 
|  41|0x0000000707600000, 0x0000000707600000, 0x0000000707800000|  0%| F|  |TAMS 0x0000000707600000, 0x0000000707600000| Untracked 
|  42|0x0000000707800000, 0x0000000707800000, 0x0000000707a00000|  0%| F|  |TAMS 0x0000000707800000, 0x0000000707800000| Untracked 
|  43|0x0000000707a00000, 0x0000000707a00000, 0x0000000707c00000|  0%| F|  |TAMS 0x0000000707a00000, 0x0000000707a00000| Untracked 
|  44|0x0000000707c00000, 0x0000000707c00000, 0x0000000707e00000|  0%| F|  |TAMS 0x0000000707c00000, 0x0000000707c00000| Untracked 
|  45|0x0000000707e00000, 0x0000000707e00000, 0x0000000708000000|  0%| F|  |TAMS 0x0000000707e00000, 0x0000000707e00000| Untracked 
|  46|0x0000000708000000, 0x0000000708000000, 0x0000000708200000|  0%| F|  |TAMS 0x0000000708000000, 0x0000000708000000| Untracked 
|  47|0x0000000708200000, 0x0000000708200000, 0x0000000708400000|  0%| F|  |TAMS 0x0000000708200000, 0x0000000708200000| Untracked 
|  48|0x0000000708400000, 0x0000000708400000, 0x0000000708600000|  0%| F|  |TAMS 0x0000000708400000, 0x0000000708400000| Untracked 
|  49|0x0000000708600000, 0x0000000708600000, 0x0000000708800000|  0%| F|  |TAMS 0x0000000708600000, 0x0000000708600000| Untracked 
|  50|0x0000000708800000, 0x0000000708800000, 0x0000000708a00000|  0%| F|  |TAMS 0x0000000708800000, 0x0000000708800000| Untracked 
|  51|0x0000000708a00000, 0x0000000708c00000, 0x0000000708c00000|100%| O|  |TAMS 0x0000000708c00000, 0x0000000708c00000| Untracked 
|  52|0x0000000708c00000, 0x0000000708c00000, 0x0000000708e00000|  0%| F|  |TAMS 0x0000000708c00000, 0x0000000708c00000| Untracked 
|  53|0x0000000708e00000, 0x0000000709000000, 0x0000000709000000|100%| O|  |TAMS 0x0000000709000000, 0x0000000709000000| Untracked 
|  54|0x0000000709000000, 0x0000000709200000, 0x0000000709200000|100%| O|  |TAMS 0x0000000709200000, 0x0000000709200000| Untracked 
|  55|0x0000000709200000, 0x0000000709400000, 0x0000000709400000|100%| O|  |TAMS 0x0000000709400000, 0x0000000709400000| Untracked 
|  56|0x0000000709400000, 0x0000000709600000, 0x0000000709600000|100%| O|  |TAMS 0x0000000709600000, 0x0000000709600000| Untracked 
|  57|0x0000000709600000, 0x0000000709800000, 0x0000000709800000|100%| O|  |TAMS 0x0000000709800000, 0x0000000709800000| Untracked 
|  58|0x0000000709800000, 0x0000000709a00000, 0x0000000709a00000|100%| O|  |TAMS 0x0000000709a00000, 0x0000000709a00000| Untracked 
|  59|0x0000000709a00000, 0x0000000709c00000, 0x0000000709c00000|100%| O|  |TAMS 0x0000000709c00000, 0x0000000709c00000| Untracked 
|  60|0x0000000709c00000, 0x0000000709e00000, 0x0000000709e00000|100%| O|  |TAMS 0x0000000709e00000, 0x0000000709e00000| Untracked 
|  61|0x0000000709e00000, 0x000000070a000000, 0x000000070a000000|100%| O|  |TAMS 0x0000000709f20200, 0x000000070a000000| Untracked 
|  62|0x000000070a000000, 0x000000070a200000, 0x000000070a200000|100%| O|  |TAMS 0x000000070a000000, 0x000000070a200000| Untracked 
|  63|0x000000070a200000, 0x000000070a400000, 0x000000070a400000|100%| O|  |TAMS 0x000000070a200000, 0x000000070a400000| Untracked 
|  64|0x000000070a400000, 0x000000070a600000, 0x000000070a600000|100%| O|  |TAMS 0x000000070a400000, 0x000000070a600000| Untracked 
|  65|0x000000070a600000, 0x000000070a800000, 0x000000070a800000|100%| O|  |TAMS 0x000000070a600000, 0x000000070a800000| Untracked 
|  66|0x000000070a800000, 0x000000070aa00000, 0x000000070aa00000|100%| O|  |TAMS 0x000000070a800000, 0x000000070aa00000| Untracked 
|  67|0x000000070aa00000, 0x000000070aa00000, 0x000000070ac00000|  0%| F|  |TAMS 0x000000070aa00000, 0x000000070aa00000| Untracked 
|  68|0x000000070ac00000, 0x000000070ac00000, 0x000000070ae00000|  0%| F|  |TAMS 0x000000070ac00000, 0x000000070ac00000| Untracked 
|  69|0x000000070ae00000, 0x000000070ae00000, 0x000000070b000000|  0%| F|  |TAMS 0x000000070ae00000, 0x000000070ae00000| Untracked 
|  70|0x000000070b000000, 0x000000070b000000, 0x000000070b200000|  0%| F|  |TAMS 0x000000070b000000, 0x000000070b000000| Untracked 
|  71|0x000000070b200000, 0x000000070b200000, 0x000000070b400000|  0%| F|  |TAMS 0x000000070b200000, 0x000000070b200000| Untracked 
|  72|0x000000070b400000, 0x000000070b400000, 0x000000070b600000|  0%| F|  |TAMS 0x000000070b400000, 0x000000070b400000| Untracked 
|  73|0x000000070b600000, 0x000000070b600000, 0x000000070b800000|  0%| F|  |TAMS 0x000000070b600000, 0x000000070b600000| Untracked 
|  74|0x000000070b800000, 0x000000070b800000, 0x000000070ba00000|  0%| F|  |TAMS 0x000000070b800000, 0x000000070b800000| Untracked 
|  75|0x000000070ba00000, 0x000000070ba00000, 0x000000070bc00000|  0%| F|  |TAMS 0x000000070ba00000, 0x000000070ba00000| Untracked 
|  76|0x000000070bc00000, 0x000000070bc00000, 0x000000070be00000|  0%| F|  |TAMS 0x000000070bc00000, 0x000000070bc00000| Untracked 
|  77|0x000000070be00000, 0x000000070be00000, 0x000000070c000000|  0%| F|  |TAMS 0x000000070be00000, 0x000000070be00000| Untracked 
|  78|0x000000070c000000, 0x000000070c000000, 0x000000070c200000|  0%| F|  |TAMS 0x000000070c000000, 0x000000070c000000| Untracked 
|  79|0x000000070c200000, 0x000000070c200000, 0x000000070c400000|  0%| F|  |TAMS 0x000000070c200000, 0x000000070c200000| Untracked 
|  80|0x000000070c400000, 0x000000070c400000, 0x000000070c600000|  0%| F|  |TAMS 0x000000070c400000, 0x000000070c400000| Untracked 
|  81|0x000000070c600000, 0x000000070c600000, 0x000000070c800000|  0%| F|  |TAMS 0x000000070c600000, 0x000000070c600000| Untracked 
|  82|0x000000070c800000, 0x000000070c800000, 0x000000070ca00000|  0%| F|  |TAMS 0x000000070c800000, 0x000000070c800000| Untracked 
|  83|0x000000070ca00000, 0x000000070ca00000, 0x000000070cc00000|  0%| F|  |TAMS 0x000000070ca00000, 0x000000070ca00000| Untracked 
|  84|0x000000070cc00000, 0x000000070cc00000, 0x000000070ce00000|  0%| F|  |TAMS 0x000000070cc00000, 0x000000070cc00000| Untracked 
|  85|0x000000070ce00000, 0x000000070ce00000, 0x000000070d000000|  0%| F|  |TAMS 0x000000070ce00000, 0x000000070ce00000| Untracked 
|  86|0x000000070d000000, 0x000000070d000000, 0x000000070d200000|  0%| F|  |TAMS 0x000000070d000000, 0x000000070d000000| Untracked 
|  87|0x000000070d200000, 0x000000070d200000, 0x000000070d400000|  0%| F|  |TAMS 0x000000070d200000, 0x000000070d200000| Untracked 
|  88|0x000000070d400000, 0x000000070d400000, 0x000000070d600000|  0%| F|  |TAMS 0x000000070d400000, 0x000000070d400000| Untracked 
|  89|0x000000070d600000, 0x000000070d600000, 0x000000070d800000|  0%| F|  |TAMS 0x000000070d600000, 0x000000070d600000| Untracked 
|  90|0x000000070d800000, 0x000000070d800000, 0x000000070da00000|  0%| F|  |TAMS 0x000000070d800000, 0x000000070d800000| Untracked 
|  91|0x000000070da00000, 0x000000070da00000, 0x000000070dc00000|  0%| F|  |TAMS 0x000000070da00000, 0x000000070da00000| Untracked 
|  92|0x000000070dc00000, 0x000000070dc00000, 0x000000070de00000|  0%| F|  |TAMS 0x000000070dc00000, 0x000000070dc00000| Untracked 
|  93|0x000000070de00000, 0x000000070de00000, 0x000000070e000000|  0%| F|  |TAMS 0x000000070de00000, 0x000000070de00000| Untracked 
|  94|0x000000070e000000, 0x000000070e000000, 0x000000070e200000|  0%| F|  |TAMS 0x000000070e000000, 0x000000070e000000| Untracked 
|  95|0x000000070e200000, 0x000000070e200000, 0x000000070e400000|  0%| F|  |TAMS 0x000000070e200000, 0x000000070e200000| Untracked 
|  96|0x000000070e400000, 0x000000070e400000, 0x000000070e600000|  0%| F|  |TAMS 0x000000070e400000, 0x000000070e400000| Untracked 
|  97|0x000000070e600000, 0x000000070e600000, 0x000000070e800000|  0%| F|  |TAMS 0x000000070e600000, 0x000000070e600000| Untracked 
|  98|0x000000070e800000, 0x000000070e800000, 0x000000070ea00000|  0%| F|  |TAMS 0x000000070e800000, 0x000000070e800000| Untracked 
|  99|0x000000070ea00000, 0x000000070ea00000, 0x000000070ec00000|  0%| F|  |TAMS 0x000000070ea00000, 0x000000070ea00000| Untracked 
| 100|0x000000070ec00000, 0x000000070ec00000, 0x000000070ee00000|  0%| F|  |TAMS 0x000000070ec00000, 0x000000070ec00000| Untracked 
| 101|0x000000070ee00000, 0x000000070f000000, 0x000000070f000000|100%| O|  |TAMS 0x000000070f000000, 0x000000070f000000| Untracked 
| 102|0x000000070f000000, 0x000000070f200000, 0x000000070f200000|100%| O|  |TAMS 0x000000070f000000, 0x000000070f200000| Untracked 
| 103|0x000000070f200000, 0x000000070f400000, 0x000000070f400000|100%| O|  |TAMS 0x000000070f200000, 0x000000070f400000| Untracked 
| 104|0x000000070f400000, 0x000000070f600000, 0x000000070f600000|100%| O|  |TAMS 0x000000070f400000, 0x000000070f600000| Untracked 
| 105|0x000000070f600000, 0x000000070f800000, 0x000000070f800000|100%| O|  |TAMS 0x000000070f600000, 0x000000070f800000| Untracked 
| 106|0x000000070f800000, 0x000000070fa00000, 0x000000070fa00000|100%| O|  |TAMS 0x000000070f800000, 0x000000070fa00000| Untracked 
| 107|0x000000070fa00000, 0x000000070faa0200, 0x000000070fc00000| 31%| O|  |TAMS 0x000000070fa00000, 0x000000070faa0200| Untracked 
| 108|0x000000070fc00000, 0x000000070fc00000, 0x000000070fe00000|  0%| F|  |TAMS 0x000000070fc00000, 0x000000070fc00000| Untracked 
| 109|0x000000070fe00000, 0x000000070fe00000, 0x0000000710000000|  0%| F|  |TAMS 0x000000070fe00000, 0x000000070fe00000| Untracked 
| 110|0x0000000710000000, 0x0000000710000000, 0x0000000710200000|  0%| F|  |TAMS 0x0000000710000000, 0x0000000710000000| Untracked 
| 111|0x0000000710200000, 0x0000000710200000, 0x0000000710400000|  0%| F|  |TAMS 0x0000000710200000, 0x0000000710200000| Untracked 
| 112|0x0000000710400000, 0x0000000710400000, 0x0000000710600000|  0%| F|  |TAMS 0x0000000710400000, 0x0000000710400000| Untracked 
| 113|0x0000000710600000, 0x0000000710600000, 0x0000000710800000|  0%| F|  |TAMS 0x0000000710600000, 0x0000000710600000| Untracked 
| 114|0x0000000710800000, 0x0000000710800000, 0x0000000710a00000|  0%| F|  |TAMS 0x0000000710800000, 0x0000000710800000| Untracked 
| 115|0x0000000710a00000, 0x0000000710a00000, 0x0000000710c00000|  0%| F|  |TAMS 0x0000000710a00000, 0x0000000710a00000| Untracked 
| 116|0x0000000710c00000, 0x0000000710c00000, 0x0000000710e00000|  0%| F|  |TAMS 0x0000000710c00000, 0x0000000710c00000| Untracked 
| 117|0x0000000710e00000, 0x0000000710e00000, 0x0000000711000000|  0%| F|  |TAMS 0x0000000710e00000, 0x0000000710e00000| Untracked 
| 118|0x0000000711000000, 0x0000000711000000, 0x0000000711200000|  0%| F|  |TAMS 0x0000000711000000, 0x0000000711000000| Untracked 
| 119|0x0000000711200000, 0x0000000711400000, 0x0000000711400000|100%| O|  |TAMS 0x0000000711400000, 0x0000000711400000| Untracked 
| 120|0x0000000711400000, 0x0000000711600000, 0x0000000711600000|100%| O|  |TAMS 0x0000000711600000, 0x0000000711600000| Untracked 
| 121|0x0000000711600000, 0x0000000711600000, 0x0000000711800000|  0%| F|  |TAMS 0x0000000711600000, 0x0000000711600000| Untracked 
| 122|0x0000000711800000, 0x0000000711800000, 0x0000000711a00000|  0%| F|  |TAMS 0x0000000711800000, 0x0000000711800000| Untracked 
| 123|0x0000000711a00000, 0x0000000711a00000, 0x0000000711c00000|  0%| F|  |TAMS 0x0000000711a00000, 0x0000000711a00000| Untracked 
| 124|0x0000000711c00000, 0x0000000711c00000, 0x0000000711e00000|  0%| F|  |TAMS 0x0000000711c00000, 0x0000000711c00000| Untracked 
| 125|0x0000000711e00000, 0x0000000711e00000, 0x0000000712000000|  0%| F|  |TAMS 0x0000000711e00000, 0x0000000711e00000| Untracked 
| 126|0x0000000712000000, 0x0000000712200000, 0x0000000712200000|100%|HS|  |TAMS 0x0000000712000000, 0x0000000712200000| Complete 
| 127|0x0000000712200000, 0x0000000712400000, 0x0000000712400000|100%|HC|  |TAMS 0x0000000712200000, 0x0000000712400000| Complete 
| 128|0x0000000712400000, 0x0000000712600000, 0x0000000712600000|100%|HC|  |TAMS 0x0000000712400000, 0x0000000712600000| Complete 
| 129|0x0000000712600000, 0x0000000712800000, 0x0000000712800000|100%|HC|  |TAMS 0x0000000712600000, 0x0000000712800000| Complete 
| 130|0x0000000712800000, 0x0000000712a00000, 0x0000000712a00000|100%|HC|  |TAMS 0x0000000712800000, 0x0000000712a00000| Complete 
| 131|0x0000000712a00000, 0x0000000712c00000, 0x0000000712c00000|100%|HC|  |TAMS 0x0000000712a00000, 0x0000000712c00000| Complete 
| 132|0x0000000712c00000, 0x0000000712e00000, 0x0000000712e00000|100%|HC|  |TAMS 0x0000000712c00000, 0x0000000712e00000| Complete 
| 133|0x0000000712e00000, 0x0000000713000000, 0x0000000713000000|100%|HC|  |TAMS 0x0000000712e00000, 0x0000000713000000| Complete 
| 134|0x0000000713000000, 0x0000000713200000, 0x0000000713200000|100%|HC|  |TAMS 0x0000000713000000, 0x0000000713200000| Complete 
| 135|0x0000000713200000, 0x0000000713400000, 0x0000000713400000|100%|HC|  |TAMS 0x0000000713200000, 0x0000000713400000| Complete 
| 136|0x0000000713400000, 0x0000000713600000, 0x0000000713600000|100%|HC|  |TAMS 0x0000000713400000, 0x0000000713600000| Complete 
| 137|0x0000000713600000, 0x0000000713800000, 0x0000000713800000|100%|HC|  |TAMS 0x0000000713600000, 0x0000000713800000| Complete 
| 138|0x0000000713800000, 0x0000000713a00000, 0x0000000713a00000|100%|HC|  |TAMS 0x0000000713800000, 0x0000000713a00000| Complete 
| 139|0x0000000713a00000, 0x0000000713c00000, 0x0000000713c00000|100%|HC|  |TAMS 0x0000000713a00000, 0x0000000713c00000| Complete 
| 140|0x0000000713c00000, 0x0000000713e00000, 0x0000000713e00000|100%|HC|  |TAMS 0x0000000713c00000, 0x0000000713e00000| Complete 
| 141|0x0000000713e00000, 0x0000000714000000, 0x0000000714000000|100%|HC|  |TAMS 0x0000000713e00000, 0x0000000714000000| Complete 
| 142|0x0000000714000000, 0x0000000714200000, 0x0000000714200000|100%|HC|  |TAMS 0x0000000714000000, 0x0000000714200000| Complete 
| 143|0x0000000714200000, 0x0000000714400000, 0x0000000714400000|100%|HC|  |TAMS 0x0000000714200000, 0x0000000714400000| Complete 
| 144|0x0000000714400000, 0x0000000714600000, 0x0000000714600000|100%|HC|  |TAMS 0x0000000714400000, 0x0000000714600000| Complete 
| 145|0x0000000714600000, 0x0000000714800000, 0x0000000714800000|100%|HC|  |TAMS 0x0000000714600000, 0x0000000714800000| Complete 
| 146|0x0000000714800000, 0x0000000714a00000, 0x0000000714a00000|100%|HC|  |TAMS 0x0000000714800000, 0x0000000714a00000| Complete 
| 147|0x0000000714a00000, 0x0000000714c00000, 0x0000000714c00000|100%|HC|  |TAMS 0x0000000714a00000, 0x0000000714c00000| Complete 
| 148|0x0000000714c00000, 0x0000000714e00000, 0x0000000714e00000|100%|HC|  |TAMS 0x0000000714c00000, 0x0000000714e00000| Complete 
| 149|0x0000000714e00000, 0x0000000715000000, 0x0000000715000000|100%|HC|  |TAMS 0x0000000714e00000, 0x0000000715000000| Complete 
| 150|0x0000000715000000, 0x0000000715000000, 0x0000000715200000|  0%| F|  |TAMS 0x0000000715000000, 0x0000000715000000| Untracked 
| 151|0x0000000715200000, 0x0000000715200000, 0x0000000715400000|  0%| F|  |TAMS 0x0000000715200000, 0x0000000715200000| Untracked 
| 152|0x0000000715400000, 0x0000000715400000, 0x0000000715600000|  0%| F|  |TAMS 0x0000000715400000, 0x0000000715400000| Untracked 
| 153|0x0000000715600000, 0x0000000715600000, 0x0000000715800000|  0%| F|  |TAMS 0x0000000715600000, 0x0000000715600000| Untracked 
| 154|0x0000000715800000, 0x0000000715800000, 0x0000000715a00000|  0%| F|  |TAMS 0x0000000715800000, 0x0000000715800000| Untracked 
| 155|0x0000000715a00000, 0x0000000715a00000, 0x0000000715c00000|  0%| F|  |TAMS 0x0000000715a00000, 0x0000000715a00000| Untracked 
| 156|0x0000000715c00000, 0x0000000715c00000, 0x0000000715e00000|  0%| F|  |TAMS 0x0000000715c00000, 0x0000000715c00000| Untracked 
| 157|0x0000000715e00000, 0x0000000715e00000, 0x0000000716000000|  0%| F|  |TAMS 0x0000000715e00000, 0x0000000715e00000| Untracked 
| 158|0x0000000716000000, 0x0000000716000000, 0x0000000716200000|  0%| F|  |TAMS 0x0000000716000000, 0x0000000716000000| Untracked 
| 159|0x0000000716200000, 0x0000000716200000, 0x0000000716400000|  0%| F|  |TAMS 0x0000000716200000, 0x0000000716200000| Untracked 
| 160|0x0000000716400000, 0x0000000716400000, 0x0000000716600000|  0%| F|  |TAMS 0x0000000716400000, 0x0000000716400000| Untracked 
| 161|0x0000000716600000, 0x0000000716600000, 0x0000000716800000|  0%| F|  |TAMS 0x0000000716600000, 0x0000000716600000| Untracked 
| 162|0x0000000716800000, 0x0000000716800000, 0x0000000716a00000|  0%| F|  |TAMS 0x0000000716800000, 0x0000000716800000| Untracked 
| 163|0x0000000716a00000, 0x0000000716a00000, 0x0000000716c00000|  0%| F|  |TAMS 0x0000000716a00000, 0x0000000716a00000| Untracked 
| 164|0x0000000716c00000, 0x0000000716c00000, 0x0000000716e00000|  0%| F|  |TAMS 0x0000000716c00000, 0x0000000716c00000| Untracked 
| 165|0x0000000716e00000, 0x0000000716e00000, 0x0000000717000000|  0%| F|  |TAMS 0x0000000716e00000, 0x0000000716e00000| Untracked 
| 166|0x0000000717000000, 0x0000000717000000, 0x0000000717200000|  0%| F|  |TAMS 0x0000000717000000, 0x0000000717000000| Untracked 
| 167|0x0000000717200000, 0x0000000717200000, 0x0000000717400000|  0%| F|  |TAMS 0x0000000717200000, 0x0000000717200000| Untracked 
| 168|0x0000000717400000, 0x0000000717400000, 0x0000000717600000|  0%| F|  |TAMS 0x0000000717400000, 0x0000000717400000| Untracked 
| 169|0x0000000717600000, 0x0000000717600000, 0x0000000717800000|  0%| F|  |TAMS 0x0000000717600000, 0x0000000717600000| Untracked 
| 170|0x0000000717800000, 0x0000000717800000, 0x0000000717a00000|  0%| F|  |TAMS 0x0000000717800000, 0x0000000717800000| Untracked 
| 171|0x0000000717a00000, 0x0000000717a00000, 0x0000000717c00000|  0%| F|  |TAMS 0x0000000717a00000, 0x0000000717a00000| Untracked 
| 172|0x0000000717c00000, 0x0000000717c00000, 0x0000000717e00000|  0%| F|  |TAMS 0x0000000717c00000, 0x0000000717c00000| Untracked 
| 173|0x0000000717e00000, 0x0000000717e00000, 0x0000000718000000|  0%| F|  |TAMS 0x0000000717e00000, 0x0000000717e00000| Untracked 
| 174|0x0000000718000000, 0x0000000718000000, 0x0000000718200000|  0%| F|  |TAMS 0x0000000718000000, 0x0000000718000000| Untracked 
| 175|0x0000000718200000, 0x0000000718200000, 0x0000000718400000|  0%| F|  |TAMS 0x0000000718200000, 0x0000000718200000| Untracked 
| 176|0x0000000718400000, 0x0000000718400000, 0x0000000718600000|  0%| F|  |TAMS 0x0000000718400000, 0x0000000718400000| Untracked 
| 177|0x0000000718600000, 0x0000000718600000, 0x0000000718800000|  0%| F|  |TAMS 0x0000000718600000, 0x0000000718600000| Untracked 
| 178|0x0000000718800000, 0x0000000718800000, 0x0000000718a00000|  0%| F|  |TAMS 0x0000000718800000, 0x0000000718800000| Untracked 
| 179|0x0000000718a00000, 0x0000000718a00000, 0x0000000718c00000|  0%| F|  |TAMS 0x0000000718a00000, 0x0000000718a00000| Untracked 
| 180|0x0000000718c00000, 0x0000000718c00000, 0x0000000718e00000|  0%| F|  |TAMS 0x0000000718c00000, 0x0000000718c00000| Untracked 
| 181|0x0000000718e00000, 0x0000000718e00000, 0x0000000719000000|  0%| F|  |TAMS 0x0000000718e00000, 0x0000000718e00000| Untracked 
| 182|0x0000000719000000, 0x0000000719000000, 0x0000000719200000|  0%| F|  |TAMS 0x0000000719000000, 0x0000000719000000| Untracked 
| 183|0x0000000719200000, 0x0000000719200000, 0x0000000719400000|  0%| F|  |TAMS 0x0000000719200000, 0x0000000719200000| Untracked 
| 184|0x0000000719400000, 0x0000000719400000, 0x0000000719600000|  0%| F|  |TAMS 0x0000000719400000, 0x0000000719400000| Untracked 
| 185|0x0000000719600000, 0x0000000719600000, 0x0000000719800000|  0%| F|  |TAMS 0x0000000719600000, 0x0000000719600000| Untracked 
| 186|0x0000000719800000, 0x0000000719800000, 0x0000000719a00000|  0%| F|  |TAMS 0x0000000719800000, 0x0000000719800000| Untracked 
| 187|0x0000000719a00000, 0x0000000719a00000, 0x0000000719c00000|  0%| F|  |TAMS 0x0000000719a00000, 0x0000000719a00000| Untracked 
| 188|0x0000000719c00000, 0x0000000719e00000, 0x0000000719e00000|100%| S|CS|TAMS 0x0000000719c00000, 0x0000000719c00000| Complete 
| 189|0x0000000719e00000, 0x000000071a000000, 0x000000071a000000|100%| S|CS|TAMS 0x0000000719e00000, 0x0000000719e00000| Complete 
| 190|0x000000071a000000, 0x000000071a200000, 0x000000071a200000|100%| S|CS|TAMS 0x000000071a000000, 0x000000071a000000| Complete 
| 191|0x000000071a200000, 0x000000071a400000, 0x000000071a400000|100%| S|CS|TAMS 0x000000071a200000, 0x000000071a200000| Complete 
| 192|0x000000071a400000, 0x000000071a600000, 0x000000071a600000|100%| S|CS|TAMS 0x000000071a400000, 0x000000071a400000| Complete 
| 193|0x000000071a600000, 0x000000071a800000, 0x000000071a800000|100%| S|CS|TAMS 0x000000071a600000, 0x000000071a600000| Complete 
| 194|0x000000071a800000, 0x000000071aa00000, 0x000000071aa00000|100%| S|CS|TAMS 0x000000071a800000, 0x000000071a800000| Complete 
| 195|0x000000071aa00000, 0x000000071aa00000, 0x000000071ac00000|  0%| F|  |TAMS 0x000000071aa00000, 0x000000071aa00000| Untracked 
| 196|0x000000071ac00000, 0x000000071ac00000, 0x000000071ae00000|  0%| F|  |TAMS 0x000000071ac00000, 0x000000071ac00000| Untracked 
| 197|0x000000071ae00000, 0x000000071ae00000, 0x000000071b000000|  0%| F|  |TAMS 0x000000071ae00000, 0x000000071ae00000| Untracked 
| 198|0x000000071b000000, 0x000000071b000000, 0x000000071b200000|  0%| F|  |TAMS 0x000000071b000000, 0x000000071b000000| Untracked 
| 199|0x000000071b200000, 0x000000071b200000, 0x000000071b400000|  0%| F|  |TAMS 0x000000071b200000, 0x000000071b200000| Untracked 
| 200|0x000000071b400000, 0x000000071b400000, 0x000000071b600000|  0%| F|  |TAMS 0x000000071b400000, 0x000000071b400000| Untracked 
| 201|0x000000071b600000, 0x000000071b600000, 0x000000071b800000|  0%| F|  |TAMS 0x000000071b600000, 0x000000071b600000| Untracked 
| 202|0x000000071b800000, 0x000000071b800000, 0x000000071ba00000|  0%| F|  |TAMS 0x000000071b800000, 0x000000071b800000| Untracked 
| 203|0x000000071ba00000, 0x000000071ba00000, 0x000000071bc00000|  0%| F|  |TAMS 0x000000071ba00000, 0x000000071ba00000| Untracked 
| 204|0x000000071bc00000, 0x000000071bc00000, 0x000000071be00000|  0%| F|  |TAMS 0x000000071bc00000, 0x000000071bc00000| Untracked 
| 205|0x000000071be00000, 0x000000071be00000, 0x000000071c000000|  0%| F|  |TAMS 0x000000071be00000, 0x000000071be00000| Untracked 
| 206|0x000000071c000000, 0x000000071c000000, 0x000000071c200000|  0%| F|  |TAMS 0x000000071c000000, 0x000000071c000000| Untracked 
| 207|0x000000071c200000, 0x000000071c200000, 0x000000071c400000|  0%| F|  |TAMS 0x000000071c200000, 0x000000071c200000| Untracked 
| 208|0x000000071c400000, 0x000000071c400000, 0x000000071c600000|  0%| F|  |TAMS 0x000000071c400000, 0x000000071c400000| Untracked 
| 209|0x000000071c600000, 0x000000071c600000, 0x000000071c800000|  0%| F|  |TAMS 0x000000071c600000, 0x000000071c600000| Untracked 
| 210|0x000000071c800000, 0x000000071c800000, 0x000000071ca00000|  0%| F|  |TAMS 0x000000071c800000, 0x000000071c800000| Untracked 
| 211|0x000000071ca00000, 0x000000071ca00000, 0x000000071cc00000|  0%| F|  |TAMS 0x000000071ca00000, 0x000000071ca00000| Untracked 
| 212|0x000000071cc00000, 0x000000071cc00000, 0x000000071ce00000|  0%| F|  |TAMS 0x000000071cc00000, 0x000000071cc00000| Untracked 
| 213|0x000000071ce00000, 0x000000071ce00000, 0x000000071d000000|  0%| F|  |TAMS 0x000000071ce00000, 0x000000071ce00000| Untracked 
| 214|0x000000071d000000, 0x000000071d000000, 0x000000071d200000|  0%| F|  |TAMS 0x000000071d000000, 0x000000071d000000| Untracked 
| 215|0x000000071d200000, 0x000000071d200000, 0x000000071d400000|  0%| F|  |TAMS 0x000000071d200000, 0x000000071d200000| Untracked 
| 216|0x000000071d400000, 0x000000071d400000, 0x000000071d600000|  0%| F|  |TAMS 0x000000071d400000, 0x000000071d400000| Untracked 
| 217|0x000000071d600000, 0x000000071d600000, 0x000000071d800000|  0%| F|  |TAMS 0x000000071d600000, 0x000000071d600000| Untracked 
| 218|0x000000071d800000, 0x000000071d800000, 0x000000071da00000|  0%| F|  |TAMS 0x000000071d800000, 0x000000071d800000| Untracked 
| 219|0x000000071da00000, 0x000000071da00000, 0x000000071dc00000|  0%| F|  |TAMS 0x000000071da00000, 0x000000071da00000| Untracked 
| 220|0x000000071dc00000, 0x000000071dc00000, 0x000000071de00000|  0%| F|  |TAMS 0x000000071dc00000, 0x000000071dc00000| Untracked 
| 221|0x000000071de00000, 0x000000071de00000, 0x000000071e000000|  0%| F|  |TAMS 0x000000071de00000, 0x000000071de00000| Untracked 
| 222|0x000000071e000000, 0x000000071e000000, 0x000000071e200000|  0%| F|  |TAMS 0x000000071e000000, 0x000000071e000000| Untracked 
| 223|0x000000071e200000, 0x000000071e200000, 0x000000071e400000|  0%| F|  |TAMS 0x000000071e200000, 0x000000071e200000| Untracked 
| 224|0x000000071e400000, 0x000000071e400000, 0x000000071e600000|  0%| F|  |TAMS 0x000000071e400000, 0x000000071e400000| Untracked 
| 225|0x000000071e600000, 0x000000071e600000, 0x000000071e800000|  0%| F|  |TAMS 0x000000071e600000, 0x000000071e600000| Untracked 
| 226|0x000000071e800000, 0x000000071e800000, 0x000000071ea00000|  0%| F|  |TAMS 0x000000071e800000, 0x000000071e800000| Untracked 
| 227|0x000000071ea00000, 0x000000071ea00000, 0x000000071ec00000|  0%| F|  |TAMS 0x000000071ea00000, 0x000000071ea00000| Untracked 
| 228|0x000000071ec00000, 0x000000071ec00000, 0x000000071ee00000|  0%| F|  |TAMS 0x000000071ec00000, 0x000000071ec00000| Untracked 
| 229|0x000000071ee00000, 0x000000071ee00000, 0x000000071f000000|  0%| F|  |TAMS 0x000000071ee00000, 0x000000071ee00000| Untracked 
| 230|0x000000071f000000, 0x000000071f000000, 0x000000071f200000|  0%| F|  |TAMS 0x000000071f000000, 0x000000071f000000| Untracked 
| 231|0x000000071f200000, 0x000000071f200000, 0x000000071f400000|  0%| F|  |TAMS 0x000000071f200000, 0x000000071f200000| Untracked 
| 232|0x000000071f400000, 0x000000071f400000, 0x000000071f600000|  0%| F|  |TAMS 0x000000071f400000, 0x000000071f400000| Untracked 
| 233|0x000000071f600000, 0x000000071f600000, 0x000000071f800000|  0%| F|  |TAMS 0x000000071f600000, 0x000000071f600000| Untracked 
| 234|0x000000071f800000, 0x000000071f800000, 0x000000071fa00000|  0%| F|  |TAMS 0x000000071f800000, 0x000000071f800000| Untracked 
| 235|0x000000071fa00000, 0x000000071fa00000, 0x000000071fc00000|  0%| F|  |TAMS 0x000000071fa00000, 0x000000071fa00000| Untracked 
| 236|0x000000071fc00000, 0x000000071fc00000, 0x000000071fe00000|  0%| F|  |TAMS 0x000000071fc00000, 0x000000071fc00000| Untracked 
| 237|0x000000071fe00000, 0x000000071fe00000, 0x0000000720000000|  0%| F|  |TAMS 0x000000071fe00000, 0x000000071fe00000| Untracked 
| 238|0x0000000720000000, 0x0000000720000000, 0x0000000720200000|  0%| F|  |TAMS 0x0000000720000000, 0x0000000720000000| Untracked 
| 239|0x0000000720200000, 0x0000000720200000, 0x0000000720400000|  0%| F|  |TAMS 0x0000000720200000, 0x0000000720200000| Untracked 
| 240|0x0000000720400000, 0x0000000720400000, 0x0000000720600000|  0%| F|  |TAMS 0x0000000720400000, 0x0000000720400000| Untracked 
| 241|0x0000000720600000, 0x0000000720600000, 0x0000000720800000|  0%| F|  |TAMS 0x0000000720600000, 0x0000000720600000| Untracked 
| 242|0x0000000720800000, 0x0000000720800000, 0x0000000720a00000|  0%| F|  |TAMS 0x0000000720800000, 0x0000000720800000| Untracked 
| 243|0x0000000720a00000, 0x0000000720a00000, 0x0000000720c00000|  0%| F|  |TAMS 0x0000000720a00000, 0x0000000720a00000| Untracked 
| 244|0x0000000720c00000, 0x0000000720c00000, 0x0000000720e00000|  0%| F|  |TAMS 0x0000000720c00000, 0x0000000720c00000| Untracked 
| 245|0x0000000720e00000, 0x0000000720e00000, 0x0000000721000000|  0%| F|  |TAMS 0x0000000720e00000, 0x0000000720e00000| Untracked 
| 246|0x0000000721000000, 0x0000000721000000, 0x0000000721200000|  0%| F|  |TAMS 0x0000000721000000, 0x0000000721000000| Untracked 
| 247|0x0000000721200000, 0x0000000721200000, 0x0000000721400000|  0%| F|  |TAMS 0x0000000721200000, 0x0000000721200000| Untracked 
| 248|0x0000000721400000, 0x0000000721400000, 0x0000000721600000|  0%| F|  |TAMS 0x0000000721400000, 0x0000000721400000| Untracked 
| 249|0x0000000721600000, 0x0000000721600000, 0x0000000721800000|  0%| F|  |TAMS 0x0000000721600000, 0x0000000721600000| Untracked 
| 250|0x0000000721800000, 0x0000000721800000, 0x0000000721a00000|  0%| F|  |TAMS 0x0000000721800000, 0x0000000721800000| Untracked 
| 251|0x0000000721a00000, 0x0000000721a00000, 0x0000000721c00000|  0%| F|  |TAMS 0x0000000721a00000, 0x0000000721a00000| Untracked 
|2027|0x00000007ffa00000, 0x00000007ffa00000, 0x00000007ffc00000|  0%| F|  |TAMS 0x00000007ffa00000, 0x00000007ffa00000| Untracked 
|2029|0x00000007ffe00000, 0x00000007ffe00000, 0x0000000800000000|  0%| F|  |TAMS 0x00000007ffe00000, 0x00000007ffe00000| Untracked 

Card table byte_map: [0x000001f54b920000,0x000001f54c110000] _byte_map_base: 0x000001f54810e000

Marking Bits (Prev, Next): (CMBitMap*) 0x000001f538fc4eb0, (CMBitMap*) 0x000001f538fc4ef0
 Prev Bits: [0x000001f54c900000, 0x000001f550870000)
 Next Bits: [0x000001f550870000, 0x000001f5547e0000)

Polling page: 0x000001f536eb0000

Metaspace:

Usage:
  Non-class:     34.67 MB used.
      Class:      4.80 MB used.
       Both:     39.47 MB used.

Virtual space:
  Non-class space:       64.00 MB reserved,      34.94 MB ( 55%) committed,  1 nodes.
      Class space:        1.00 GB reserved,       5.06 MB ( <1%) committed,  1 nodes.
             Both:        1.06 GB reserved,      40.00 MB (  4%) committed. 

Chunk freelists:
   Non-Class:  12.92 MB
       Class:  10.98 MB
        Both:  23.90 MB

MaxMetaspaceSize: unlimited
CompressedClassSpaceSize: 1.00 GB
Initial GC threshold: 21.00 MB
Current GC threshold: 66.19 MB
CDS: off
MetaspaceReclaimPolicy: balanced
 - commit_granule_bytes: 65536.
 - commit_granule_words: 8192.
 - virtual_space_node_default_size: 8388608.
 - enlarge_chunks_in_place: 1.
 - new_chunks_are_fully_committed: 0.
 - uncommit_free_chunks: 1.
 - use_allocation_guard: 0.
 - handle_deallocations: 1.


Internal statistics:

num_allocs_failed_limit: 8.
num_arena_births: 672.
num_arena_deaths: 8.
num_vsnodes_births: 2.
num_vsnodes_deaths: 0.
num_space_committed: 640.
num_space_uncommitted: 0.
num_chunks_returned_to_freelist: 19.
num_chunks_taken_from_freelist: 1955.
num_chunk_merges: 11.
num_chunk_splits: 1290.
num_chunks_enlarged: 880.
num_inconsistent_stats: 0.

CodeHeap 'non-profiled nmethods': size=120000Kb used=2793Kb max_used=2793Kb free=117206Kb
 bounds [0x000001f5436b0000, 0x000001f543970000, 0x000001f54abe0000]
CodeHeap 'profiled nmethods': size=120000Kb used=9849Kb max_used=9849Kb free=110150Kb
 bounds [0x000001f53bbe0000, 0x000001f53c580000, 0x000001f543110000]
CodeHeap 'non-nmethods': size=5760Kb used=1250Kb max_used=1295Kb free=4509Kb
 bounds [0x000001f543110000, 0x000001f543380000, 0x000001f5436b0000]
 total_blobs=5341 nmethods=4781 adapters=471
 compilation: enabled
              stopped_count=0, restarted_count=0
 full_count=0

Compilation events (20 events):
Event: 434.802 Thread 0x000001f55754f840 4777       3       com.fasterxml.jackson.core.type.ResolvedType::isReferenceType (13 bytes)
Event: 434.802 Thread 0x000001f55754f840 nmethod 4777 0x000001f53c573c90 code [0x000001f53c573e40, 0x000001f53c574118]
Event: 434.802 Thread 0x000001f55754f840 4765       3       java.lang.reflect.Method::setAccessible (21 bytes)
Event: 434.802 Thread 0x000001f55754f840 nmethod 4765 0x000001f53c574210 code [0x000001f53c574400, 0x000001f53c5749c8]
Event: 434.802 Thread 0x000001f55754f840 4766       3       java.lang.reflect.Method::checkCanSetAccessible (10 bytes)
Event: 434.803 Thread 0x000001f55754f840 nmethod 4766 0x000001f53c574c10 code [0x000001f53c574dc0, 0x000001f53c574f68]
Event: 434.803 Thread 0x000001f55754f840 4778       3       java.lang.reflect.Executable::sharedGetParameterAnnotations (96 bytes)
Event: 434.803 Thread 0x000001f55754f840 nmethod 4778 0x000001f53c575090 code [0x000001f53c575320, 0x000001f53c576078]
Event: 434.803 Thread 0x000001f55754f840 4773       3       java.lang.Class::getDeclaredConstructors (27 bytes)
Event: 434.804 Thread 0x000001f55754f840 nmethod 4773 0x000001f53c576510 code [0x000001f53c576700, 0x000001f53c576a18]
Event: 434.804 Thread 0x000001f55754f840 4775       1       com.fasterxml.jackson.databind.type.CollectionLikeType::isCollectionLikeType (2 bytes)
Event: 434.804 Thread 0x000001f55754f840 nmethod 4775 0x000001f543969f10 code [0x000001f54396a0a0, 0x000001f54396a178]
Event: 434.804 Thread 0x000001f55754f840 4774       1       sun.reflect.generics.scope.AbstractScope::getRecvr (5 bytes)
Event: 434.804 Thread 0x000001f55754f840 nmethod 4774 0x000001f54396a210 code [0x000001f54396a3a0, 0x000001f54396a478]
Event: 434.807 Thread 0x000001f55754f840 4780       3       com.fasterxml.jackson.core.json.UTF8StreamJsonParser::addName (536 bytes)
Event: 434.808 Thread 0x000001f55754f840 nmethod 4780 0x000001f53c576b90 code [0x000001f53c5770c0, 0x000001f53c579ee8]
Event: 434.808 Thread 0x000001f55754f840 4781       3       com.fasterxml.jackson.core.StreamReadConstraints::validateNameLength (46 bytes)
Event: 434.809 Thread 0x000001f55754f840 nmethod 4781 0x000001f53c57b010 code [0x000001f53c57b380, 0x000001f53c57cb68]
Event: 434.809 Thread 0x000001f55754f840 4782       3       com.fasterxml.jackson.core.sym.ByteQuadsCanonicalizer::addName (277 bytes)
Event: 434.810 Thread 0x000001f55754f840 nmethod 4782 0x000001f53c57d390 code [0x000001f53c57d620, 0x000001f53c57e058]

GC Heap History (20 events):
Event: 29.176 GC heap after
{Heap after GC invocations=24 (full 0):
 garbage-first heap   total 389120K, used 267264K [0x0000000702400000, 0x0000000800000000)
  region size 2048K, 3 young (6144K), 3 survivors (6144K)
 Metaspace       used 39891K, committed 40384K, reserved 1114112K
  class space    used 4895K, committed 5120K, reserved 1048576K
}
Event: 418.613 GC heap before
{Heap before GC invocations=25 (full 0):
 garbage-first heap   total 389120K, used 149760K [0x0000000702400000, 0x0000000800000000)
  region size 2048K, 14 young (28672K), 3 survivors (6144K)
 Metaspace       used 40130K, committed 40576K, reserved 1114112K
  class space    used 4901K, committed 5120K, reserved 1048576K
}
Event: 418.617 GC heap after
{Heap after GC invocations=26 (full 0):
 garbage-first heap   total 389120K, used 136788K [0x0000000702400000, 0x0000000800000000)
  region size 2048K, 2 young (4096K), 2 survivors (4096K)
 Metaspace       used 40130K, committed 40576K, reserved 1114112K
  class space    used 4901K, committed 5120K, reserved 1048576K
}
Event: 418.829 GC heap before
{Heap before GC invocations=26 (full 0):
 garbage-first heap   total 389120K, used 216660K [0x0000000702400000, 0x0000000800000000)
  region size 2048K, 42 young (86016K), 2 survivors (4096K)
 Metaspace       used 40130K, committed 40576K, reserved 1114112K
  class space    used 4901K, committed 5120K, reserved 1048576K
}
Event: 418.841 GC heap after
{Heap after GC invocations=27 (full 0):
 garbage-first heap   total 389120K, used 218496K [0x0000000702400000, 0x0000000800000000)
  region size 2048K, 6 young (12288K), 6 survivors (12288K)
 Metaspace       used 40130K, committed 40576K, reserved 1114112K
  class space    used 4901K, committed 5120K, reserved 1048576K
}
Event: 418.872 GC heap before
{Heap before GC invocations=27 (full 0):
 garbage-first heap   total 389120K, used 228736K [0x0000000702400000, 0x0000000800000000)
  region size 2048K, 13 young (26624K), 6 survivors (12288K)
 Metaspace       used 40130K, committed 40576K, reserved 1114112K
  class space    used 4901K, committed 5120K, reserved 1048576K
}
Event: 418.877 GC heap after
{Heap after GC invocations=28 (full 0):
 garbage-first heap   total 555008K, used 231424K [0x0000000702400000, 0x0000000800000000)
  region size 2048K, 4 young (8192K), 4 survivors (8192K)
 Metaspace       used 40130K, committed 40576K, reserved 1114112K
  class space    used 4901K, committed 5120K, reserved 1048576K
}
Event: 418.888 GC heap before
{Heap before GC invocations=28 (full 0):
 garbage-first heap   total 555008K, used 280576K [0x0000000702400000, 0x0000000800000000)
  region size 2048K, 6 young (12288K), 4 survivors (8192K)
 Metaspace       used 40130K, committed 40576K, reserved 1114112K
  class space    used 4901K, committed 5120K, reserved 1048576K
}
Event: 418.891 GC heap after
{Heap after GC invocations=29 (full 0):
 garbage-first heap   total 555008K, used 283008K [0x0000000702400000, 0x0000000800000000)
  region size 2048K, 2 young (4096K), 2 survivors (4096K)
 Metaspace       used 40130K, committed 40576K, reserved 1114112K
  class space    used 4901K, committed 5120K, reserved 1048576K
}
Event: 434.047 GC heap before
{Heap before GC invocations=30 (full 0):
 garbage-first heap   total 555008K, used 352640K [0x0000000702400000, 0x0000000800000000)
  region size 2048K, 35 young (71680K), 2 survivors (4096K)
 Metaspace       used 40216K, committed 40704K, reserved 1114112K
  class space    used 4902K, committed 5120K, reserved 1048576K
}
Event: 434.050 GC heap after
{Heap after GC invocations=31 (full 0):
 garbage-first heap   total 555008K, used 239730K [0x0000000702400000, 0x0000000800000000)
  region size 2048K, 3 young (6144K), 3 survivors (6144K)
 Metaspace       used 40216K, committed 40704K, reserved 1114112K
  class space    used 4902K, committed 5120K, reserved 1048576K
}
Event: 434.121 GC heap before
{Heap before GC invocations=31 (full 0):
 garbage-first heap   total 555008K, used 258162K [0x0000000702400000, 0x0000000800000000)
  region size 2048K, 13 young (26624K), 3 survivors (6144K)
 Metaspace       used 40216K, committed 40704K, reserved 1114112K
  class space    used 4902K, committed 5120K, reserved 1048576K
}
Event: 434.125 GC heap after
{Heap after GC invocations=32 (full 0):
 garbage-first heap   total 555008K, used 256384K [0x0000000702400000, 0x0000000800000000)
  region size 2048K, 2 young (4096K), 2 survivors (4096K)
 Metaspace       used 40216K, committed 40704K, reserved 1114112K
  class space    used 4902K, committed 5120K, reserved 1048576K
}
Event: 434.236 GC heap before
{Heap before GC invocations=32 (full 0):
 garbage-first heap   total 555008K, used 285056K [0x0000000702400000, 0x0000000800000000)
  region size 2048K, 18 young (36864K), 2 survivors (4096K)
 Metaspace       used 40216K, committed 40704K, reserved 1114112K
  class space    used 4902K, committed 5120K, reserved 1048576K
}
Event: 434.241 GC heap after
{Heap after GC invocations=33 (full 0):
 garbage-first heap   total 555008K, used 288640K [0x0000000702400000, 0x0000000800000000)
  region size 2048K, 6 young (12288K), 6 survivors (12288K)
 Metaspace       used 40216K, committed 40704K, reserved 1114112K
  class space    used 4902K, committed 5120K, reserved 1048576K
}
Event: 434.685 GC heap before
{Heap before GC invocations=34 (full 0):
 garbage-first heap   total 458752K, used 251776K [0x0000000702400000, 0x0000000800000000)
  region size 2048K, 41 young (83968K), 6 survivors (12288K)
 Metaspace       used 40388K, committed 40896K, reserved 1114112K
  class space    used 4914K, committed 5184K, reserved 1048576K
}
Event: 434.687 GC heap after
{Heap after GC invocations=35 (full 0):
 garbage-first heap   total 458752K, used 127964K [0x0000000702400000, 0x0000000800000000)
  region size 2048K, 4 young (8192K), 4 survivors (8192K)
 Metaspace       used 40388K, committed 40896K, reserved 1114112K
  class space    used 4914K, committed 5184K, reserved 1048576K
}
Event: 434.734 GC heap before
{Heap before GC invocations=35 (full 0):
 garbage-first heap   total 458752K, used 140252K [0x0000000702400000, 0x0000000800000000)
  region size 2048K, 11 young (22528K), 4 survivors (8192K)
 Metaspace       used 40388K, committed 40896K, reserved 1114112K
  class space    used 4914K, committed 5184K, reserved 1048576K
}
Event: 434.737 GC heap after
{Heap after GC invocations=36 (full 0):
 garbage-first heap   total 458752K, used 140928K [0x0000000702400000, 0x0000000800000000)
  region size 2048K, 2 young (4096K), 2 survivors (4096K)
 Metaspace       used 40388K, committed 40896K, reserved 1114112K
  class space    used 4914K, committed 5184K, reserved 1048576K
}
Event: 434.857 GC heap before
{Heap before GC invocations=36 (full 0):
 garbage-first heap   total 458752K, used 192128K [0x0000000702400000, 0x0000000800000000)
  region size 2048K, 29 young (59392K), 2 survivors (4096K)
 Metaspace       used 40413K, committed 40960K, reserved 1114112K
  class space    used 4915K, committed 5184K, reserved 1048576K
}

Dll operation events (9 events):
Event: 0.007 Loaded shared library C:\Users\Badr\.vscode\extensions\redhat.java-1.37.0-win32-x64\jre\17.0.13-win32-x86_64\bin\java.dll
Event: 0.112 Loaded shared library C:\Users\Badr\.vscode\extensions\redhat.java-1.37.0-win32-x64\jre\17.0.13-win32-x86_64\bin\net.dll
Event: 0.114 Loaded shared library C:\Users\Badr\.vscode\extensions\redhat.java-1.37.0-win32-x64\jre\17.0.13-win32-x86_64\bin\nio.dll
Event: 0.120 Loaded shared library C:\Users\Badr\.vscode\extensions\redhat.java-1.37.0-win32-x64\jre\17.0.13-win32-x86_64\bin\zip.dll
Event: 0.214 Loaded shared library C:\Users\Badr\.vscode\extensions\redhat.java-1.37.0-win32-x64\jre\17.0.13-win32-x86_64\bin\jimage.dll
Event: 1.168 Loaded shared library C:\Users\Badr\.vscode\extensions\redhat.java-1.37.0-win32-x64\jre\17.0.13-win32-x86_64\bin\sunmscapi.dll
Event: 2.193 Loaded shared library C:\Users\Badr\.vscode\extensions\redhat.java-1.37.0-win32-x64\jre\17.0.13-win32-x86_64\bin\management.dll
Event: 2.195 Loaded shared library C:\Users\Badr\.vscode\extensions\redhat.java-1.37.0-win32-x64\jre\17.0.13-win32-x86_64\bin\management_ext.dll
Event: 2.697 Loaded shared library C:\Users\Badr\.vscode\extensions\redhat.java-1.37.0-win32-x64\jre\17.0.13-win32-x86_64\bin\extnet.dll

Deoptimization events (20 events):
Event: 434.637 Thread 0x000001f55e54a3e0 Uncommon trap: trap_request=0xffffff45 fr.pc=0x000001f543956038 relative=0x00000000000001b8
Event: 434.637 Thread 0x000001f55e54a3e0 Uncommon trap: reason=unstable_if action=reinterpret pc=0x000001f543956038 method=org.springframework.web.context.request.async.StandardServletAsyncWebRequest.tryObtainLock()I @ 7 c2
Event: 434.637 Thread 0x000001f55e54a3e0 DEOPT PACKING pc=0x000001f543956038 sp=0x0000009288cfd770
Event: 434.637 Thread 0x000001f55e54a3e0 DEOPT UNPACKING pc=0x000001f5431669a3 sp=0x0000009288cfd5a8 mode 2
Event: 434.639 Thread 0x000001f55e548fa0 Uncommon trap: trap_request=0xffffff45 fr.pc=0x000001f54393d490 relative=0x00000000000002d0
Event: 434.639 Thread 0x000001f55e548fa0 Uncommon trap: reason=unstable_if action=reinterpret pc=0x000001f54393d490 method=org.apache.tomcat.util.net.SocketWrapperBase.transfer(Ljava/nio/ByteBuffer;Ljava/nio/ByteBuffer;)I @ 13 c2
Event: 434.639 Thread 0x000001f55e548fa0 DEOPT PACKING pc=0x000001f54393d490 sp=0x0000009288efea50
Event: 434.639 Thread 0x000001f55e548fa0 DEOPT UNPACKING pc=0x000001f5431669a3 sp=0x0000009288efea70 mode 2
Event: 434.639 Thread 0x000001f55e548fa0 Uncommon trap: trap_request=0xffffffde fr.pc=0x000001f54393b788 relative=0x00000000000001e8
Event: 434.639 Thread 0x000001f55e548fa0 Uncommon trap: reason=class_check action=maybe_recompile pc=0x000001f54393b788 method=java.nio.ByteBuffer.putBuffer(ILjava/nio/ByteBuffer;II)V @ 1 c2
Event: 434.639 Thread 0x000001f55e548fa0 DEOPT PACKING pc=0x000001f54393b788 sp=0x0000009288efe7d0
Event: 434.639 Thread 0x000001f55e548fa0 DEOPT UNPACKING pc=0x000001f5431669a3 sp=0x0000009288efe690 mode 2
Event: 434.651 Thread 0x000001f55e54a3e0 Uncommon trap: trap_request=0xffffff45 fr.pc=0x000001f54394b7a4 relative=0x0000000000002624
Event: 434.651 Thread 0x000001f55e54a3e0 Uncommon trap: reason=unstable_if action=reinterpret pc=0x000001f54394b7a4 method=org.apache.tomcat.util.net.SocketBufferHandler.setWriteBufferConfiguredForWrite(Z)V @ 21 c2
Event: 434.651 Thread 0x000001f55e54a3e0 DEOPT PACKING pc=0x000001f54394b7a4 sp=0x0000009288cfec10
Event: 434.651 Thread 0x000001f55e54a3e0 DEOPT UNPACKING pc=0x000001f5431669a3 sp=0x0000009288cfeae8 mode 2
Event: 434.794 Thread 0x000001f55e54a8f0 Uncommon trap: trap_request=0xffffffde fr.pc=0x000001f54393b788 relative=0x00000000000001e8
Event: 434.794 Thread 0x000001f55e54a8f0 Uncommon trap: reason=class_check action=maybe_recompile pc=0x000001f54393b788 method=java.nio.ByteBuffer.putBuffer(ILjava/nio/ByteBuffer;II)V @ 1 c2
Event: 434.794 Thread 0x000001f55e54a8f0 DEOPT PACKING pc=0x000001f54393b788 sp=0x0000009288ffe8f0
Event: 434.794 Thread 0x000001f55e54a8f0 DEOPT UNPACKING pc=0x000001f5431669a3 sp=0x0000009288ffe7b0 mode 2

Classes loaded (20 events):
Event: 27.044 Loading class java/time/format/DateTimeFormatterBuilder$ZoneTextPrinterParser
Event: 27.045 Loading class java/time/format/DateTimeFormatterBuilder$ZoneTextPrinterParser done
Event: 27.045 Loading class java/time/format/DateTimeFormatterBuilder$ReducedPrinterParser
Event: 27.045 Loading class java/time/format/DateTimeFormatterBuilder$ReducedPrinterParser done
Event: 27.061 Loading class java/util/regex/Pattern$BnM
Event: 27.061 Loading class java/util/regex/Pattern$BnM done
Event: 27.075 Loading class sun/reflect/generics/repository/FieldRepository
Event: 27.075 Loading class sun/reflect/generics/repository/FieldRepository done
Event: 27.748 Loading class java/util/OptionalLong
Event: 27.748 Loading class java/util/OptionalLong done
Event: 27.748 Loading class java/util/OptionalDouble
Event: 27.748 Loading class java/util/OptionalDouble done
Event: 27.748 Loading class java/util/stream/LongStream
Event: 27.748 Loading class java/util/stream/LongStream done
Event: 27.748 Loading class java/util/stream/DoubleStream
Event: 27.748 Loading class java/util/stream/DoubleStream done
Event: 434.373 Loading class jdk/internal/access/foreign/MemorySegmentProxy
Event: 434.374 Loading class jdk/internal/access/foreign/MemorySegmentProxy done
Event: 434.649 Loading class jdk/internal/misc/ScopedMemoryAccess$Scope$Handle
Event: 434.649 Loading class jdk/internal/misc/ScopedMemoryAccess$Scope$Handle done

Classes unloaded (4 events):
Event: 418.910 Thread 0x000001f5574e77b0 Unloading class 0x00000008004fac00 'jdk/internal/reflect/GeneratedMethodAccessor25'
Event: 418.910 Thread 0x000001f5574e77b0 Unloading class 0x00000008004fa400 'jdk/internal/reflect/GeneratedMethodAccessor22'
Event: 418.910 Thread 0x000001f5574e77b0 Unloading class 0x00000008004f9c00 'jdk/internal/reflect/GeneratedMethodAccessor20'
Event: 418.910 Thread 0x000001f5574e77b0 Unloading class 0x00000008004f9800 'jdk/internal/reflect/GeneratedMethodAccessor18'

Classes redefined (0 events):
No events

Internal exceptions (20 events):
Event: 1.925 Thread 0x000001f538f4f530 Exception <a 'java/lang/NoSuchMethodError'{0x0000000711beb350}: 'java.lang.Object java.lang.invoke.DirectMethodHandle$Holder.newInvokeSpecial(java.lang.Object, java.lang.Object, java.lang.Object, int)'> (0x0000000711beb350) 
thrown [s\src\hotspot\share\interpreter\linkResolver.cpp, line 759]
Event: 1.925 Thread 0x000001f538f4f530 Exception <a 'java/lang/NoSuchMethodError'{0x0000000711bef638}: 'java.lang.Object java.lang.invoke.DirectMethodHandle$Holder.invokeSpecial(java.lang.Object, java.lang.Object, java.lang.Object, java.lang.Object, int)'> (0x0000000711bef638) 
thrown [s\src\hotspot\share\interpreter\linkResolver.cpp, line 759]
Event: 1.926 Thread 0x000001f538f4f530 Exception <a 'java/lang/NoSuchMethodError'{0x0000000711bf3200}: 'java.lang.Object java.lang.invoke.Invokers$Holder.linkToTargetMethod(java.lang.Object, java.lang.Object, int, java.lang.Object)'> (0x0000000711bf3200) 
thrown [s\src\hotspot\share\interpreter\linkResolver.cpp, line 759]
Event: 1.999 Thread 0x000001f538f4f530 Exception <a 'java/lang/NoSuchMethodError'{0x000000070af62c60}: 'java.lang.Object java.lang.invoke.DirectMethodHandle$Holder.invokeStaticInit(java.lang.Object, int, int, int, int)'> (0x000000070af62c60) 
thrown [s\src\hotspot\share\interpreter\linkResolver.cpp, line 759]
Event: 2.057 Thread 0x000001f538f4f530 Exception <a 'java/lang/NoSuchMethodError'{0x000000070ac4a4e0}: 'java.lang.Object java.lang.invoke.DirectMethodHandle$Holder.invokeStaticInit(java.lang.Object, java.lang.Object, int, int, int, int)'> (0x000000070ac4a4e0) 
thrown [s\src\hotspot\share\interpreter\linkResolver.cpp, line 759]
Event: 2.205 Thread 0x000001f538f4f530 Exception <a 'java/io/FileNotFoundException'{0x000000070a659a28}> (0x000000070a659a28) 
thrown [s\src\hotspot\share\prims\jni.cpp, line 516]
Event: 2.227 Thread 0x000001f538f4f530 Exception <a 'java/lang/NoSuchMethodError'{0x000000070a785410}: 'int java.lang.invoke.DirectMethodHandle$Holder.invokeInterface(java.lang.Object, java.lang.Object, java.lang.Object, java.lang.Object)'> (0x000000070a785410) 
thrown [s\src\hotspot\share\interpreter\linkResolver.cpp, line 759]
Event: 2.268 Thread 0x000001f538f4f530 Exception <a 'java/lang/NoSuchMethodError'{0x000000070a53b678}: 'long java.lang.invoke.DirectMethodHandle$Holder.invokeVirtual(java.lang.Object, java.lang.Object)'> (0x000000070a53b678) 
thrown [s\src\hotspot\share\interpreter\linkResolver.cpp, line 759]
Event: 2.521 Thread 0x000001f538f4f530 Exception <a 'sun/nio/fs/WindowsException'{0x00000007096a83c0}> (0x00000007096a83c0) 
thrown [s\src\hotspot\share\prims\jni.cpp, line 516]
Event: 2.548 Thread 0x000001f538f4f530 Exception <a 'java/lang/IncompatibleClassChangeError'{0x0000000709441520}: Found class java.lang.Object, but interface was expected> (0x0000000709441520) 
thrown [s\src\hotspot\share\interpreter\linkResolver.cpp, line 826]
Event: 2.579 Thread 0x000001f538f4f530 Exception <a 'java/lang/NoSuchMethodError'{0x000000070957fa58}: 'void java.lang.invoke.DirectMethodHandle$Holder.invokeVirtual(java.lang.Object, java.lang.Object, long)'> (0x000000070957fa58) 
thrown [s\src\hotspot\share\interpreter\linkResolver.cpp, line 759]
Event: 2.622 Thread 0x000001f538f4f530 Exception <a 'java/lang/NoSuchMethodError'{0x00000007057391b0}: 'int java.lang.invoke.DirectMethodHandle$Holder.invokeStaticInit(java.lang.Object, java.lang.Object, java.lang.Object, java.lang.Object)'> (0x00000007057391b0) 
thrown [s\src\hotspot\share\interpreter\linkResolver.cpp, line 759]
Event: 2.685 Thread 0x000001f538f4f530 Exception <a 'java/lang/NoSuchMethodError'{0x000000070523a300}: 'java.lang.Object java.lang.invoke.DirectMethodHandle$Holder.newInvokeSpecial(java.lang.Object, java.lang.Object, int, java.lang.Object, java.lang.Object)'> (0x000000070523a300) 
thrown [s\src\hotspot\share\interpreter\linkResolver.cpp, line 759]
Event: 26.973 Thread 0x000001f55e548070 Exception <a 'java/lang/NoSuchMethodError'{0x00000007048404d0}: 'java.lang.Object java.lang.invoke.DirectMethodHandle$Holder.invokeSpecial(java.lang.Object, java.lang.Object, java.lang.Object, java.lang.Object, java.lang.Object, long)'> (0x00000007048404d0) 
thrown [s\src\hotspot\share\interpreter\linkResolver.cpp, line 759]
Event: 26.973 Thread 0x000001f55e548070 Exception <a 'java/lang/NoSuchMethodError'{0x0000000704843f10}: 'java.lang.Object java.lang.invoke.Invokers$Holder.linkToTargetMethod(java.lang.Object, java.lang.Object, java.lang.Object, long, java.lang.Object)'> (0x0000000704843f10) 
thrown [s\src\hotspot\share\interpreter\linkResolver.cpp, line 759]
Event: 27.451 Thread 0x000001f55e54a3e0 Exception <a 'java/io/FileNotFoundException'{0x000000071b6215b8}> (0x000000071b6215b8) 
thrown [s\src\hotspot\share\prims\jni.cpp, line 516]
Event: 418.916 Thread 0x000001f55e5499c0 Exception <a 'java/io/FileNotFoundException'{0x00000007ffe0daf8}> (0x00000007ffe0daf8) 
thrown [s\src\hotspot\share\prims\jni.cpp, line 516]
Event: 434.637 Thread 0x000001f55e54a3e0 Exception <a 'java/io/IOException'{0x0000000719de3ba8}> (0x0000000719de3ba8) 
thrown [s\src\hotspot\share\prims\jni.cpp, line 516]
Event: 434.644 Thread 0x000001f55e54a3e0 Exception <a 'java/lang/NoSuchMethodError'{0x0000000719be0120}: 'java.lang.Object java.lang.invoke.Invokers$Holder.invoke_MT(java.lang.Object, java.lang.Object, java.lang.Object, java.lang.Object, java.lang.Object, java.lang.Object, java.lang.Object, java.lang.Object, java.lang.Object)'> (0x0000000719be0120) 
thrown [s\src\hotspot\share\interpreter\linkResolver.cpp, line 759]
Event: 434.651 Thread 0x000001f55e54a3e0 Exception <a 'java/io/IOException'{0x00000007198069f0}> (0x00000007198069f0) 
thrown [s\src\hotspot\share\prims\jni.cpp, line 516]

VM Operations (20 events):
Event: 419.928 Executing VM operation: Cleanup done
Event: 420.862 Executing VM operation: HandshakeAllThreads
Event: 420.862 Executing VM operation: HandshakeAllThreads done
Event: 421.871 Executing VM operation: Cleanup
Event: 421.871 Executing VM operation: Cleanup done
Event: 434.047 Executing VM operation: G1CollectForAllocation
Event: 434.050 Executing VM operation: G1CollectForAllocation done
Event: 434.121 Executing VM operation: G1CollectForAllocation
Event: 434.125 Executing VM operation: G1CollectForAllocation done
Event: 434.236 Executing VM operation: G1TryInitiateConcMark
Event: 434.241 Executing VM operation: G1TryInitiateConcMark done
Event: 434.255 Executing VM operation: G1PauseRemark
Event: 434.257 Executing VM operation: G1PauseRemark done
Event: 434.263 Executing VM operation: G1PauseCleanup
Event: 434.263 Executing VM operation: G1PauseCleanup done
Event: 434.685 Executing VM operation: G1CollectForAllocation
Event: 434.687 Executing VM operation: G1CollectForAllocation done
Event: 434.734 Executing VM operation: G1CollectForAllocation
Event: 434.737 Executing VM operation: G1CollectForAllocation done
Event: 434.857 Executing VM operation: G1TryInitiateConcMark

Memory protections (0 events):
No events

Nmethod flushes (0 events):
No events

Events (20 events):
Event: 2.718 Thread 0x000001f538f4f530 Thread added: 0x000001f55e54e720
Event: 2.720 Thread 0x000001f538f4f530 Thread added: 0x000001f55e5523e0
Event: 2.736 Thread 0x000001f538f4f530 Thread exited: 0x000001f538f4f530
Event: 2.737 Thread 0x000001f55e553d30 Thread added: 0x000001f55e553d30
Event: 6.728 Thread 0x000001f55d83d190 Thread exited: 0x000001f55d83d190
Event: 11.733 Thread 0x000001f55778f350 Thread exited: 0x000001f55778f350
Event: 27.053 Thread 0x000001f55754f840 Thread added: 0x000001f55e795010
Event: 27.077 Thread 0x000001f55754f840 Thread added: 0x000001f5575f2e50
Event: 27.445 Thread 0x000001f5575f2e50 Thread exited: 0x000001f5575f2e50
Event: 27.445 Thread 0x000001f55e795010 Thread exited: 0x000001f55e795010
Event: 27.505 Thread 0x000001f55754f840 Thread added: 0x000001f5575f2e50
Event: 27.738 Thread 0x000001f5575f2e50 Thread exited: 0x000001f5575f2e50
Event: 28.932 Thread 0x000001f55754f840 Thread added: 0x000001f55dddc770
Event: 28.933 Thread 0x000001f55754f840 Thread added: 0x000001f55e7d6060
Event: 29.104 Thread 0x000001f55e7d6060 Thread exited: 0x000001f55e7d6060
Event: 29.104 Thread 0x000001f55dddc770 Thread exited: 0x000001f55dddc770
Event: 434.371 Thread 0x000001f55754ee80 Thread added: 0x000001f55ca57840
Event: 434.371 Thread 0x000001f55754ee80 Thread added: 0x000001f557677630
Event: 434.795 Thread 0x000001f557677630 Thread exited: 0x000001f557677630
Event: 434.795 Thread 0x000001f55ca57840 Thread exited: 0x000001f55ca57840


Dynamic libraries:
0x00007ff73d920000 - 0x00007ff73d92e000 	C:\Users\Badr\.vscode\extensions\redhat.java-1.37.0-win32-x64\jre\17.0.13-win32-x86_64\bin\java.exe
0x00007ffb4c9f0000 - 0x00007ffb4cc07000 	C:\WINDOWS\SYSTEM32\ntdll.dll
0x00007ffb4c200000 - 0x00007ffb4c2c4000 	C:\WINDOWS\System32\KERNEL32.DLL
0x00007ffb4a170000 - 0x00007ffb4a52a000 	C:\WINDOWS\System32\KERNELBASE.dll
0x00007ffb49eb0000 - 0x00007ffb49fc1000 	C:\WINDOWS\System32\ucrtbase.dll
0x00007ffb0b0f0000 - 0x00007ffb0b107000 	C:\Users\Badr\.vscode\extensions\redhat.java-1.37.0-win32-x64\jre\17.0.13-win32-x86_64\bin\jli.dll
0x00007ffb109a0000 - 0x00007ffb109be000 	C:\Users\Badr\.vscode\extensions\redhat.java-1.37.0-win32-x64\jre\17.0.13-win32-x86_64\bin\VCRUNTIME140.dll
0x00007ffb4ae30000 - 0x00007ffb4afde000 	C:\WINDOWS\System32\USER32.dll
0x00007ffb49cc0000 - 0x00007ffb49ce6000 	C:\WINDOWS\System32\win32u.dll
0x00007ffb3a5c0000 - 0x00007ffb3a852000 	C:\WINDOWS\WinSxS\amd64_microsoft.windows.common-controls_6595b64144ccf1df_6.0.22621.4541_none_2710d1c57384c085\COMCTL32.dll
0x00007ffb4b860000 - 0x00007ffb4b889000 	C:\WINDOWS\System32\GDI32.dll
0x00007ffb49cf0000 - 0x00007ffb49e0b000 	C:\WINDOWS\System32\gdi32full.dll
0x00007ffb4c800000 - 0x00007ffb4c8a7000 	C:\WINDOWS\System32\msvcrt.dll
0x00007ffb49e10000 - 0x00007ffb49eaa000 	C:\WINDOWS\System32\msvcp_win.dll
0x00007ffb4c550000 - 0x00007ffb4c581000 	C:\WINDOWS\System32\IMM32.DLL
0x00007ffb208e0000 - 0x00007ffb208ec000 	C:\Users\Badr\.vscode\extensions\redhat.java-1.37.0-win32-x64\jre\17.0.13-win32-x86_64\bin\vcruntime140_1.dll
0x00007ffa9c360000 - 0x00007ffa9c3ed000 	C:\Users\Badr\.vscode\extensions\redhat.java-1.37.0-win32-x64\jre\17.0.13-win32-x86_64\bin\msvcp140.dll
0x00007ffa8c430000 - 0x00007ffa8d09b000 	C:\Users\Badr\.vscode\extensions\redhat.java-1.37.0-win32-x64\jre\17.0.13-win32-x86_64\bin\server\jvm.dll
0x00007ffb4b890000 - 0x00007ffb4b942000 	C:\WINDOWS\System32\ADVAPI32.dll
0x00007ffb4c900000 - 0x00007ffb4c9a7000 	C:\WINDOWS\System32\sechost.dll
0x00007ffb4a140000 - 0x00007ffb4a168000 	C:\WINDOWS\System32\bcrypt.dll
0x00007ffb4aa80000 - 0x00007ffb4ab94000 	C:\WINDOWS\System32\RPCRT4.dll
0x00007ffb4c460000 - 0x00007ffb4c4d1000 	C:\WINDOWS\System32\WS2_32.dll
0x00007ffb49540000 - 0x00007ffb4958d000 	C:\WINDOWS\SYSTEM32\POWRPROF.dll
0x00007ffb452c0000 - 0x00007ffb452f4000 	C:\WINDOWS\SYSTEM32\WINMM.dll
0x00007ffb42e40000 - 0x00007ffb42e4a000 	C:\WINDOWS\SYSTEM32\VERSION.dll
0x00007ffb49520000 - 0x00007ffb49533000 	C:\WINDOWS\SYSTEM32\UMPDC.dll
0x00007ffb48c60000 - 0x00007ffb48c78000 	C:\WINDOWS\SYSTEM32\kernel.appcore.dll
0x00007ffb1f9e0000 - 0x00007ffb1f9ea000 	C:\Users\Badr\.vscode\extensions\redhat.java-1.37.0-win32-x64\jre\17.0.13-win32-x86_64\bin\jimage.dll
0x00007ffb476a0000 - 0x00007ffb478d2000 	C:\WINDOWS\SYSTEM32\DBGHELP.DLL
0x00007ffb4a6f0000 - 0x00007ffb4aa7f000 	C:\WINDOWS\System32\combase.dll
0x00007ffb4aca0000 - 0x00007ffb4ad77000 	C:\WINDOWS\System32\OLEAUT32.dll
0x00007ffb30710000 - 0x00007ffb30742000 	C:\WINDOWS\SYSTEM32\dbgcore.DLL
0x00007ffb4a530000 - 0x00007ffb4a5ab000 	C:\WINDOWS\System32\bcryptPrimitives.dll
0x00007ffaf71e0000 - 0x00007ffaf7205000 	C:\Users\Badr\.vscode\extensions\redhat.java-1.37.0-win32-x64\jre\17.0.13-win32-x86_64\bin\java.dll
0x00007ffb09250000 - 0x00007ffb09268000 	C:\Users\Badr\.vscode\extensions\redhat.java-1.37.0-win32-x64\jre\17.0.13-win32-x86_64\bin\zip.dll
0x00007ffb4afe0000 - 0x00007ffb4b858000 	C:\WINDOWS\System32\SHELL32.dll
0x00007ffb47bb0000 - 0x00007ffb484b8000 	C:\WINDOWS\SYSTEM32\windows.storage.dll
0x00007ffb47a70000 - 0x00007ffb47baf000 	C:\WINDOWS\SYSTEM32\wintypes.dll
0x00007ffb4bc20000 - 0x00007ffb4bd1a000 	C:\WINDOWS\System32\SHCORE.dll
0x00007ffb4bb20000 - 0x00007ffb4bb7e000 	C:\WINDOWS\System32\shlwapi.dll
0x00007ffb49bf0000 - 0x00007ffb49c1b000 	C:\WINDOWS\SYSTEM32\profapi.dll
0x00007ffaf7250000 - 0x00007ffaf7269000 	C:\Users\Badr\.vscode\extensions\redhat.java-1.37.0-win32-x64\jre\17.0.13-win32-x86_64\bin\net.dll
0x00007ffb45530000 - 0x00007ffb45666000 	C:\WINDOWS\SYSTEM32\WINHTTP.dll
0x00007ffb49140000 - 0x00007ffb491a9000 	C:\WINDOWS\system32\mswsock.dll
0x00007ffaf66d0000 - 0x00007ffaf66e6000 	C:\Users\Badr\.vscode\extensions\redhat.java-1.37.0-win32-x64\jre\17.0.13-win32-x86_64\bin\nio.dll
0x00007ffb44ac0000 - 0x00007ffb44ace000 	C:\Users\Badr\.vscode\extensions\redhat.java-1.37.0-win32-x64\jre\17.0.13-win32-x86_64\bin\sunmscapi.dll
0x00007ffb49fd0000 - 0x00007ffb4a136000 	C:\WINDOWS\System32\CRYPT32.dll
0x00007ffb49680000 - 0x00007ffb496ad000 	C:\WINDOWS\SYSTEM32\ncrypt.dll
0x00007ffb49640000 - 0x00007ffb49677000 	C:\WINDOWS\SYSTEM32\NTASN1.dll
0x00007ffb493d0000 - 0x00007ffb493eb000 	C:\WINDOWS\SYSTEM32\CRYPTSP.dll
0x00007ffb48c20000 - 0x00007ffb48c55000 	C:\WINDOWS\system32\rsaenh.dll
0x00007ffb49270000 - 0x00007ffb49298000 	C:\WINDOWS\SYSTEM32\USERENV.dll
0x00007ffb493f0000 - 0x00007ffb493fc000 	C:\WINDOWS\SYSTEM32\CRYPTBASE.dll
0x00007ffb48720000 - 0x00007ffb4874d000 	C:\WINDOWS\SYSTEM32\IPHLPAPI.DLL
0x00007ffb4c7f0000 - 0x00007ffb4c7f9000 	C:\WINDOWS\System32\NSI.dll
0x00007ffb45320000 - 0x00007ffb45339000 	C:\WINDOWS\SYSTEM32\dhcpcsvc6.DLL
0x00007ffb45300000 - 0x00007ffb4531f000 	C:\WINDOWS\SYSTEM32\dhcpcsvc.DLL
0x00007ffb48790000 - 0x00007ffb48892000 	C:\WINDOWS\SYSTEM32\DNSAPI.dll
0x00007ffb388d0000 - 0x00007ffb388da000 	C:\Users\Badr\.vscode\extensions\redhat.java-1.37.0-win32-x64\jre\17.0.13-win32-x86_64\bin\management.dll
0x00007ffb38860000 - 0x00007ffb3886b000 	C:\Users\Badr\.vscode\extensions\redhat.java-1.37.0-win32-x64\jre\17.0.13-win32-x86_64\bin\management_ext.dll
0x00007ffb4c740000 - 0x00007ffb4c748000 	C:\WINDOWS\System32\PSAPI.DLL
0x00007ffb44a80000 - 0x00007ffb44a89000 	C:\Users\Badr\.vscode\extensions\redhat.java-1.37.0-win32-x64\jre\17.0.13-win32-x86_64\bin\extnet.dll
0x00007ffb21410000 - 0x00007ffb21418000 	C:\WINDOWS\system32\wshunix.dll

dbghelp: loaded successfully - version: 4.0.5 - missing functions: none
symbol engine: initialized successfully - sym options: 0x614 - pdb path: .;C:\Users\Badr\.vscode\extensions\redhat.java-1.37.0-win32-x64\jre\17.0.13-win32-x86_64\bin;C:\WINDOWS\SYSTEM32;C:\WINDOWS\WinSxS\amd64_microsoft.windows.common-controls_6595b64144ccf1df_6.0.22621.4541_none_2710d1c57384c085;C:\Users\Badr\.vscode\extensions\redhat.java-1.37.0-win32-x64\jre\17.0.13-win32-x86_64\bin\server

VM Arguments:
jvm_args: -XX:+ShowCodeDetailsInExceptionMessages 
java_command: com.team.email.EmailApplication
java_class_path (initial): C:\Users\Badr\Documents\GitHub\EMail-Web\EMail_Backend\target\classes;C:\Users\Badr\.m2\repository\org\springframework\boot\spring-boot-starter-web\3.4.0\spring-boot-starter-web-3.4.0.jar;C:\Users\Badr\.m2\repository\org\springframework\boot\spring-boot-starter\3.4.0\spring-boot-starter-3.4.0.jar;C:\Users\Badr\.m2\repository\org\springframework\boot\spring-boot\3.4.0\spring-boot-3.4.0.jar;C:\Users\Badr\.m2\repository\org\springframework\boot\spring-boot-autoconfigure\3.4.0\spring-boot-autoconfigure-3.4.0.jar;C:\Users\Badr\.m2\repository\org\springframework\boot\spring-boot-starter-logging\3.4.0\spring-boot-starter-logging-3.4.0.jar;C:\Users\Badr\.m2\repository\ch\qos\logback\logback-classic\1.5.12\logback-classic-1.5.12.jar;C:\Users\Badr\.m2\repository\ch\qos\logback\logback-core\1.5.12\logback-core-1.5.12.jar;C:\Users\Badr\.m2\repository\org\apache\logging\log4j\log4j-to-slf4j\2.24.1\log4j-to-slf4j-2.24.1.jar;C:\Users\Badr\.m2\repository\org\apache\logging\log4j\log4j-api\2.24.1\log4j-api-2.24.1.jar;C:\Users\Badr\.m2\repository\org\slf4j\jul-to-slf4j\2.0.16\jul-to-slf4j-2.0.16.jar;C:\Users\Badr\.m2\repository\jakarta\annotation\jakarta.annotation-api\2.1.1\jakarta.annotation-api-2.1.1.jar;C:\Users\Badr\.m2\repository\org\yaml\snakeyaml\2.3\snakeyaml-2.3.jar;C:\Users\Badr\.m2\repository\org\springframework\boot\spring-boot-starter-json\3.4.0\spring-boot-starter-json-3.4.0.jar;C:\Users\Badr\.m2\repository\com\fasterxml\jackson\datatype\jackson-datatype-jdk8\2.18.1\jackson-datatype-jdk8-2.18.1.jar;C:\Users\Badr\.m2\repository\com\fasterxml\jackson\datatype\jackson-datatype-jsr310\2.18.1\jackson-datatype-jsr310-2.18.1.jar;C:\Users\Badr\.m2\repository\com\fasterxml\jackson\module\jackson-module-parameter-names\2.18.1\jackson-module-parameter-names-2.18.1.jar;C:\Users\Badr\.m2\repository\org\springframework\boot\spring-boot-starter-tomcat\3.4.0\spring-boot-starter-tomcat-3.4.0.jar;C:\Users\Badr\.m2\repository\org\apache\tomcat\embed\tomcat-em
Launcher Type: SUN_STANDARD

[Global flags]
     intx CICompilerCount                          = 4                                         {product} {ergonomic}
     uint ConcGCThreads                            = 3                                         {product} {ergonomic}
     uint G1ConcRefinementThreads                  = 10                                        {product} {ergonomic}
   size_t G1HeapRegionSize                         = 2097152                                   {product} {ergonomic}
    uintx GCDrainStackTargetSize                   = 64                                        {product} {ergonomic}
   size_t InitialHeapSize                          = 266338304                                 {product} {ergonomic}
   size_t MarkStackSize                            = 4194304                                   {product} {ergonomic}
   size_t MaxHeapSize                              = 4257218560                                {product} {ergonomic}
   size_t MaxNewSize                               = 2554331136                                {product} {ergonomic}
   size_t MinHeapDeltaBytes                        = 2097152                                   {product} {ergonomic}
   size_t MinHeapSize                              = 8388608                                   {product} {ergonomic}
    uintx NonNMethodCodeHeapSize                   = 5839372                                {pd product} {ergonomic}
    uintx NonProfiledCodeHeapSize                  = 122909434                              {pd product} {ergonomic}
    uintx ProfiledCodeHeapSize                     = 122909434                              {pd product} {ergonomic}
    uintx ReservedCodeCacheSize                    = 251658240                              {pd product} {ergonomic}
     bool SegmentedCodeCache                       = true                                      {product} {ergonomic}
     bool ShowCodeDetailsInExceptionMessages       = true                                   {manageable} {command line}
   size_t SoftMaxHeapSize                          = 4257218560                             {manageable} {ergonomic}
     bool UseCompressedClassPointers               = true                           {product lp64_product} {ergonomic}
     bool UseCompressedOops                        = true                           {product lp64_product} {ergonomic}
     bool UseG1GC                                  = true                                      {product} {ergonomic}
     bool UseLargePagesIndividualAllocation        = false                                  {pd product} {ergonomic}

Logging:
Log output configuration:
 #0: stdout all=warning uptime,level,tags
 #1: stderr all=off uptime,level,tags

Environment Variables:
PATH=C:\Program Files\Python312\Scripts\;C:\Program Files\Python312\;C:\Program Files\NVIDIA GPU Computing Toolkit\CUDA\v12.6\bin;C:\Program Files\NVIDIA GPU Computing Toolkit\CUDA\v12.6\libnvvp;C:\Program Files\Common Files\Oracle\Java\javapath;C:\Program Files (x86)\Common Files\Oracle\Java\javapath;C:\Windows\system32;C:\Windows;C:\Windows\System32\Wbem;C:\Windows\System32\WindowsPowerShell\v1.0\;C:\Windows\System32\OpenSSH\;C:\Program Files (x86)\NVIDIA Corporation\PhysX\Common;C:\Program Files\Microsoft VS Code\bin;C:\WINDOWS\system32;C:\WINDOWS;C:\WINDOWS\System32\Wbem;C:\WINDOWS\System32\WindowsPowerShell\v1.0\;C:\WINDOWS\System32\OpenSSH\;C:\Program Files\dotnet\;C:\Program Files\Git\cmd;C:\Program Files\NVIDIA Corporation\NVIDIA App\NvDLISR;C:\Program Files\Remote.It\resources;C:\Program Files (x86)\Python312-32\Scripts;C:\Users\Badr\AppData\Roaming\Python\Python312-32\Scripts;C:\Users\Badr\AppData\Roaming\Python\Python312\Scripts;C:\Program Files\CMake\bin;C:\Program Files\NVIDIA Corporation\Nsight Compute 2024.3.0\;C:\Program Files\nodejs\;C:\ProgramData\chocolatey\bin;C:\Users\Badr\AppData\Local\Microsoft\WindowsApps;C:\Users\Badr\AppData\Local\GitHubDesktop\bin;C:\MinGW\bin;C:\intelFPGA\20.1\modelsim_ase\win32aloem;C:\Users\Badr\AppData\Local\spicetify;C:\Users\Badr\AppData\Roaming\Python\Python312-32\Scripts;;C:\Program Files\JetBrains\PyCharm Community Edition 2024.2.0.1\bin;;C:\Users\Badr\AppData\Roaming\npm;C:\Program Files\JetBrains\IntelliJ IDEA Community Edition 2024.2.4\bin;
USERNAME=Badr
LANG=en_US.UTF-8
OS=Windows_NT
PROCESSOR_IDENTIFIER=AMD64 Family 25 Model 80 Stepping 0, AuthenticAMD
TMP=C:\Users\Badr\AppData\Local\Temp
TEMP=C:\Users\Badr\AppData\Local\Temp



Periodic native trim disabled


---------------  S Y S T E M  ---------------

OS:
 Windows 11 , 64 bit Build 22621 (10.0.22621.4391)
OS uptime: 0 days 8:25 hours
Hyper-V role detected

CPU: total 12 (initial active 12) (12 cores per cpu, 2 threads per core) family 25 model 80 stepping 0 microcode 0x0, cx8, cmov, fxsr, ht, mmx, 3dnowpref, sse, sse2, sse3, ssse3, sse4a, sse4.1, sse4.2, popcnt, lzcnt, tsc, tscinvbit, avx, avx2, aes, erms, clmul, bmi1, bmi2, adx, sha, fma, vzeroupper, clflush, clflushopt, hv
Processor Information for all 12 processors :
  Max Mhz: 3301, Current Mhz: 3301, Mhz Limit: 3301

Memory: 4k page, system-wide physical 16236M (776M free)
TotalPageFile size 24736M (AvailPageFile size 106M)
current process WorkingSet (physical memory assigned to process): 577M, peak: 591M
current process commit charge ("private bytes"): 685M, peak: 925M

vm_info: OpenJDK 64-Bit Server VM (17.0.13+11) for windows-amd64 JRE (17.0.13+11), built on Oct 16 2024 00:10:08 by "admin" with MS VC++ 17.7 (VS2022)

END.
