#
# There is insufficient memory for the Java Runtime Environment to continue.
# Native memory allocation (mmap) failed to map 192937984 bytes. Error detail: G1 virtual space
# Possible reasons:
#   The system is out of physical RAM or swap space
#   This process is running with CompressedOops enabled, and the Java Heap may be blocking the growth of the native heap
# Possible solutions:
#   Reduce memory load on the system
#   Increase physical memory or swap space
#   Check if swap backing store is full
#   Decrease Java heap size (-Xmx/-Xms)
#   Decrease number of Java threads
#   Decrease Java thread stack sizes (-Xss)
#   Set larger code cache with -XX:ReservedCodeCacheSize=
#   JVM is running with Zero Based Compressed Oops mode in which the Java heap is
#     placed in the first 32GB address space. The Java Heap base address is the
#     maximum limit for the native heap growth. Please use -XX:HeapBaseMinAddress
#     to set the Java Heap base and to place the Java Heap above 32GB virtual address.
# This output file may be truncated or incomplete.
#
#  Out of Memory Error (os_windows.cpp:3614), pid=14716, tid=8940
#
# JRE version: OpenJDK Runtime Environment Temurin-17.0.13+11 (17.0.13+11) (build 17.0.13+11)
# Java VM: OpenJDK 64-Bit Server VM Temurin-17.0.13+11 (17.0.13+11, mixed mode, tiered, compressed oops, compressed class ptrs, g1 gc, windows-amd64)
# No core dump will be written. Minidumps are not enabled by default on client versions of Windows
#

---------------  S U M M A R Y ------------

Command Line: -XX:+ShowCodeDetailsInExceptionMessages com.team.email.EmailApplication

Host: AMD Ryzen 5 5600H with Radeon Graphics         , 12 cores, 15G,  Windows 11 , 64 bit Build 22621 (10.0.22621.4391)
Time: Tue Dec 17 22:28:22 2024 Egypt Standard Time elapsed time: 1557.097498 seconds (0d 0h 25m 57s)

---------------  T H R E A D  ---------------

Current thread (0x0000027c27419950):  VMThread "VM Thread" [stack: 0x000000f557800000,0x000000f557900000] [id=8940]

Stack: [0x000000f557800000,0x000000f557900000]
Native frames: (J=compiled Java code, j=interpreted, Vv=VM code, C=native code)
V  [jvm.dll+0x682a19]
V  [jvm.dll+0x839538]
V  [jvm.dll+0x83afe3]
V  [jvm.dll+0x83b653]
V  [jvm.dll+0x24704f]
V  [jvm.dll+0x67f809]
V  [jvm.dll+0x6746fa]
V  [jvm.dll+0x304a96]
V  [jvm.dll+0x30bf56]
V  [jvm.dll+0x35da5e]
V  [jvm.dll+0x35dc9d]
V  [jvm.dll+0x2dbe5c]
V  [jvm.dll+0x2da1ff]
V  [jvm.dll+0x2d996c]
V  [jvm.dll+0x31d14b]
V  [jvm.dll+0x83fe8d]
V  [jvm.dll+0x840bc3]
V  [jvm.dll+0x8410ef]
V  [jvm.dll+0x8414d4]
V  [jvm.dll+0x84159e]
V  [jvm.dll+0x7e8ffc]
V  [jvm.dll+0x6818f7]
C  [ucrtbase.dll+0x29333]
C  [KERNEL32.DLL+0x1259d]
C  [ntdll.dll+0x5af38]

VM_Operation (0x000000f559afc6e0): G1CollectForAllocation, mode: safepoint, requested by thread 0x0000027c2ed9f4c0


---------------  P R O C E S S  ---------------

Threads class SMR info:
_java_thread_list=0x0000027c2e4b7350, length=27, elements={
0x0000027c2743b380, 0x0000027c2743d210, 0x0000027c2747b130, 0x0000027c2747dc00,
0x0000027c2747e5c0, 0x0000027c2747ef80, 0x0000027c2747fd20, 0x0000027c274807d0,
0x0000027c2748b1f0, 0x0000027c275e9360, 0x0000027c27580c20, 0x0000027c2db501e0,
0x0000027c2e4bacb0, 0x0000027c2de2bfd0, 0x0000027c2ed9eaa0, 0x0000027c2ed9f9d0,
0x0000027c2ed9e080, 0x0000027c2ed9efb0, 0x0000027c2ed9e590, 0x0000027c2ed9f4c0,
0x0000027c2eaf39f0, 0x0000027c2eaf0c60, 0x0000027c2eaf1170, 0x0000027c2eaf6270,
0x0000027c2eaf5340, 0x0000027c2eaf20a0, 0x0000027c2eaf4e30
}

Java Threads: ( => current thread )
  0x0000027c2743b380 JavaThread "Reference Handler" daemon [_thread_blocked, id=18244, stack(0x000000f557900000,0x000000f557a00000)]
  0x0000027c2743d210 JavaThread "Finalizer" daemon [_thread_blocked, id=11408, stack(0x000000f557a00000,0x000000f557b00000)]
  0x0000027c2747b130 JavaThread "Signal Dispatcher" daemon [_thread_blocked, id=23832, stack(0x000000f557b00000,0x000000f557c00000)]
  0x0000027c2747dc00 JavaThread "Attach Listener" daemon [_thread_blocked, id=28696, stack(0x000000f557c00000,0x000000f557d00000)]
  0x0000027c2747e5c0 JavaThread "Service Thread" daemon [_thread_blocked, id=14912, stack(0x000000f557d00000,0x000000f557e00000)]
  0x0000027c2747ef80 JavaThread "Monitor Deflation Thread" daemon [_thread_blocked, id=23436, stack(0x000000f557e00000,0x000000f557f00000)]
  0x0000027c2747fd20 JavaThread "C2 CompilerThread0" daemon [_thread_blocked, id=30156, stack(0x000000f557f00000,0x000000f558000000)]
  0x0000027c274807d0 JavaThread "C1 CompilerThread0" daemon [_thread_blocked, id=29760, stack(0x000000f558000000,0x000000f558100000)]
  0x0000027c2748b1f0 JavaThread "Sweeper thread" daemon [_thread_blocked, id=15252, stack(0x000000f558100000,0x000000f558200000)]
  0x0000027c275e9360 JavaThread "Notification Thread" daemon [_thread_blocked, id=15744, stack(0x000000f558200000,0x000000f558300000)]
  0x0000027c27580c20 JavaThread "Common-Cleaner" daemon [_thread_blocked, id=22688, stack(0x000000f558400000,0x000000f558500000)]
  0x0000027c2db501e0 JavaThread "Catalina-utility-1" [_thread_blocked, id=2328, stack(0x000000f558b00000,0x000000f558c00000)]
  0x0000027c2e4bacb0 JavaThread "Catalina-utility-2" [_thread_blocked, id=8936, stack(0x000000f559300000,0x000000f559400000)]
  0x0000027c2de2bfd0 JavaThread "container-0" [_thread_blocked, id=25280, stack(0x000000f559400000,0x000000f559500000)]
  0x0000027c2ed9eaa0 JavaThread "http-nio-8080-exec-1" daemon [_thread_blocked, id=28204, stack(0x000000f559500000,0x000000f559600000)]
  0x0000027c2ed9f9d0 JavaThread "http-nio-8080-exec-2" daemon [_thread_blocked, id=30608, stack(0x000000f559600000,0x000000f559700000)]
  0x0000027c2ed9e080 JavaThread "http-nio-8080-exec-3" daemon [_thread_blocked, id=16172, stack(0x000000f559700000,0x000000f559800000)]
  0x0000027c2ed9efb0 JavaThread "http-nio-8080-exec-4" daemon [_thread_blocked, id=25044, stack(0x000000f559800000,0x000000f559900000)]
  0x0000027c2ed9e590 JavaThread "http-nio-8080-exec-5" daemon [_thread_blocked, id=31056, stack(0x000000f559900000,0x000000f559a00000)]
  0x0000027c2ed9f4c0 JavaThread "http-nio-8080-exec-6" daemon [_thread_blocked, id=21968, stack(0x000000f559a00000,0x000000f559b00000)]
  0x0000027c2eaf39f0 JavaThread "http-nio-8080-exec-7" daemon [_thread_blocked, id=13756, stack(0x000000f559b00000,0x000000f559c00000)]
  0x0000027c2eaf0c60 JavaThread "http-nio-8080-exec-8" daemon [_thread_blocked, id=31172, stack(0x000000f559c00000,0x000000f559d00000)]
  0x0000027c2eaf1170 JavaThread "http-nio-8080-exec-9" daemon [_thread_blocked, id=19952, stack(0x000000f559d00000,0x000000f559e00000)]
  0x0000027c2eaf6270 JavaThread "http-nio-8080-exec-10" daemon [_thread_blocked, id=31164, stack(0x000000f559e00000,0x000000f559f00000)]
  0x0000027c2eaf5340 JavaThread "http-nio-8080-Poller" daemon [_thread_in_native, id=4856, stack(0x000000f559f00000,0x000000f55a000000)]
  0x0000027c2eaf20a0 JavaThread "http-nio-8080-Acceptor" daemon [_thread_in_native, id=22636, stack(0x000000f55a000000,0x000000f55a100000)]
  0x0000027c2eaf4e30 JavaThread "DestroyJavaVM" [_thread_blocked, id=30516, stack(0x000000f557200000,0x000000f557300000)]

Other Threads:
=>0x0000027c27419950 VMThread "VM Thread" [stack: 0x000000f557800000,0x000000f557900000] [id=8940]
  0x0000027c2750e940 WatcherThread [stack: 0x000000f558300000,0x000000f558400000] [id=18164]
  0x0000027c08f03ce0 GCTaskThread "GC Thread#0" [stack: 0x000000f557300000,0x000000f557400000] [id=31992]
  0x0000027c2c782130 GCTaskThread "GC Thread#1" [stack: 0x000000f558600000,0x000000f558700000] [id=1252]
  0x0000027c2c90c0b0 GCTaskThread "GC Thread#2" [stack: 0x000000f558700000,0x000000f558800000] [id=29140]
  0x0000027c2c6e4230 GCTaskThread "GC Thread#3" [stack: 0x000000f558800000,0x000000f558900000] [id=25204]
  0x0000027c2c6e44f0 GCTaskThread "GC Thread#4" [stack: 0x000000f558900000,0x000000f558a00000] [id=536]
  0x0000027c2c6e4bc0 GCTaskThread "GC Thread#5" [stack: 0x000000f558a00000,0x000000f558b00000] [id=23204]
  0x0000027c2cf132f0 GCTaskThread "GC Thread#6" [stack: 0x000000f558c00000,0x000000f558d00000] [id=29496]
  0x0000027c2cb0c040 GCTaskThread "GC Thread#7" [stack: 0x000000f558d00000,0x000000f558e00000] [id=6788]
  0x0000027c2cdc8d80 GCTaskThread "GC Thread#8" [stack: 0x000000f558e00000,0x000000f558f00000] [id=23236]
  0x0000027c2ca8e660 GCTaskThread "GC Thread#9" [stack: 0x000000f558f00000,0x000000f559000000] [id=26332]
  0x0000027c08f149f0 ConcurrentGCThread "G1 Main Marker" [stack: 0x000000f557400000,0x000000f557500000] [id=25212]
  0x0000027c08f15410 ConcurrentGCThread "G1 Conc#0" [stack: 0x000000f557500000,0x000000f557600000] [id=27344]
  0x0000027c2d156500 ConcurrentGCThread "G1 Conc#1" [stack: 0x000000f559000000,0x000000f559100000] [id=26192]
  0x0000027c2cd28cd0 ConcurrentGCThread "G1 Conc#2" [stack: 0x000000f559100000,0x000000f559200000] [id=31476]
  0x0000027c27069570 ConcurrentGCThread "G1 Refine#0" [stack: 0x000000f557600000,0x000000f557700000] [id=7416]
  0x0000027c27069fa0 ConcurrentGCThread "G1 Service" [stack: 0x000000f557700000,0x000000f557800000] [id=32296]

Threads with active compile tasks:

VM state: at safepoint (normal execution)

VM Mutex/Monitor currently owned by a thread:  ([mutex/lock_event])
[0x0000027c08e8aea0] Threads_lock - owner thread: 0x0000027c27419950
[0x0000027c08e89940] Heap_lock - owner thread: 0x0000027c2ed9f4c0

Heap address: 0x0000000702400000, size: 4060 MB, Compressed Oops mode: Zero based, Oop shift amount: 3

CDS archive(s) not mapped
Compressed class space mapped at: 0x0000000800000000-0x0000000840000000, reserved size: 1073741824
Narrow klass base: 0x0000000800000000, Narrow klass shift: 0, Narrow klass range: 0x40000000

GC Precious Log:
 CPUs: 12 total, 12 available
 Memory: 16236M
 Large Page Support: Disabled
 NUMA Support: Disabled
 Compressed Oops: Enabled (Zero based)
 Heap Region Size: 2M
 Heap Min Capacity: 8M
 Heap Initial Capacity: 254M
 Heap Max Capacity: 4060M
 Pre-touch: Disabled
 Parallel Workers: 10
 Concurrent Workers: 3
 Concurrent Refinement Workers: 10
 Periodic GC: Disabled

Heap:
 garbage-first heap   total 610304K, used 181377K [0x0000000702400000, 0x0000000800000000)
  region size 2048K, 4 young (8192K), 4 survivors (8192K)
 Metaspace       used 41956K, committed 42496K, reserved 1114112K
  class space    used 4929K, committed 5184K, reserved 1048576K

Heap Regions: E=young(eden), S=young(survivor), O=old, HS=humongous(starts), HC=humongous(continues), CS=collection set, F=free, OA=open archive, CA=closed archive, TAMS=top-at-mark-start (previous, next)
|   0|0x0000000702400000, 0x0000000702600000, 0x0000000702600000|100%| O|  |TAMS 0x0000000702600000, 0x0000000702400000| Untracked 
|   1|0x0000000702600000, 0x0000000702800000, 0x0000000702800000|100%| O|  |TAMS 0x0000000702800000, 0x0000000702600000| Untracked 
|   2|0x0000000702800000, 0x0000000702a00000, 0x0000000702a00000|100%| O|  |TAMS 0x0000000702a00000, 0x0000000702800000| Untracked 
|   3|0x0000000702a00000, 0x0000000702c00000, 0x0000000702c00000|100%| O|  |TAMS 0x0000000702c00000, 0x0000000702a00000| Untracked 
|   4|0x0000000702c00000, 0x0000000702e00000, 0x0000000702e00000|100%| O|  |TAMS 0x0000000702e00000, 0x0000000702c00000| Untracked 
|   5|0x0000000702e00000, 0x0000000702f40400, 0x0000000703000000| 62%| O|  |TAMS 0x0000000702f40400, 0x0000000702e00000| Untracked 
|   6|0x0000000703000000, 0x0000000703200000, 0x0000000703200000|100%| O|  |TAMS 0x0000000703200000, 0x0000000703000000| Untracked 
|   7|0x0000000703200000, 0x0000000703400000, 0x0000000703400000|100%| O|  |TAMS 0x0000000703400000, 0x0000000703200000| Untracked 
|   8|0x0000000703400000, 0x0000000703600000, 0x0000000703600000|100%| O|  |TAMS 0x0000000703400000, 0x0000000703400000| Untracked 
|   9|0x0000000703600000, 0x0000000703800000, 0x0000000703800000|100%| O|  |TAMS 0x0000000703800000, 0x0000000703600000| Untracked 
|  10|0x0000000703800000, 0x0000000703a00000, 0x0000000703a00000|100%| O|  |TAMS 0x0000000703a00000, 0x0000000703800000| Complete 
|  11|0x0000000703a00000, 0x0000000703c00000, 0x0000000703c00000|100%| O|  |TAMS 0x0000000703a00000, 0x0000000703a00000| Untracked 
|  12|0x0000000703c00000, 0x0000000703e00000, 0x0000000703e00000|100%| O|  |TAMS 0x0000000703e00000, 0x0000000703c00000| Untracked 
|  13|0x0000000703e00000, 0x0000000704000000, 0x0000000704000000|100%| O|  |TAMS 0x0000000704000000, 0x0000000703e00000| Untracked 
|  14|0x0000000704000000, 0x0000000704200000, 0x0000000704200000|100%| O|  |TAMS 0x0000000704200000, 0x0000000704000000| Untracked 
|  15|0x0000000704200000, 0x0000000704400000, 0x0000000704400000|100%| O|  |TAMS 0x0000000704200000, 0x0000000704200000| Untracked 
|  16|0x0000000704400000, 0x0000000704600000, 0x0000000704600000|100%| O|  |TAMS 0x0000000704400000, 0x0000000704400000| Untracked 
|  17|0x0000000704600000, 0x0000000704800000, 0x0000000704800000|100%| O|  |TAMS 0x0000000704600000, 0x0000000704600000| Untracked 
|  18|0x0000000704800000, 0x0000000704a00000, 0x0000000704a00000|100%| O|  |TAMS 0x0000000704800000, 0x0000000704800000| Untracked 
|  19|0x0000000704a00000, 0x0000000704c00000, 0x0000000704c00000|100%| O|  |TAMS 0x0000000704a00000, 0x0000000704a00000| Untracked 
|  20|0x0000000704c00000, 0x0000000704e00000, 0x0000000704e00000|100%| O|  |TAMS 0x0000000704c00000, 0x0000000704c00000| Untracked 
|  21|0x0000000704e00000, 0x0000000705000000, 0x0000000705000000|100%| O|  |TAMS 0x0000000704e00000, 0x0000000704e00000| Untracked 
|  22|0x0000000705000000, 0x0000000705200000, 0x0000000705200000|100%| O|  |TAMS 0x0000000705000000, 0x0000000705000000| Untracked 
|  23|0x0000000705200000, 0x0000000705400000, 0x0000000705400000|100%| O|  |TAMS 0x0000000705200000, 0x0000000705200000| Untracked 
|  24|0x0000000705400000, 0x0000000705600000, 0x0000000705600000|100%| O|  |TAMS 0x0000000705400000, 0x0000000705400000| Untracked 
|  25|0x0000000705600000, 0x0000000705800000, 0x0000000705800000|100%| O|  |TAMS 0x0000000705600000, 0x0000000705600000| Untracked 
|  26|0x0000000705800000, 0x0000000705a00000, 0x0000000705a00000|100%| O|  |TAMS 0x0000000705a00000, 0x0000000705800000| Untracked 
|  27|0x0000000705a00000, 0x0000000705c00000, 0x0000000705c00000|100%| O|  |TAMS 0x0000000705a00000, 0x0000000705a00000| Untracked 
|  28|0x0000000705c00000, 0x0000000705e00000, 0x0000000705e00000|100%| O|  |TAMS 0x0000000705e00000, 0x0000000705c00000| Untracked 
|  29|0x0000000705e00000, 0x0000000706000000, 0x0000000706000000|100%| O|  |TAMS 0x0000000705e00000, 0x0000000705e00000| Untracked 
|  30|0x0000000706000000, 0x0000000706200000, 0x0000000706200000|100%| O|  |TAMS 0x0000000706000000, 0x0000000706000000| Untracked 
|  31|0x0000000706200000, 0x0000000706400000, 0x0000000706400000|100%| O|  |TAMS 0x0000000706200000, 0x0000000706200000| Untracked 
|  32|0x0000000706400000, 0x0000000706600000, 0x0000000706600000|100%| O|  |TAMS 0x0000000706400000, 0x0000000706400000| Untracked 
|  33|0x0000000706600000, 0x0000000706800000, 0x0000000706800000|100%| O|  |TAMS 0x0000000706600000, 0x0000000706600000| Untracked 
|  34|0x0000000706800000, 0x0000000706a00000, 0x0000000706a00000|100%| O|  |TAMS 0x0000000706a00000, 0x0000000706800000| Untracked 
|  35|0x0000000706a00000, 0x0000000706c00000, 0x0000000706c00000|100%| O|  |TAMS 0x0000000706a00000, 0x0000000706a00000| Untracked 
|  36|0x0000000706c00000, 0x0000000706e00000, 0x0000000706e00000|100%| O|  |TAMS 0x0000000706c00000, 0x0000000706c00000| Untracked 
|  37|0x0000000706e00000, 0x0000000707000000, 0x0000000707000000|100%| O|  |TAMS 0x0000000706e00000, 0x0000000706e00000| Untracked 
|  38|0x0000000707000000, 0x00000007071e0200, 0x0000000707200000| 93%| O|  |TAMS 0x0000000707000000, 0x0000000707000000| Untracked 
|  39|0x0000000707200000, 0x0000000707400000, 0x0000000707400000|100%| O|  |TAMS 0x0000000707400000, 0x0000000707200000| Untracked 
|  40|0x0000000707400000, 0x0000000707400000, 0x0000000707600000|  0%| F|  |TAMS 0x0000000707400000, 0x0000000707400000| Untracked 
|  41|0x0000000707600000, 0x0000000707600000, 0x0000000707800000|  0%| F|  |TAMS 0x0000000707600000, 0x0000000707600000| Untracked 
|  42|0x0000000707800000, 0x0000000707800000, 0x0000000707a00000|  0%| F|  |TAMS 0x0000000707800000, 0x0000000707800000| Untracked 
|  43|0x0000000707a00000, 0x0000000707a00000, 0x0000000707c00000|  0%| F|  |TAMS 0x0000000707a00000, 0x0000000707a00000| Untracked 
|  44|0x0000000707c00000, 0x0000000707c00000, 0x0000000707e00000|  0%| F|  |TAMS 0x0000000707c00000, 0x0000000707c00000| Untracked 
|  45|0x0000000707e00000, 0x0000000707e00000, 0x0000000708000000|  0%| F|  |TAMS 0x0000000707e00000, 0x0000000707e00000| Untracked 
|  46|0x0000000708000000, 0x0000000708000000, 0x0000000708200000|  0%| F|  |TAMS 0x0000000708000000, 0x0000000708000000| Untracked 
|  47|0x0000000708200000, 0x0000000708200000, 0x0000000708400000|  0%| F|  |TAMS 0x0000000708200000, 0x0000000708200000| Untracked 
|  48|0x0000000708400000, 0x0000000708400000, 0x0000000708600000|  0%| F|  |TAMS 0x0000000708400000, 0x0000000708400000| Untracked 
|  49|0x0000000708600000, 0x0000000708600000, 0x0000000708800000|  0%| F|  |TAMS 0x0000000708600000, 0x0000000708600000| Untracked 
|  50|0x0000000708800000, 0x0000000708800000, 0x0000000708a00000|  0%| F|  |TAMS 0x0000000708800000, 0x0000000708800000| Untracked 
|  51|0x0000000708a00000, 0x0000000708a00000, 0x0000000708c00000|  0%| F|  |TAMS 0x0000000708a00000, 0x0000000708a00000| Untracked 
|  52|0x0000000708c00000, 0x0000000708c00000, 0x0000000708e00000|  0%| F|  |TAMS 0x0000000708c00000, 0x0000000708c00000| Untracked 
|  53|0x0000000708e00000, 0x0000000708e00000, 0x0000000709000000|  0%| F|  |TAMS 0x0000000708e00000, 0x0000000708e00000| Untracked 
|  54|0x0000000709000000, 0x0000000709000000, 0x0000000709200000|  0%| F|  |TAMS 0x0000000709000000, 0x0000000709000000| Untracked 
|  55|0x0000000709200000, 0x0000000709200000, 0x0000000709400000|  0%| F|  |TAMS 0x0000000709200000, 0x0000000709200000| Untracked 
|  56|0x0000000709400000, 0x0000000709400000, 0x0000000709600000|  0%| F|  |TAMS 0x0000000709400000, 0x0000000709400000| Untracked 
|  57|0x0000000709600000, 0x0000000709600000, 0x0000000709800000|  0%| F|  |TAMS 0x0000000709600000, 0x0000000709600000| Untracked 
|  58|0x0000000709800000, 0x0000000709800000, 0x0000000709a00000|  0%| F|  |TAMS 0x0000000709800000, 0x0000000709800000| Untracked 
|  59|0x0000000709a00000, 0x0000000709a00000, 0x0000000709c00000|  0%| F|  |TAMS 0x0000000709a00000, 0x0000000709a00000| Untracked 
|  60|0x0000000709c00000, 0x0000000709c00000, 0x0000000709e00000|  0%| F|  |TAMS 0x0000000709c00000, 0x0000000709c00000| Untracked 
|  61|0x0000000709e00000, 0x0000000709e00000, 0x000000070a000000|  0%| F|  |TAMS 0x0000000709e00000, 0x0000000709e00000| Untracked 
|  62|0x000000070a000000, 0x000000070a000000, 0x000000070a200000|  0%| F|  |TAMS 0x000000070a000000, 0x000000070a000000| Untracked 
|  63|0x000000070a200000, 0x000000070a400000, 0x000000070a400000|100%| O|  |TAMS 0x000000070a200000, 0x000000070a200000| Untracked 
|  64|0x000000070a400000, 0x000000070a600000, 0x000000070a600000|100%| O|  |TAMS 0x000000070a400000, 0x000000070a400000| Untracked 
|  65|0x000000070a600000, 0x000000070a800000, 0x000000070a800000|100%| O|  |TAMS 0x000000070a600000, 0x000000070a600000| Untracked 
|  66|0x000000070a800000, 0x000000070aa00000, 0x000000070aa00000|100%| O|  |TAMS 0x000000070a800000, 0x000000070a800000| Untracked 
|  67|0x000000070aa00000, 0x000000070ac00000, 0x000000070ac00000|100%| O|  |TAMS 0x000000070aa00000, 0x000000070aa00000| Untracked 
|  68|0x000000070ac00000, 0x000000070ae00000, 0x000000070ae00000|100%| O|  |TAMS 0x000000070ac00000, 0x000000070ac00000| Untracked 
|  69|0x000000070ae00000, 0x000000070b000000, 0x000000070b000000|100%| O|  |TAMS 0x000000070ae00000, 0x000000070ae00000| Untracked 
|  70|0x000000070b000000, 0x000000070b200000, 0x000000070b200000|100%| O|  |TAMS 0x000000070b000000, 0x000000070b000000| Untracked 
|  71|0x000000070b200000, 0x000000070b400000, 0x000000070b400000|100%| O|  |TAMS 0x000000070b200000, 0x000000070b200000| Untracked 
|  72|0x000000070b400000, 0x000000070b600000, 0x000000070b600000|100%| O|  |TAMS 0x000000070b400000, 0x000000070b400000| Untracked 
|  73|0x000000070b600000, 0x000000070b800000, 0x000000070b800000|100%| O|  |TAMS 0x000000070b600000, 0x000000070b600000| Untracked 
|  74|0x000000070b800000, 0x000000070ba00000, 0x000000070ba00000|100%| O|  |TAMS 0x000000070b800000, 0x000000070b800000| Untracked 
|  75|0x000000070ba00000, 0x000000070bc00000, 0x000000070bc00000|100%| O|  |TAMS 0x000000070ba00000, 0x000000070ba00000| Untracked 
|  76|0x000000070bc00000, 0x000000070be00000, 0x000000070be00000|100%| O|  |TAMS 0x000000070bc00000, 0x000000070bc00000| Untracked 
|  77|0x000000070be00000, 0x000000070c000000, 0x000000070c000000|100%| O|  |TAMS 0x000000070be00000, 0x000000070be00000| Untracked 
|  78|0x000000070c000000, 0x000000070c200000, 0x000000070c200000|100%| O|  |TAMS 0x000000070c000000, 0x000000070c000000| Untracked 
|  79|0x000000070c200000, 0x000000070c400000, 0x000000070c400000|100%| O|  |TAMS 0x000000070c200000, 0x000000070c200000| Untracked 
|  80|0x000000070c400000, 0x000000070c600000, 0x000000070c600000|100%| O|  |TAMS 0x000000070c400000, 0x000000070c400000| Untracked 
|  81|0x000000070c600000, 0x000000070c800000, 0x000000070c800000|100%| O|  |TAMS 0x000000070c600000, 0x000000070c600000| Untracked 
|  82|0x000000070c800000, 0x000000070ca00000, 0x000000070ca00000|100%| O|  |TAMS 0x000000070c800000, 0x000000070c800000| Untracked 
|  83|0x000000070ca00000, 0x000000070cc00000, 0x000000070cc00000|100%| O|  |TAMS 0x000000070ca00000, 0x000000070ca00000| Untracked 
|  84|0x000000070cc00000, 0x000000070ce00000, 0x000000070ce00000|100%| O|  |TAMS 0x000000070cc00000, 0x000000070cc00000| Untracked 
|  85|0x000000070ce00000, 0x000000070d000000, 0x000000070d000000|100%| O|  |TAMS 0x000000070ce00000, 0x000000070ce00000| Untracked 
|  86|0x000000070d000000, 0x000000070d200000, 0x000000070d200000|100%| O|  |TAMS 0x000000070d000000, 0x000000070d000000| Untracked 
|  87|0x000000070d200000, 0x000000070d400000, 0x000000070d400000|100%| O|  |TAMS 0x000000070d400000, 0x000000070d200000| Untracked 
|  88|0x000000070d400000, 0x000000070d600000, 0x000000070d600000|100%| O|  |TAMS 0x000000070d600000, 0x000000070d400000| Untracked 
|  89|0x000000070d600000, 0x000000070d800000, 0x000000070d800000|100%| O|  |TAMS 0x000000070d62a600, 0x000000070d600000| Untracked 
|  90|0x000000070d800000, 0x000000070da00000, 0x000000070da00000|100%| O|  |TAMS 0x000000070d800000, 0x000000070d800000| Untracked 
|  91|0x000000070da00000, 0x000000070dc00000, 0x000000070dc00000|100%| O|  |TAMS 0x000000070da00000, 0x000000070da00000| Untracked 
|  92|0x000000070dc00000, 0x000000070de00000, 0x000000070de00000|100%| O|  |TAMS 0x000000070dc00000, 0x000000070dc00000| Untracked 
|  93|0x000000070de00000, 0x000000070e000000, 0x000000070e000000|100%| O|  |TAMS 0x000000070de00000, 0x000000070de00000| Untracked 
|  94|0x000000070e000000, 0x000000070e200000, 0x000000070e200000|100%| O|  |TAMS 0x000000070e000000, 0x000000070e000000| Untracked 
|  95|0x000000070e200000, 0x000000070e400000, 0x000000070e400000|100%| O|  |TAMS 0x000000070e200000, 0x000000070e200000| Untracked 
|  96|0x000000070e400000, 0x000000070e600000, 0x000000070e600000|100%| O|  |TAMS 0x000000070e400000, 0x000000070e400000| Untracked 
|  97|0x000000070e600000, 0x000000070e800000, 0x000000070e800000|100%| O|  |TAMS 0x000000070e600000, 0x000000070e600000| Untracked 
|  98|0x000000070e800000, 0x000000070ea00000, 0x000000070ea00000|100%| O|  |TAMS 0x000000070e800000, 0x000000070e800000| Untracked 
|  99|0x000000070ea00000, 0x000000070ec00000, 0x000000070ec00000|100%| O|  |TAMS 0x000000070ea00000, 0x000000070ea00000| Untracked 
| 100|0x000000070ec00000, 0x000000070ee00000, 0x000000070ee00000|100%| O|  |TAMS 0x000000070ec00000, 0x000000070ec00000| Untracked 
| 101|0x000000070ee00000, 0x000000070f000000, 0x000000070f000000|100%| O|  |TAMS 0x000000070ee00000, 0x000000070ee00000| Untracked 
| 102|0x000000070f000000, 0x000000070f200000, 0x000000070f200000|100%| O|  |TAMS 0x000000070f000000, 0x000000070f000000| Untracked 
| 103|0x000000070f200000, 0x000000070f400000, 0x000000070f400000|100%| O|  |TAMS 0x000000070f200000, 0x000000070f200000| Untracked 
| 104|0x000000070f400000, 0x000000070f600000, 0x000000070f600000|100%| O|  |TAMS 0x000000070f400000, 0x000000070f400000| Untracked 
| 105|0x000000070f600000, 0x000000070f800000, 0x000000070f800000|100%| O|  |TAMS 0x000000070f600000, 0x000000070f600000| Untracked 
| 106|0x000000070f800000, 0x000000070f800000, 0x000000070fa00000|  0%| F|  |TAMS 0x000000070f800000, 0x000000070f800000| Untracked 
| 107|0x000000070fa00000, 0x000000070fa00000, 0x000000070fc00000|  0%| F|  |TAMS 0x000000070fa00000, 0x000000070fa00000| Untracked 
| 108|0x000000070fc00000, 0x000000070fc00000, 0x000000070fe00000|  0%| F|  |TAMS 0x000000070fc00000, 0x000000070fc00000| Untracked 
| 109|0x000000070fe00000, 0x000000070fe00000, 0x0000000710000000|  0%| F|  |TAMS 0x000000070fe00000, 0x000000070fe00000| Untracked 
| 110|0x0000000710000000, 0x0000000710000000, 0x0000000710200000|  0%| F|  |TAMS 0x0000000710000000, 0x0000000710000000| Untracked 
| 111|0x0000000710200000, 0x0000000710200000, 0x0000000710400000|  0%| F|  |TAMS 0x0000000710200000, 0x0000000710200000| Untracked 
| 112|0x0000000710400000, 0x0000000710400000, 0x0000000710600000|  0%| F|  |TAMS 0x0000000710400000, 0x0000000710400000| Untracked 
| 113|0x0000000710600000, 0x0000000710600000, 0x0000000710800000|  0%| F|  |TAMS 0x0000000710600000, 0x0000000710600000| Untracked 
| 114|0x0000000710800000, 0x0000000710800000, 0x0000000710a00000|  0%| F|  |TAMS 0x0000000710800000, 0x0000000710800000| Untracked 
| 115|0x0000000710a00000, 0x0000000710a00000, 0x0000000710c00000|  0%| F|  |TAMS 0x0000000710a00000, 0x0000000710a00000| Untracked 
| 116|0x0000000710c00000, 0x0000000710e00000, 0x0000000710e00000|100%| O|  |TAMS 0x0000000710e00000, 0x0000000710c00000| Untracked 
| 117|0x0000000710e00000, 0x0000000710e00000, 0x0000000711000000|  0%| F|  |TAMS 0x0000000710e00000, 0x0000000710e00000| Untracked 
| 118|0x0000000711000000, 0x0000000711000000, 0x0000000711200000|  0%| F|  |TAMS 0x0000000711000000, 0x0000000711000000| Untracked 
| 119|0x0000000711200000, 0x0000000711200000, 0x0000000711400000|  0%| F|  |TAMS 0x0000000711200000, 0x0000000711200000| Untracked 
| 120|0x0000000711400000, 0x0000000711400000, 0x0000000711600000|  0%| F|  |TAMS 0x0000000711400000, 0x0000000711400000| Untracked 
| 121|0x0000000711600000, 0x0000000711600000, 0x0000000711800000|  0%| F|  |TAMS 0x0000000711600000, 0x0000000711600000| Untracked 
| 122|0x0000000711800000, 0x0000000711800000, 0x0000000711a00000|  0%| F|  |TAMS 0x0000000711800000, 0x0000000711800000| Untracked 
| 123|0x0000000711a00000, 0x0000000711a00000, 0x0000000711c00000|  0%| F|  |TAMS 0x0000000711a00000, 0x0000000711a00000| Untracked 
| 124|0x0000000711c00000, 0x0000000711c00000, 0x0000000711e00000|  0%| F|  |TAMS 0x0000000711c00000, 0x0000000711c00000| Untracked 
| 125|0x0000000711e00000, 0x0000000711e00000, 0x0000000712000000|  0%| F|  |TAMS 0x0000000711e00000, 0x0000000711e00000| Untracked 
| 126|0x0000000712000000, 0x0000000712000000, 0x0000000712200000|  0%| F|  |TAMS 0x0000000712000000, 0x0000000712000000| Untracked 
| 127|0x0000000712200000, 0x0000000712200000, 0x0000000712400000|  0%| F|  |TAMS 0x0000000712200000, 0x0000000712200000| Untracked 
| 128|0x0000000712400000, 0x0000000712400000, 0x0000000712600000|  0%| F|  |TAMS 0x0000000712400000, 0x0000000712400000| Untracked 
| 129|0x0000000712600000, 0x0000000712600000, 0x0000000712800000|  0%| F|  |TAMS 0x0000000712600000, 0x0000000712600000| Untracked 
| 130|0x0000000712800000, 0x0000000712800000, 0x0000000712a00000|  0%| F|  |TAMS 0x0000000712800000, 0x0000000712800000| Untracked 
| 131|0x0000000712a00000, 0x0000000712a00000, 0x0000000712c00000|  0%| F|  |TAMS 0x0000000712a00000, 0x0000000712a00000| Untracked 
| 132|0x0000000712c00000, 0x0000000712c00000, 0x0000000712e00000|  0%| F|  |TAMS 0x0000000712c00000, 0x0000000712c00000| Untracked 
| 133|0x0000000712e00000, 0x0000000712e00000, 0x0000000713000000|  0%| F|  |TAMS 0x0000000712e00000, 0x0000000712e00000| Untracked 
| 134|0x0000000713000000, 0x0000000713000000, 0x0000000713200000|  0%| F|  |TAMS 0x0000000713000000, 0x0000000713000000| Untracked 
| 135|0x0000000713200000, 0x0000000713200000, 0x0000000713400000|  0%| F|  |TAMS 0x0000000713200000, 0x0000000713200000| Untracked 
| 136|0x0000000713400000, 0x0000000713400000, 0x0000000713600000|  0%| F|  |TAMS 0x0000000713400000, 0x0000000713400000| Untracked 
| 137|0x0000000713600000, 0x0000000713600000, 0x0000000713800000|  0%| F|  |TAMS 0x0000000713600000, 0x0000000713600000| Untracked 
| 138|0x0000000713800000, 0x0000000713800000, 0x0000000713a00000|  0%| F|  |TAMS 0x0000000713800000, 0x0000000713800000| Untracked 
| 139|0x0000000713a00000, 0x0000000713a00000, 0x0000000713c00000|  0%| F|  |TAMS 0x0000000713a00000, 0x0000000713a00000| Untracked 
| 140|0x0000000713c00000, 0x0000000713c00000, 0x0000000713e00000|  0%| F|  |TAMS 0x0000000713c00000, 0x0000000713c00000| Untracked 
| 141|0x0000000713e00000, 0x0000000713e00000, 0x0000000714000000|  0%| F|  |TAMS 0x0000000713e00000, 0x0000000713e00000| Untracked 
| 142|0x0000000714000000, 0x0000000714000000, 0x0000000714200000|  0%| F|  |TAMS 0x0000000714000000, 0x0000000714000000| Untracked 
| 143|0x0000000714200000, 0x0000000714200000, 0x0000000714400000|  0%| F|  |TAMS 0x0000000714200000, 0x0000000714200000| Untracked 
| 144|0x0000000714400000, 0x0000000714400000, 0x0000000714600000|  0%| F|  |TAMS 0x0000000714400000, 0x0000000714400000| Untracked 
| 145|0x0000000714600000, 0x0000000714600000, 0x0000000714800000|  0%| F|  |TAMS 0x0000000714600000, 0x0000000714600000| Untracked 
| 146|0x0000000714800000, 0x0000000714800000, 0x0000000714a00000|  0%| F|  |TAMS 0x0000000714800000, 0x0000000714800000| Untracked 
| 147|0x0000000714a00000, 0x0000000714a00000, 0x0000000714c00000|  0%| F|  |TAMS 0x0000000714a00000, 0x0000000714a00000| Untracked 
| 148|0x0000000714c00000, 0x0000000714c00000, 0x0000000714e00000|  0%| F|  |TAMS 0x0000000714c00000, 0x0000000714c00000| Untracked 
| 149|0x0000000714e00000, 0x0000000714e00000, 0x0000000715000000|  0%| F|  |TAMS 0x0000000714e00000, 0x0000000714e00000| Untracked 
| 150|0x0000000715000000, 0x0000000715000000, 0x0000000715200000|  0%| F|  |TAMS 0x0000000715000000, 0x0000000715000000| Untracked 
| 151|0x0000000715200000, 0x0000000715200000, 0x0000000715400000|  0%| F|  |TAMS 0x0000000715200000, 0x0000000715200000| Untracked 
| 152|0x0000000715400000, 0x0000000715400000, 0x0000000715600000|  0%| F|  |TAMS 0x0000000715400000, 0x0000000715400000| Untracked 
| 153|0x0000000715600000, 0x0000000715600000, 0x0000000715800000|  0%| F|  |TAMS 0x0000000715600000, 0x0000000715600000| Untracked 
| 154|0x0000000715800000, 0x0000000715800000, 0x0000000715a00000|  0%| F|  |TAMS 0x0000000715800000, 0x0000000715800000| Untracked 
| 155|0x0000000715a00000, 0x0000000715a00000, 0x0000000715c00000|  0%| F|  |TAMS 0x0000000715a00000, 0x0000000715a00000| Untracked 
| 156|0x0000000715c00000, 0x0000000715c00000, 0x0000000715e00000|  0%| F|  |TAMS 0x0000000715c00000, 0x0000000715c00000| Untracked 
| 157|0x0000000715e00000, 0x0000000715e00000, 0x0000000716000000|  0%| F|  |TAMS 0x0000000715e00000, 0x0000000715e00000| Untracked 
| 158|0x0000000716000000, 0x0000000716000000, 0x0000000716200000|  0%| F|  |TAMS 0x0000000716000000, 0x0000000716000000| Untracked 
| 159|0x0000000716200000, 0x0000000716200000, 0x0000000716400000|  0%| F|  |TAMS 0x0000000716200000, 0x0000000716200000| Untracked 
| 160|0x0000000716400000, 0x0000000716400000, 0x0000000716600000|  0%| F|  |TAMS 0x0000000716400000, 0x0000000716400000| Untracked 
| 161|0x0000000716600000, 0x0000000716600000, 0x0000000716800000|  0%| F|  |TAMS 0x0000000716600000, 0x0000000716600000| Untracked 
| 162|0x0000000716800000, 0x0000000716800000, 0x0000000716a00000|  0%| F|  |TAMS 0x0000000716800000, 0x0000000716800000| Untracked 
| 163|0x0000000716a00000, 0x0000000716a00000, 0x0000000716c00000|  0%| F|  |TAMS 0x0000000716a00000, 0x0000000716a00000| Untracked 
| 164|0x0000000716c00000, 0x0000000716c00000, 0x0000000716e00000|  0%| F|  |TAMS 0x0000000716c00000, 0x0000000716c00000| Untracked 
| 165|0x0000000716e00000, 0x0000000716e00000, 0x0000000717000000|  0%| F|  |TAMS 0x0000000716e00000, 0x0000000716e00000| Untracked 
| 166|0x0000000717000000, 0x0000000717000000, 0x0000000717200000|  0%| F|  |TAMS 0x0000000717000000, 0x0000000717000000| Untracked 
| 167|0x0000000717200000, 0x0000000717200000, 0x0000000717400000|  0%| F|  |TAMS 0x0000000717200000, 0x0000000717200000| Untracked 
| 168|0x0000000717400000, 0x0000000717400000, 0x0000000717600000|  0%| F|  |TAMS 0x0000000717400000, 0x0000000717400000| Untracked 
| 169|0x0000000717600000, 0x0000000717600000, 0x0000000717800000|  0%| F|  |TAMS 0x0000000717600000, 0x0000000717600000| Untracked 
| 170|0x0000000717800000, 0x0000000717800000, 0x0000000717a00000|  0%| F|  |TAMS 0x0000000717800000, 0x0000000717800000| Untracked 
| 171|0x0000000717a00000, 0x0000000717a00000, 0x0000000717c00000|  0%| F|  |TAMS 0x0000000717a00000, 0x0000000717a00000| Untracked 
| 172|0x0000000717c00000, 0x0000000717c00000, 0x0000000717e00000|  0%| F|  |TAMS 0x0000000717c00000, 0x0000000717c00000| Untracked 
| 173|0x0000000717e00000, 0x0000000717e00000, 0x0000000718000000|  0%| F|  |TAMS 0x0000000717e00000, 0x0000000717e00000| Untracked 
| 174|0x0000000718000000, 0x0000000718000000, 0x0000000718200000|  0%| F|  |TAMS 0x0000000718000000, 0x0000000718000000| Untracked 
| 175|0x0000000718200000, 0x0000000718200000, 0x0000000718400000|  0%| F|  |TAMS 0x0000000718200000, 0x0000000718200000| Untracked 
| 176|0x0000000718400000, 0x0000000718400000, 0x0000000718600000|  0%| F|  |TAMS 0x0000000718400000, 0x0000000718400000| Untracked 
| 177|0x0000000718600000, 0x0000000718600000, 0x0000000718800000|  0%| F|  |TAMS 0x0000000718600000, 0x0000000718600000| Untracked 
| 178|0x0000000718800000, 0x0000000718800000, 0x0000000718a00000|  0%| F|  |TAMS 0x0000000718800000, 0x0000000718800000| Untracked 
| 179|0x0000000718a00000, 0x0000000718a00000, 0x0000000718c00000|  0%| F|  |TAMS 0x0000000718a00000, 0x0000000718a00000| Untracked 
| 180|0x0000000718c00000, 0x0000000718c00000, 0x0000000718e00000|  0%| F|  |TAMS 0x0000000718c00000, 0x0000000718c00000| Untracked 
| 181|0x0000000718e00000, 0x0000000718e00000, 0x0000000719000000|  0%| F|  |TAMS 0x0000000718e00000, 0x0000000718e00000| Untracked 
| 182|0x0000000719000000, 0x0000000719000000, 0x0000000719200000|  0%| F|  |TAMS 0x0000000719000000, 0x0000000719000000| Untracked 
| 183|0x0000000719200000, 0x0000000719200000, 0x0000000719400000|  0%| F|  |TAMS 0x0000000719200000, 0x0000000719200000| Untracked 
| 184|0x0000000719400000, 0x0000000719400000, 0x0000000719600000|  0%| F|  |TAMS 0x0000000719400000, 0x0000000719400000| Untracked 
| 185|0x0000000719600000, 0x0000000719600000, 0x0000000719800000|  0%| F|  |TAMS 0x0000000719600000, 0x0000000719600000| Untracked 
| 186|0x0000000719800000, 0x0000000719800000, 0x0000000719a00000|  0%| F|  |TAMS 0x0000000719800000, 0x0000000719800000| Untracked 
| 187|0x0000000719a00000, 0x0000000719a00000, 0x0000000719c00000|  0%| F|  |TAMS 0x0000000719a00000, 0x0000000719a00000| Untracked 
| 188|0x0000000719c00000, 0x0000000719c00000, 0x0000000719e00000|  0%| F|  |TAMS 0x0000000719c00000, 0x0000000719c00000| Untracked 
| 189|0x0000000719e00000, 0x0000000719e00000, 0x000000071a000000|  0%| F|  |TAMS 0x0000000719e00000, 0x0000000719e00000| Untracked 
| 190|0x000000071a000000, 0x000000071a000000, 0x000000071a200000|  0%| F|  |TAMS 0x000000071a000000, 0x000000071a000000| Untracked 
| 191|0x000000071a200000, 0x000000071a200000, 0x000000071a400000|  0%| F|  |TAMS 0x000000071a200000, 0x000000071a200000| Untracked 
| 192|0x000000071a400000, 0x000000071a400000, 0x000000071a600000|  0%| F|  |TAMS 0x000000071a400000, 0x000000071a400000| Untracked 
| 193|0x000000071a600000, 0x000000071a600000, 0x000000071a800000|  0%| F|  |TAMS 0x000000071a600000, 0x000000071a600000| Untracked 
| 194|0x000000071a800000, 0x000000071a800000, 0x000000071aa00000|  0%| F|  |TAMS 0x000000071a800000, 0x000000071a800000| Untracked 
| 195|0x000000071aa00000, 0x000000071aa00000, 0x000000071ac00000|  0%| F|  |TAMS 0x000000071aa00000, 0x000000071aa00000| Untracked 
| 196|0x000000071ac00000, 0x000000071ac00000, 0x000000071ae00000|  0%| F|  |TAMS 0x000000071ac00000, 0x000000071ac00000| Untracked 
| 197|0x000000071ae00000, 0x000000071ae00000, 0x000000071b000000|  0%| F|  |TAMS 0x000000071ae00000, 0x000000071ae00000| Untracked 
| 198|0x000000071b000000, 0x000000071b000000, 0x000000071b200000|  0%| F|  |TAMS 0x000000071b000000, 0x000000071b000000| Untracked 
| 199|0x000000071b200000, 0x000000071b200000, 0x000000071b400000|  0%| F|  |TAMS 0x000000071b200000, 0x000000071b200000| Untracked 
| 200|0x000000071b400000, 0x000000071b400000, 0x000000071b600000|  0%| F|  |TAMS 0x000000071b400000, 0x000000071b400000| Untracked 
| 201|0x000000071b600000, 0x000000071b600000, 0x000000071b800000|  0%| F|  |TAMS 0x000000071b600000, 0x000000071b600000| Untracked 
| 202|0x000000071b800000, 0x000000071b800000, 0x000000071ba00000|  0%| F|  |TAMS 0x000000071b800000, 0x000000071b800000| Untracked 
| 203|0x000000071ba00000, 0x000000071ba00000, 0x000000071bc00000|  0%| F|  |TAMS 0x000000071ba00000, 0x000000071ba00000| Untracked 
| 204|0x000000071bc00000, 0x000000071bc00000, 0x000000071be00000|  0%| F|  |TAMS 0x000000071bc00000, 0x000000071bc00000| Untracked 
| 205|0x000000071be00000, 0x000000071be00000, 0x000000071c000000|  0%| F|  |TAMS 0x000000071be00000, 0x000000071be00000| Untracked 
| 206|0x000000071c000000, 0x000000071c000000, 0x000000071c200000|  0%| F|  |TAMS 0x000000071c000000, 0x000000071c000000| Untracked 
| 207|0x000000071c200000, 0x000000071c200000, 0x000000071c400000|  0%| F|  |TAMS 0x000000071c200000, 0x000000071c200000| Untracked 
| 208|0x000000071c400000, 0x000000071c400000, 0x000000071c600000|  0%| F|  |TAMS 0x000000071c400000, 0x000000071c400000| Untracked 
| 209|0x000000071c600000, 0x000000071c600000, 0x000000071c800000|  0%| F|  |TAMS 0x000000071c600000, 0x000000071c600000| Untracked 
| 210|0x000000071c800000, 0x000000071c800000, 0x000000071ca00000|  0%| F|  |TAMS 0x000000071c800000, 0x000000071c800000| Untracked 
| 211|0x000000071ca00000, 0x000000071ca00000, 0x000000071cc00000|  0%| F|  |TAMS 0x000000071ca00000, 0x000000071ca00000| Untracked 
| 212|0x000000071cc00000, 0x000000071cc00000, 0x000000071ce00000|  0%| F|  |TAMS 0x000000071cc00000, 0x000000071cc00000| Untracked 
| 213|0x000000071ce00000, 0x000000071ce00000, 0x000000071d000000|  0%| F|  |TAMS 0x000000071ce00000, 0x000000071ce00000| Untracked 
| 214|0x000000071d000000, 0x000000071d200000, 0x000000071d200000|100%| S|CS|TAMS 0x000000071d000000, 0x000000071d000000| Complete 
| 215|0x000000071d200000, 0x000000071d400000, 0x000000071d400000|100%| S|CS|TAMS 0x000000071d200000, 0x000000071d200000| Complete 
| 216|0x000000071d400000, 0x000000071d600000, 0x000000071d600000|100%| S|CS|TAMS 0x000000071d400000, 0x000000071d400000| Complete 
| 217|0x000000071d600000, 0x000000071d800000, 0x000000071d800000|100%| S|CS|TAMS 0x000000071d600000, 0x000000071d600000| Complete 
| 218|0x000000071d800000, 0x000000071d800000, 0x000000071da00000|  0%| F|  |TAMS 0x000000071d800000, 0x000000071d800000| Untracked 
| 219|0x000000071da00000, 0x000000071da00000, 0x000000071dc00000|  0%| F|  |TAMS 0x000000071da00000, 0x000000071da00000| Untracked 
| 220|0x000000071dc00000, 0x000000071dc00000, 0x000000071de00000|  0%| F|  |TAMS 0x000000071dc00000, 0x000000071dc00000| Untracked 
| 221|0x000000071de00000, 0x000000071de00000, 0x000000071e000000|  0%| F|  |TAMS 0x000000071de00000, 0x000000071de00000| Untracked 
| 222|0x000000071e000000, 0x000000071e000000, 0x000000071e200000|  0%| F|  |TAMS 0x000000071e000000, 0x000000071e000000| Untracked 
| 223|0x000000071e200000, 0x000000071e200000, 0x000000071e400000|  0%| F|  |TAMS 0x000000071e200000, 0x000000071e200000| Untracked 
| 224|0x000000071e400000, 0x000000071e400000, 0x000000071e600000|  0%| F|  |TAMS 0x000000071e400000, 0x000000071e400000| Untracked 
| 225|0x000000071e600000, 0x000000071e600000, 0x000000071e800000|  0%| F|  |TAMS 0x000000071e600000, 0x000000071e600000| Untracked 
| 226|0x000000071e800000, 0x000000071e800000, 0x000000071ea00000|  0%| F|  |TAMS 0x000000071e800000, 0x000000071e800000| Untracked 
| 227|0x000000071ea00000, 0x000000071ea00000, 0x000000071ec00000|  0%| F|  |TAMS 0x000000071ea00000, 0x000000071ea00000| Untracked 
| 228|0x000000071ec00000, 0x000000071ec00000, 0x000000071ee00000|  0%| F|  |TAMS 0x000000071ec00000, 0x000000071ec00000| Untracked 
| 229|0x000000071ee00000, 0x000000071ee00000, 0x000000071f000000|  0%| F|  |TAMS 0x000000071ee00000, 0x000000071ee00000| Untracked 
| 230|0x000000071f000000, 0x000000071f000000, 0x000000071f200000|  0%| F|  |TAMS 0x000000071f000000, 0x000000071f000000| Untracked 
| 231|0x000000071f200000, 0x000000071f200000, 0x000000071f400000|  0%| F|  |TAMS 0x000000071f200000, 0x000000071f200000| Untracked 
| 232|0x000000071f400000, 0x000000071f400000, 0x000000071f600000|  0%| F|  |TAMS 0x000000071f400000, 0x000000071f400000| Untracked 
| 233|0x000000071f600000, 0x000000071f600000, 0x000000071f800000|  0%| F|  |TAMS 0x000000071f600000, 0x000000071f600000| Untracked 
| 234|0x000000071f800000, 0x000000071f800000, 0x000000071fa00000|  0%| F|  |TAMS 0x000000071f800000, 0x000000071f800000| Untracked 
| 235|0x000000071fa00000, 0x000000071fa00000, 0x000000071fc00000|  0%| F|  |TAMS 0x000000071fa00000, 0x000000071fa00000| Untracked 
| 236|0x000000071fc00000, 0x000000071fc00000, 0x000000071fe00000|  0%| F|  |TAMS 0x000000071fc00000, 0x000000071fc00000| Untracked 
| 237|0x000000071fe00000, 0x000000071fe00000, 0x0000000720000000|  0%| F|  |TAMS 0x000000071fe00000, 0x000000071fe00000| Untracked 
| 238|0x0000000720000000, 0x0000000720000000, 0x0000000720200000|  0%| F|  |TAMS 0x0000000720000000, 0x0000000720000000| Untracked 
| 239|0x0000000720200000, 0x0000000720200000, 0x0000000720400000|  0%| F|  |TAMS 0x0000000720200000, 0x0000000720200000| Untracked 
| 240|0x0000000720400000, 0x0000000720400000, 0x0000000720600000|  0%| F|  |TAMS 0x0000000720400000, 0x0000000720400000| Untracked 
| 241|0x0000000720600000, 0x0000000720600000, 0x0000000720800000|  0%| F|  |TAMS 0x0000000720600000, 0x0000000720600000| Untracked 
| 242|0x0000000720800000, 0x0000000720800000, 0x0000000720a00000|  0%| F|  |TAMS 0x0000000720800000, 0x0000000720800000| Untracked 
| 243|0x0000000720a00000, 0x0000000720a00000, 0x0000000720c00000|  0%| F|  |TAMS 0x0000000720a00000, 0x0000000720a00000| Untracked 
| 244|0x0000000720c00000, 0x0000000720c00000, 0x0000000720e00000|  0%| F|  |TAMS 0x0000000720c00000, 0x0000000720c00000| Untracked 
| 245|0x0000000720e00000, 0x0000000720e00000, 0x0000000721000000|  0%| F|  |TAMS 0x0000000720e00000, 0x0000000720e00000| Untracked 
| 246|0x0000000721000000, 0x0000000721000000, 0x0000000721200000|  0%| F|  |TAMS 0x0000000721000000, 0x0000000721000000| Untracked 
| 247|0x0000000721200000, 0x0000000721200000, 0x0000000721400000|  0%| F|  |TAMS 0x0000000721200000, 0x0000000721200000| Untracked 
| 248|0x0000000721400000, 0x0000000721400000, 0x0000000721600000|  0%| F|  |TAMS 0x0000000721400000, 0x0000000721400000| Untracked 
| 249|0x0000000721600000, 0x0000000721600000, 0x0000000721800000|  0%| F|  |TAMS 0x0000000721600000, 0x0000000721600000| Untracked 
| 250|0x0000000721800000, 0x0000000721800000, 0x0000000721a00000|  0%| F|  |TAMS 0x0000000721800000, 0x0000000721800000| Untracked 
| 251|0x0000000721a00000, 0x0000000721a00000, 0x0000000721c00000|  0%| F|  |TAMS 0x0000000721a00000, 0x0000000721a00000| Untracked 
| 252|0x0000000721c00000, 0x0000000721c00000, 0x0000000721e00000|  0%| F|  |TAMS 0x0000000721c00000, 0x0000000721c00000| Untracked 
| 253|0x0000000721e00000, 0x0000000721e00000, 0x0000000722000000|  0%| F|  |TAMS 0x0000000721e00000, 0x0000000721e00000| Untracked 
| 254|0x0000000722000000, 0x0000000722000000, 0x0000000722200000|  0%| F|  |TAMS 0x0000000722000000, 0x0000000722000000| Untracked 
| 255|0x0000000722200000, 0x0000000722200000, 0x0000000722400000|  0%| F|  |TAMS 0x0000000722200000, 0x0000000722200000| Untracked 
| 256|0x0000000722400000, 0x0000000722400000, 0x0000000722600000|  0%| F|  |TAMS 0x0000000722400000, 0x0000000722400000| Untracked 
| 257|0x0000000722600000, 0x0000000722600000, 0x0000000722800000|  0%| F|  |TAMS 0x0000000722600000, 0x0000000722600000| Untracked 
| 258|0x0000000722800000, 0x0000000722800000, 0x0000000722a00000|  0%| F|  |TAMS 0x0000000722800000, 0x0000000722800000| Untracked 
| 259|0x0000000722a00000, 0x0000000722a00000, 0x0000000722c00000|  0%| F|  |TAMS 0x0000000722a00000, 0x0000000722a00000| Untracked 
| 260|0x0000000722c00000, 0x0000000722c00000, 0x0000000722e00000|  0%| F|  |TAMS 0x0000000722c00000, 0x0000000722c00000| Untracked 
| 261|0x0000000722e00000, 0x0000000722e00000, 0x0000000723000000|  0%| F|  |TAMS 0x0000000722e00000, 0x0000000722e00000| Untracked 
| 262|0x0000000723000000, 0x0000000723000000, 0x0000000723200000|  0%| F|  |TAMS 0x0000000723000000, 0x0000000723000000| Untracked 
| 263|0x0000000723200000, 0x0000000723200000, 0x0000000723400000|  0%| F|  |TAMS 0x0000000723200000, 0x0000000723200000| Untracked 
| 264|0x0000000723400000, 0x0000000723400000, 0x0000000723600000|  0%| F|  |TAMS 0x0000000723400000, 0x0000000723400000| Untracked 
| 265|0x0000000723600000, 0x0000000723600000, 0x0000000723800000|  0%| F|  |TAMS 0x0000000723600000, 0x0000000723600000| Untracked 
| 266|0x0000000723800000, 0x0000000723800000, 0x0000000723a00000|  0%| F|  |TAMS 0x0000000723800000, 0x0000000723800000| Untracked 
| 267|0x0000000723a00000, 0x0000000723a00000, 0x0000000723c00000|  0%| F|  |TAMS 0x0000000723a00000, 0x0000000723a00000| Untracked 
| 268|0x0000000723c00000, 0x0000000723c00000, 0x0000000723e00000|  0%| F|  |TAMS 0x0000000723c00000, 0x0000000723c00000| Untracked 
| 269|0x0000000723e00000, 0x0000000723e00000, 0x0000000724000000|  0%| F|  |TAMS 0x0000000723e00000, 0x0000000723e00000| Untracked 
| 270|0x0000000724000000, 0x0000000724000000, 0x0000000724200000|  0%| F|  |TAMS 0x0000000724000000, 0x0000000724000000| Untracked 
| 271|0x0000000724200000, 0x0000000724200000, 0x0000000724400000|  0%| F|  |TAMS 0x0000000724200000, 0x0000000724200000| Untracked 
| 272|0x0000000724400000, 0x0000000724400000, 0x0000000724600000|  0%| F|  |TAMS 0x0000000724400000, 0x0000000724400000| Untracked 
| 273|0x0000000724600000, 0x0000000724600000, 0x0000000724800000|  0%| F|  |TAMS 0x0000000724600000, 0x0000000724600000| Untracked 
| 274|0x0000000724800000, 0x0000000724800000, 0x0000000724a00000|  0%| F|  |TAMS 0x0000000724800000, 0x0000000724800000| Untracked 
| 275|0x0000000724a00000, 0x0000000724a00000, 0x0000000724c00000|  0%| F|  |TAMS 0x0000000724a00000, 0x0000000724a00000| Untracked 
| 276|0x0000000724c00000, 0x0000000724c00000, 0x0000000724e00000|  0%| F|  |TAMS 0x0000000724c00000, 0x0000000724c00000| Untracked 
| 277|0x0000000724e00000, 0x0000000724e00000, 0x0000000725000000|  0%| F|  |TAMS 0x0000000724e00000, 0x0000000724e00000| Untracked 
| 278|0x0000000725000000, 0x0000000725000000, 0x0000000725200000|  0%| F|  |TAMS 0x0000000725000000, 0x0000000725000000| Untracked 
| 279|0x0000000725200000, 0x0000000725200000, 0x0000000725400000|  0%| F|  |TAMS 0x0000000725200000, 0x0000000725200000| Untracked 
| 280|0x0000000725400000, 0x0000000725400000, 0x0000000725600000|  0%| F|  |TAMS 0x0000000725400000, 0x0000000725400000| Untracked 
| 281|0x0000000725600000, 0x0000000725600000, 0x0000000725800000|  0%| F|  |TAMS 0x0000000725600000, 0x0000000725600000| Untracked 
| 282|0x0000000725800000, 0x0000000725800000, 0x0000000725a00000|  0%| F|  |TAMS 0x0000000725800000, 0x0000000725800000| Untracked 
| 283|0x0000000725a00000, 0x0000000725a00000, 0x0000000725c00000|  0%| F|  |TAMS 0x0000000725a00000, 0x0000000725a00000| Untracked 
| 284|0x0000000725c00000, 0x0000000725c00000, 0x0000000725e00000|  0%| F|  |TAMS 0x0000000725c00000, 0x0000000725c00000| Untracked 
| 285|0x0000000725e00000, 0x0000000725e00000, 0x0000000726000000|  0%| F|  |TAMS 0x0000000725e00000, 0x0000000725e00000| Untracked 
| 286|0x0000000726000000, 0x0000000726000000, 0x0000000726200000|  0%| F|  |TAMS 0x0000000726000000, 0x0000000726000000| Untracked 
| 287|0x0000000726200000, 0x0000000726200000, 0x0000000726400000|  0%| F|  |TAMS 0x0000000726200000, 0x0000000726200000| Untracked 
| 288|0x0000000726400000, 0x0000000726400000, 0x0000000726600000|  0%| F|  |TAMS 0x0000000726400000, 0x0000000726400000| Untracked 
| 289|0x0000000726600000, 0x0000000726600000, 0x0000000726800000|  0%| F|  |TAMS 0x0000000726600000, 0x0000000726600000| Untracked 
| 290|0x0000000726800000, 0x0000000726800000, 0x0000000726a00000|  0%| F|  |TAMS 0x0000000726800000, 0x0000000726800000| Untracked 
| 291|0x0000000726a00000, 0x0000000726a00000, 0x0000000726c00000|  0%| F|  |TAMS 0x0000000726a00000, 0x0000000726a00000| Untracked 
| 292|0x0000000726c00000, 0x0000000726c00000, 0x0000000726e00000|  0%| F|  |TAMS 0x0000000726c00000, 0x0000000726c00000| Untracked 
| 293|0x0000000726e00000, 0x0000000726e00000, 0x0000000727000000|  0%| F|  |TAMS 0x0000000726e00000, 0x0000000726e00000| Untracked 
| 294|0x0000000727000000, 0x0000000727000000, 0x0000000727200000|  0%| F|  |TAMS 0x0000000727000000, 0x0000000727000000| Untracked 
| 295|0x0000000727200000, 0x0000000727200000, 0x0000000727400000|  0%| F|  |TAMS 0x0000000727200000, 0x0000000727200000| Untracked 
| 602|0x000000074d800000, 0x000000074d800000, 0x000000074da00000|  0%| F|  |TAMS 0x000000074d800000, 0x000000074d800000| Untracked 
|2029|0x00000007ffe00000, 0x0000000800000000, 0x0000000800000000|100%| O|  |TAMS 0x0000000800000000, 0x00000007ffe00000| Untracked 

Card table byte_map: [0x0000027c1b860000,0x0000027c1c050000] _byte_map_base: 0x0000027c1804e000

Marking Bits (Prev, Next): (CMBitMap*) 0x0000027c08f04340, (CMBitMap*) 0x0000027c08f04300
 Prev Bits: [0x0000027c207b0000, 0x0000027c24720000)
 Next Bits: [0x0000027c1c840000, 0x0000027c207b0000)

Polling page: 0x0000027c06e20000

Metaspace:

Usage:
  Non-class:     36.16 MB used.
      Class:      4.81 MB used.
       Both:     40.97 MB used.

Virtual space:
  Non-class space:       64.00 MB reserved,      36.44 MB ( 57%) committed,  1 nodes.
      Class space:        1.00 GB reserved,       5.06 MB ( <1%) committed,  1 nodes.
             Both:        1.06 GB reserved,      41.50 MB (  4%) committed. 

Chunk freelists:
   Non-Class:  10.65 MB
       Class:  10.94 MB
        Both:  21.59 MB

MaxMetaspaceSize: unlimited
CompressedClassSpaceSize: 1.00 GB
Initial GC threshold: 21.00 MB
Current GC threshold: 69.00 MB
CDS: off
MetaspaceReclaimPolicy: balanced
 - commit_granule_bytes: 65536.
 - commit_granule_words: 8192.
 - virtual_space_node_default_size: 8388608.
 - enlarge_chunks_in_place: 1.
 - new_chunks_are_fully_committed: 0.
 - uncommit_free_chunks: 1.
 - use_allocation_guard: 0.
 - handle_deallocations: 1.


Internal statistics:

num_allocs_failed_limit: 8.
num_arena_births: 722.
num_arena_deaths: 0.
num_vsnodes_births: 2.
num_vsnodes_deaths: 0.
num_space_committed: 664.
num_space_uncommitted: 0.
num_chunks_returned_to_freelist: 8.
num_chunks_taken_from_freelist: 2088.
num_chunk_merges: 8.
num_chunk_splits: 1363.
num_chunks_enlarged: 929.
num_inconsistent_stats: 0.

CodeHeap 'non-profiled nmethods': size=120000Kb used=4007Kb max_used=4007Kb free=115992Kb
 bounds [0x0000027c135f0000, 0x0000027c139e0000, 0x0000027c1ab20000]
CodeHeap 'profiled nmethods': size=120000Kb used=12351Kb max_used=12351Kb free=107648Kb
 bounds [0x0000027c0bb20000, 0x0000027c0c740000, 0x0000027c13050000]
CodeHeap 'non-nmethods': size=5760Kb used=1249Kb max_used=1303Kb free=4510Kb
 bounds [0x0000027c13050000, 0x0000027c132c0000, 0x0000027c135f0000]
 total_blobs=6675 nmethods=6116 adapters=471
 compilation: enabled
              stopped_count=0, restarted_count=0
 full_count=0

Compilation events (20 events):
Event: 1555.381 Thread 0x0000027c274807d0 6943       3       com.fasterxml.jackson.databind.ser.std.StdSerializer::_neitherNull (14 bytes)
Event: 1555.382 Thread 0x0000027c274807d0 nmethod 6943 0x0000027c0c72e410 code [0x0000027c0c72e5a0, 0x0000027c0c72e718]
Event: 1555.651 Thread 0x0000027c274807d0 6944       3       jdk.internal.reflect.ClassFileAssembler::<init> (8 bytes)
Event: 1555.652 Thread 0x0000027c274807d0 nmethod 6944 0x0000027c0c72e790 code [0x0000027c0c72e960, 0x0000027c0c72ee98]
Event: 1555.652 Thread 0x0000027c274807d0 6945       3       jdk.internal.reflect.ClassFileAssembler::opc_invokespecial (26 bytes)
Event: 1555.652 Thread 0x0000027c2747fd20 6949       4       com.fasterxml.jackson.core.json.JsonWriteContext::writeFieldName (56 bytes)
Event: 1555.652 Thread 0x0000027c274807d0 nmethod 6945 0x0000027c0c72f090 code [0x0000027c0c72f280, 0x0000027c0c72f788]
Event: 1555.652 Thread 0x0000027c274807d0 6946       3       jdk.internal.reflect.ClassFileAssembler::emitInt (46 bytes)
Event: 1555.653 Thread 0x0000027c274807d0 nmethod 6946 0x0000027c0c72fa90 code [0x0000027c0c72fca0, 0x0000027c0c730178]
Event: 1555.653 Thread 0x0000027c274807d0 6947       3       jdk.internal.reflect.ByteVectorImpl::put (27 bytes)
Event: 1555.653 Thread 0x0000027c274807d0 nmethod 6947 0x0000027c0c730410 code [0x0000027c0c7305c0, 0x0000027c0c7307a8]
Event: 1555.653 Thread 0x0000027c274807d0 6948       1       com.fasterxml.jackson.databind.JavaType::useStaticType (5 bytes)
Event: 1555.653 Thread 0x0000027c274807d0 nmethod 6948 0x0000027c139d9490 code [0x0000027c139d9620, 0x0000027c139d96f8]
Event: 1555.654 Thread 0x0000027c2747fd20 nmethod 6949 0x0000027c139d9790 code [0x0000027c139d9900, 0x0000027c139d9ad8]
Event: 1556.725 Thread 0x0000027c274807d0 6950       3       java.util.concurrent.LinkedBlockingQueue$Node::<init> (10 bytes)
Event: 1556.725 Thread 0x0000027c274807d0 nmethod 6950 0x0000027c0c730910 code [0x0000027c0c730aa0, 0x0000027c0c730c58]
Event: 1556.725 Thread 0x0000027c274807d0 6951       1       org.apache.tomcat.util.net.SocketWrapperBase::getEndpoint (5 bytes)
Event: 1556.725 Thread 0x0000027c274807d0 nmethod 6951 0x0000027c139d9b90 code [0x0000027c139d9d20, 0x0000027c139d9df8]
Event: 1556.912 Thread 0x0000027c274807d0 6952       3       org.apache.catalina.mapper.Mapper::compareIgnoreCase (132 bytes)
Event: 1556.912 Thread 0x0000027c274807d0 nmethod 6952 0x0000027c0c730d10 code [0x0000027c0c730f60, 0x0000027c0c731a38]

GC Heap History (20 events):
Event: 1238.474 GC heap after
{Heap after GC invocations=281 (full 0):
 garbage-first heap   total 491520K, used 123650K [0x0000000702400000, 0x0000000800000000)
  region size 2048K, 9 young (18432K), 9 survivors (18432K)
 Metaspace       used 41909K, committed 42368K, reserved 1114112K
  class space    used 4923K, committed 5184K, reserved 1048576K
}
Event: 1240.493 GC heap before
{Heap before GC invocations=282 (full 0):
 garbage-first heap   total 485376K, used 349825K [0x0000000702400000, 0x0000000800000000)
  region size 2048K, 64 young (131072K), 9 survivors (18432K)
 Metaspace       used 41912K, committed 42368K, reserved 1114112K
  class space    used 4923K, committed 5184K, reserved 1048576K
}
Event: 1240.494 GC heap after
{Heap after GC invocations=283 (full 0):
 garbage-first heap   total 485376K, used 174100K [0x0000000702400000, 0x0000000800000000)
  region size 2048K, 2 young (4096K), 2 survivors (4096K)
 Metaspace       used 41912K, committed 42368K, reserved 1114112K
  class space    used 4923K, committed 5184K, reserved 1048576K
}
Event: 1240.583 GC heap before
{Heap before GC invocations=283 (full 0):
 garbage-first heap   total 485376K, used 190484K [0x0000000702400000, 0x0000000800000000)
  region size 2048K, 11 young (22528K), 2 survivors (4096K)
 Metaspace       used 41912K, committed 42368K, reserved 1114112K
  class space    used 4923K, committed 5184K, reserved 1048576K
}
Event: 1240.586 GC heap after
{Heap after GC invocations=284 (full 0):
 garbage-first heap   total 485376K, used 140546K [0x0000000702400000, 0x0000000800000000)
  region size 2048K, 2 young (4096K), 2 survivors (4096K)
 Metaspace       used 41912K, committed 42368K, reserved 1114112K
  class space    used 4923K, committed 5184K, reserved 1048576K
}
Event: 1240.709 GC heap before
{Heap before GC invocations=284 (full 0):
 garbage-first heap   total 485376K, used 171266K [0x0000000702400000, 0x0000000800000000)
  region size 2048K, 19 young (38912K), 2 survivors (4096K)
 Metaspace       used 41912K, committed 42368K, reserved 1114112K
  class space    used 4923K, committed 5184K, reserved 1048576K
}
Event: 1240.716 GC heap after
{Heap after GC invocations=285 (full 0):
 garbage-first heap   total 610304K, used 174338K [0x0000000702400000, 0x0000000800000000)
  region size 2048K, 8 young (16384K), 8 survivors (16384K)
 Metaspace       used 41912K, committed 42368K, reserved 1114112K
  class space    used 4923K, committed 5184K, reserved 1048576K
}
Event: 1241.174 GC heap before
{Heap before GC invocations=286 (full 0):
 garbage-first heap   total 499712K, used 366465K [0x0000000702400000, 0x0000000800000000)
  region size 2048K, 72 young (147456K), 8 survivors (16384K)
 Metaspace       used 41913K, committed 42368K, reserved 1114112K
  class space    used 4923K, committed 5184K, reserved 1048576K
}
Event: 1241.178 GC heap after
{Heap after GC invocations=287 (full 0):
 garbage-first heap   total 499712K, used 145674K [0x0000000702400000, 0x0000000800000000)
  region size 2048K, 10 young (20480K), 10 survivors (20480K)
 Metaspace       used 41913K, committed 42368K, reserved 1114112K
  class space    used 4923K, committed 5184K, reserved 1048576K
}
Event: 1241.197 GC heap before
{Heap before GC invocations=287 (full 0):
 garbage-first heap   total 499712K, used 147722K [0x0000000702400000, 0x0000000800000000)
  region size 2048K, 12 young (24576K), 10 survivors (20480K)
 Metaspace       used 41913K, committed 42368K, reserved 1114112K
  class space    used 4923K, committed 5184K, reserved 1048576K
}
Event: 1241.200 GC heap after
{Heap after GC invocations=288 (full 0):
 garbage-first heap   total 499712K, used 147858K [0x0000000702400000, 0x0000000800000000)
  region size 2048K, 2 young (4096K), 2 survivors (4096K)
 Metaspace       used 41913K, committed 42368K, reserved 1114112K
  class space    used 4923K, committed 5184K, reserved 1048576K
}
Event: 1241.325 GC heap before
{Heap before GC invocations=288 (full 0):
 garbage-first heap   total 499712K, used 194962K [0x0000000702400000, 0x0000000800000000)
  region size 2048K, 27 young (55296K), 2 survivors (4096K)
 Metaspace       used 41913K, committed 42368K, reserved 1114112K
  class space    used 4923K, committed 5184K, reserved 1048576K
}
Event: 1241.333 GC heap after
{Heap after GC invocations=289 (full 0):
 garbage-first heap   total 499712K, used 195970K [0x0000000702400000, 0x0000000800000000)
  region size 2048K, 8 young (16384K), 8 survivors (16384K)
 Metaspace       used 41913K, committed 42368K, reserved 1114112K
  class space    used 4923K, committed 5184K, reserved 1048576K
}
Event: 1245.160 GC heap before
{Heap before GC invocations=290 (full 0):
 garbage-first heap   total 499712K, used 295681K [0x0000000702400000, 0x0000000800000000)
  region size 2048K, 51 young (104448K), 8 survivors (16384K)
 Metaspace       used 41915K, committed 42432K, reserved 1114112K
  class space    used 4923K, committed 5184K, reserved 1048576K
}
Event: 1245.169 GC heap after
{Heap after GC invocations=291 (full 0):
 garbage-first heap   total 499712K, used 196865K [0x0000000702400000, 0x0000000800000000)
  region size 2048K, 7 young (14336K), 7 survivors (14336K)
 Metaspace       used 41915K, committed 42432K, reserved 1114112K
  class space    used 4923K, committed 5184K, reserved 1048576K
}
Event: 1555.076 GC heap before
{Heap before GC invocations=291 (full 0):
 garbage-first heap   total 499712K, used 254209K [0x0000000702400000, 0x0000000800000000)
  region size 2048K, 12 young (24576K), 7 survivors (14336K)
 Metaspace       used 41920K, committed 42432K, reserved 1114112K
  class space    used 4923K, committed 5184K, reserved 1048576K
}
Event: 1555.078 GC heap after
{Heap after GC invocations=292 (full 0):
 garbage-first heap   total 499712K, used 187818K [0x0000000702400000, 0x0000000800000000)
  region size 2048K, 2 young (4096K), 2 survivors (4096K)
 Metaspace       used 41920K, committed 42432K, reserved 1114112K
  class space    used 4923K, committed 5184K, reserved 1048576K
}
Event: 1555.339 GC heap before
{Heap before GC invocations=292 (full 0):
 garbage-first heap   total 499712K, used 279978K [0x0000000702400000, 0x0000000800000000)
  region size 2048K, 48 young (98304K), 2 survivors (4096K)
 Metaspace       used 41920K, committed 42432K, reserved 1114112K
  class space    used 4923K, committed 5184K, reserved 1048576K
}
Event: 1555.353 GC heap after
{Heap after GC invocations=293 (full 0):
 garbage-first heap   total 499712K, used 281601K [0x0000000702400000, 0x0000000800000000)
  region size 2048K, 6 young (12288K), 6 survivors (12288K)
 Metaspace       used 41920K, committed 42432K, reserved 1114112K
  class space    used 4923K, committed 5184K, reserved 1048576K
}
Event: 1557.085 GC heap before
{Heap before GC invocations=294 (full 0):
 garbage-first heap   total 499712K, used 238593K [0x0000000702400000, 0x0000000800000000)
  region size 2048K, 31 young (63488K), 6 survivors (12288K)
 Metaspace       used 41956K, committed 42496K, reserved 1114112K
  class space    used 4929K, committed 5184K, reserved 1048576K
}

Dll operation events (9 events):
Event: 0.008 Loaded shared library C:\Users\Badr\.vscode\extensions\redhat.java-1.37.0-win32-x64\jre\17.0.13-win32-x86_64\bin\java.dll
Event: 0.117 Loaded shared library C:\Users\Badr\.vscode\extensions\redhat.java-1.37.0-win32-x64\jre\17.0.13-win32-x86_64\bin\net.dll
Event: 0.118 Loaded shared library C:\Users\Badr\.vscode\extensions\redhat.java-1.37.0-win32-x64\jre\17.0.13-win32-x86_64\bin\nio.dll
Event: 0.123 Loaded shared library C:\Users\Badr\.vscode\extensions\redhat.java-1.37.0-win32-x64\jre\17.0.13-win32-x86_64\bin\zip.dll
Event: 0.207 Loaded shared library C:\Users\Badr\.vscode\extensions\redhat.java-1.37.0-win32-x64\jre\17.0.13-win32-x86_64\bin\jimage.dll
Event: 1.153 Loaded shared library C:\Users\Badr\.vscode\extensions\redhat.java-1.37.0-win32-x64\jre\17.0.13-win32-x86_64\bin\sunmscapi.dll
Event: 2.182 Loaded shared library C:\Users\Badr\.vscode\extensions\redhat.java-1.37.0-win32-x64\jre\17.0.13-win32-x86_64\bin\management.dll
Event: 2.184 Loaded shared library C:\Users\Badr\.vscode\extensions\redhat.java-1.37.0-win32-x64\jre\17.0.13-win32-x86_64\bin\management_ext.dll
Event: 2.715 Loaded shared library C:\Users\Badr\.vscode\extensions\redhat.java-1.37.0-win32-x64\jre\17.0.13-win32-x86_64\bin\extnet.dll

Deoptimization events (20 events):
Event: 1246.318 Thread 0x0000027c2eaf6270 Uncommon trap: trap_request=0xffffff45 fr.pc=0x0000027c136c1e04 relative=0x00000000000002c4
Event: 1246.318 Thread 0x0000027c2eaf6270 Uncommon trap: reason=unstable_if action=reinterpret pc=0x0000027c136c1e04 method=java.util.concurrent.ConcurrentHashMap.addCount(JI)V @ 34 c2
Event: 1246.318 Thread 0x0000027c2eaf6270 DEOPT PACKING pc=0x0000027c136c1e04 sp=0x000000f559efec40
Event: 1246.318 Thread 0x0000027c2eaf6270 DEOPT UNPACKING pc=0x0000027c130a69a3 sp=0x000000f559efeb80 mode 2
Event: 1555.039 Thread 0x0000027c2eaf20a0 Uncommon trap: trap_request=0xffffff45 fr.pc=0x0000027c1363917c relative=0x0000000000000fdc
Event: 1555.039 Thread 0x0000027c2eaf20a0 Uncommon trap: reason=unstable_if action=reinterpret pc=0x0000027c1363917c method=java.util.concurrent.ConcurrentHashMap.addCount(JI)V @ 7 c2
Event: 1555.039 Thread 0x0000027c2eaf20a0 DEOPT PACKING pc=0x0000027c1363917c sp=0x000000f55a0ff090
Event: 1555.039 Thread 0x0000027c2eaf20a0 DEOPT UNPACKING pc=0x0000027c130a69a3 sp=0x000000f55a0fef60 mode 2
Event: 1555.379 Thread 0x0000027c2ed9efb0 Uncommon trap: trap_request=0xffffffde fr.pc=0x0000027c138d9470 relative=0x0000000000001890
Event: 1555.379 Thread 0x0000027c2ed9efb0 Uncommon trap: reason=class_check action=maybe_recompile pc=0x0000027c138d9470 method=com.fasterxml.jackson.databind.util.internal.PrivateMaxEntriesMap.drainOnReadIfNeeded(IJ)V @ 35 c2
Event: 1555.379 Thread 0x0000027c2ed9efb0 DEOPT PACKING pc=0x0000027c138d9470 sp=0x000000f5598fba90
Event: 1555.379 Thread 0x0000027c2ed9efb0 DEOPT UNPACKING pc=0x0000027c130a69a3 sp=0x000000f5598fb880 mode 2
Event: 1555.379 Thread 0x0000027c2ed9efb0 Uncommon trap: trap_request=0xffffffde fr.pc=0x0000027c138d9470 relative=0x0000000000001890
Event: 1555.379 Thread 0x0000027c2ed9efb0 Uncommon trap: reason=class_check action=maybe_recompile pc=0x0000027c138d9470 method=com.fasterxml.jackson.databind.util.internal.PrivateMaxEntriesMap.drainOnReadIfNeeded(IJ)V @ 35 c2
Event: 1555.379 Thread 0x0000027c2ed9efb0 DEOPT PACKING pc=0x0000027c138d9470 sp=0x000000f5598fb980
Event: 1555.379 Thread 0x0000027c2ed9efb0 DEOPT UNPACKING pc=0x0000027c130a69a3 sp=0x000000f5598fb770 mode 2
Event: 1555.653 Thread 0x0000027c2eaf1170 Uncommon trap: trap_request=0xffffff45 fr.pc=0x0000027c13606da4 relative=0x0000000000000504
Event: 1555.653 Thread 0x0000027c2eaf1170 Uncommon trap: reason=unstable_if action=reinterpret pc=0x0000027c13606da4 method=java.util.concurrent.ConcurrentLinkedQueue.updateHead(Ljava/util/concurrent/ConcurrentLinkedQueue$Node;Ljava/util/concurrent/ConcurrentLinkedQueue$Node;)V @ 14 c2
Event: 1555.653 Thread 0x0000027c2eaf1170 DEOPT PACKING pc=0x0000027c13606da4 sp=0x000000f559dfcc90
Event: 1555.653 Thread 0x0000027c2eaf1170 DEOPT UNPACKING pc=0x0000027c130a69a3 sp=0x000000f559dfcbd0 mode 2

Classes loaded (20 events):
Event: 68.962 Loading class java/util/OptionalDouble
Event: 68.962 Loading class java/util/OptionalDouble done
Event: 68.963 Loading class java/util/stream/LongStream
Event: 68.963 Loading class java/util/stream/LongStream done
Event: 68.963 Loading class java/util/stream/DoubleStream
Event: 68.963 Loading class java/util/stream/DoubleStream done
Event: 69.600 Loading class sun/reflect/generics/repository/FieldRepository
Event: 69.600 Loading class sun/reflect/generics/repository/FieldRepository done
Event: 79.119 Loading class jdk/internal/access/foreign/MemorySegmentProxy
Event: 79.119 Loading class jdk/internal/access/foreign/MemorySegmentProxy done
Event: 79.306 Loading class jdk/internal/misc/ScopedMemoryAccess$Scope$Handle
Event: 79.306 Loading class jdk/internal/misc/ScopedMemoryAccess$Scope$Handle done
Event: 120.397 Loading class java/io/FileOutputStream$1
Event: 120.397 Loading class java/io/FileOutputStream$1 done
Event: 625.557 Loading class java/util/UUID$Holder
Event: 625.557 Loading class java/util/UUID$Holder done
Event: 625.584 Loading class java/util/regex/Pattern$BnM
Event: 625.584 Loading class java/util/regex/Pattern$BnM done
Event: 1232.519 Loading class java/lang/invoke/MethodHandleImpl$CountingWrapper$1
Event: 1232.519 Loading class java/lang/invoke/MethodHandleImpl$CountingWrapper$1 done

Classes unloaded (0 events):
No events

Classes redefined (0 events):
No events

Internal exceptions (20 events):
Event: 2.650 Thread 0x0000027c08e8e7a0 Exception <a 'java/lang/NoSuchMethodError'{0x000000071214a298}: 'int java.lang.invoke.DirectMethodHandle$Holder.invokeStaticInit(java.lang.Object, java.lang.Object, java.lang.Object, java.lang.Object)'> (0x000000071214a298) 
thrown [s\src\hotspot\share\interpreter\linkResolver.cpp, line 759]
Event: 2.709 Thread 0x0000027c08e8e7a0 Exception <a 'java/lang/NoSuchMethodError'{0x0000000705548cc8}: 'java.lang.Object java.lang.invoke.DirectMethodHandle$Holder.newInvokeSpecial(java.lang.Object, java.lang.Object, int, java.lang.Object, java.lang.Object)'> (0x0000000705548cc8) 
thrown [s\src\hotspot\share\interpreter\linkResolver.cpp, line 759]
Event: 68.864 Thread 0x0000027c2ed9eaa0 Exception <a 'java/lang/NoSuchMethodError'{0x0000000704b46538}: 'java.lang.Object java.lang.invoke.DirectMethodHandle$Holder.invokeSpecial(java.lang.Object, java.lang.Object, java.lang.Object, java.lang.Object, java.lang.Object, long)'> (0x0000000704b46538) 
thrown [s\src\hotspot\share\interpreter\linkResolver.cpp, line 759]
Event: 68.864 Thread 0x0000027c2ed9eaa0 Exception <a 'java/lang/NoSuchMethodError'{0x0000000704b49f78}: 'java.lang.Object java.lang.invoke.Invokers$Holder.linkToTargetMethod(java.lang.Object, java.lang.Object, java.lang.Object, long, java.lang.Object)'> (0x0000000704b49f78) 
thrown [s\src\hotspot\share\interpreter\linkResolver.cpp, line 759]
Event: 81.011 Thread 0x0000027c2ed9eaa0 Exception <a 'java/io/IOException'{0x00000007291eb3e0}> (0x00000007291eb3e0) 
thrown [s\src\hotspot\share\prims\jni.cpp, line 516]
Event: 81.017 Thread 0x0000027c2ed9eaa0 Exception <a 'java/lang/NoSuchMethodError'{0x0000000728d19130}: 'java.lang.Object java.lang.invoke.Invokers$Holder.invoke_MT(java.lang.Object, java.lang.Object, java.lang.Object, java.lang.Object, java.lang.Object, java.lang.Object, java.lang.Object, java.lang.Object, java.lang.Object)'> (0x0000000728d19130) 
thrown [s\src\hotspot\share\interpreter\linkResolver.cpp, line 759]
Event: 81.021 Thread 0x0000027c2ed9eaa0 Exception <a 'java/io/IOException'{0x0000000728d3ef48}> (0x0000000728d3ef48) 
thrown [s\src\hotspot\share\prims\jni.cpp, line 516]
Event: 87.587 Thread 0x0000027c2ed9e080 Exception <a 'java/io/IOException'{0x000000072f303600}> (0x000000072f303600) 
thrown [s\src\hotspot\share\prims\jni.cpp, line 516]
Event: 87.588 Thread 0x0000027c2ed9e080 Exception <a 'java/io/IOException'{0x000000072f307cf8}> (0x000000072f307cf8) 
thrown [s\src\hotspot\share\prims\jni.cpp, line 516]
Event: 129.786 Thread 0x0000027c2ed9f4c0 Exception <a 'java/io/IOException'{0x000000072f3030b0}> (0x000000072f3030b0) 
thrown [s\src\hotspot\share\prims\jni.cpp, line 516]
Event: 129.787 Thread 0x0000027c2ed9f4c0 Exception <a 'java/io/IOException'{0x000000072f306050}> (0x000000072f306050) 
thrown [s\src\hotspot\share\prims\jni.cpp, line 516]
Event: 602.600 Thread 0x0000027c2ed9eaa0 Exception <a 'java/io/IOException'{0x0000000744ff7700}> (0x0000000744ff7700) 
thrown [s\src\hotspot\share\prims\jni.cpp, line 516]
Event: 602.601 Thread 0x0000027c2ed9eaa0 Exception <a 'java/io/IOException'{0x0000000744ffa688}> (0x0000000744ffa688) 
thrown [s\src\hotspot\share\prims\jni.cpp, line 516]
Event: 641.152 Thread 0x0000027c2ed9eaa0 Exception <a 'java/io/FileNotFoundException'{0x0000000744ff7c50}> (0x0000000744ff7c50) 
thrown [s\src\hotspot\share\prims\jni.cpp, line 516]
Event: 681.586 Thread 0x0000027c2ed9e080 Implicit null exception at 0x0000027c13823bd7 to 0x0000027c13823d74
Event: 1232.518 Thread 0x0000027c2ed9f4c0 Exception <a 'java/io/IOException'{0x000000071f0fc3c0}> (0x000000071f0fc3c0) 
thrown [s\src\hotspot\share\prims\jni.cpp, line 516]
Event: 1232.520 Thread 0x0000027c2ed9f4c0 Exception <a 'java/io/IOException'{0x000000071f0ff948}> (0x000000071f0ff948) 
thrown [s\src\hotspot\share\prims\jni.cpp, line 516]
Event: 1240.482 Thread 0x0000027c2eaf6270 Exception <a 'java/io/IOException'{0x000000071b0efb48}> (0x000000071b0efb48) 
thrown [s\src\hotspot\share\prims\jni.cpp, line 516]
Event: 1240.482 Thread 0x0000027c2eaf6270 Exception <a 'java/io/IOException'{0x000000071b0f2ca0}> (0x000000071b0f2ca0) 
thrown [s\src\hotspot\share\prims\jni.cpp, line 516]
Event: 1555.373 Thread 0x0000027c2ed9efb0 Exception <a 'java/io/FileNotFoundException'{0x0000000727301ab0}> (0x0000000727301ab0) 
thrown [s\src\hotspot\share\prims\jni.cpp, line 516]

VM Operations (20 events):
Event: 1241.357 Executing VM operation: G1PauseCleanup done
Event: 1245.160 Executing VM operation: G1CollectForAllocation
Event: 1245.169 Executing VM operation: G1CollectForAllocation done
Event: 1249.213 Executing VM operation: Cleanup
Event: 1249.213 Executing VM operation: Cleanup done
Event: 1262.896 Executing VM operation: HandshakeAllThreads
Event: 1262.896 Executing VM operation: HandshakeAllThreads done
Event: 1287.115 Executing VM operation: Cleanup
Event: 1287.115 Executing VM operation: Cleanup done
Event: 1555.076 Executing VM operation: G1CollectForAllocation
Event: 1555.078 Executing VM operation: G1CollectForAllocation done
Event: 1555.339 Executing VM operation: G1CollectForAllocation
Event: 1555.353 Executing VM operation: G1CollectForAllocation done
Event: 1555.368 Executing VM operation: G1PauseRemark
Event: 1555.370 Executing VM operation: G1PauseRemark done
Event: 1555.375 Executing VM operation: G1PauseCleanup
Event: 1555.375 Executing VM operation: G1PauseCleanup done
Event: 1556.387 Executing VM operation: Cleanup
Event: 1556.387 Executing VM operation: Cleanup done
Event: 1557.085 Executing VM operation: G1CollectForAllocation

Memory protections (0 events):
No events

Nmethod flushes (20 events):
Event: 522.916 Thread 0x0000027c2748b1f0 flushing  nmethod 0x0000027c0c3c4a90
Event: 522.916 Thread 0x0000027c2748b1f0 flushing  nmethod 0x0000027c0c3ca490
Event: 522.916 Thread 0x0000027c2748b1f0 flushing  nmethod 0x0000027c0c3d4710
Event: 522.916 Thread 0x0000027c2748b1f0 flushing  nmethod 0x0000027c0c3d8590
Event: 522.916 Thread 0x0000027c2748b1f0 flushing  nmethod 0x0000027c0c3de090
Event: 522.916 Thread 0x0000027c2748b1f0 flushing  nmethod 0x0000027c0c3ebd90
Event: 522.917 Thread 0x0000027c2748b1f0 flushing  nmethod 0x0000027c0c428f10
Event: 522.917 Thread 0x0000027c2748b1f0 flushing  nmethod 0x0000027c0c429390
Event: 522.917 Thread 0x0000027c2748b1f0 flushing  nmethod 0x0000027c0c42af10
Event: 522.917 Thread 0x0000027c2748b1f0 flushing  nmethod 0x0000027c0c42b910
Event: 522.917 Thread 0x0000027c2748b1f0 flushing  nmethod 0x0000027c0c43a490
Event: 522.917 Thread 0x0000027c2748b1f0 flushing  nmethod 0x0000027c0c43f890
Event: 522.917 Thread 0x0000027c2748b1f0 flushing  nmethod 0x0000027c0c440d90
Event: 522.917 Thread 0x0000027c2748b1f0 flushing  nmethod 0x0000027c0c446d10
Event: 522.917 Thread 0x0000027c2748b1f0 flushing  nmethod 0x0000027c0c45d910
Event: 522.917 Thread 0x0000027c2748b1f0 flushing  nmethod 0x0000027c0c468410
Event: 522.917 Thread 0x0000027c2748b1f0 flushing  nmethod 0x0000027c0c482d10
Event: 522.917 Thread 0x0000027c2748b1f0 flushing  nmethod 0x0000027c0c510410
Event: 522.917 Thread 0x0000027c2748b1f0 flushing  nmethod 0x0000027c0c52ff90
Event: 522.917 Thread 0x0000027c2748b1f0 flushing  nmethod 0x0000027c0c593590

Events (20 events):
Event: 2.721 Thread 0x0000027c08e8e7a0 Thread added: 0x0000027c2eaf39f0
Event: 2.721 Thread 0x0000027c08e8e7a0 Thread added: 0x0000027c2eaf0c60
Event: 2.722 Thread 0x0000027c08e8e7a0 Thread added: 0x0000027c2eaf1170
Event: 2.722 Thread 0x0000027c08e8e7a0 Thread added: 0x0000027c2eaf6270
Event: 2.737 Thread 0x0000027c08e8e7a0 Thread added: 0x0000027c2eaf5340
Event: 2.739 Thread 0x0000027c08e8e7a0 Thread added: 0x0000027c2eaf20a0
Event: 2.756 Thread 0x0000027c08e8e7a0 Thread exited: 0x0000027c08e8e7a0
Event: 2.756 Thread 0x0000027c2eaf4e30 Thread added: 0x0000027c2eaf4e30
Event: 3.750 Thread 0x0000027c2cd92840 Thread exited: 0x0000027c2cd92840
Event: 8.754 Thread 0x0000027c275ed450 Thread exited: 0x0000027c275ed450
Event: 69.625 Thread 0x0000027c2747fd20 Thread added: 0x0000027c2d935830
Event: 69.775 Thread 0x0000027c2d935830 Thread exited: 0x0000027c2d935830
Event: 79.284 Thread 0x0000027c2747fd20 Thread added: 0x0000027c27681e20
Event: 79.285 Thread 0x0000027c2747fd20 Thread added: 0x0000027c2da3a030
Event: 79.556 Thread 0x0000027c2da3a030 Thread exited: 0x0000027c2da3a030
Event: 79.716 Thread 0x0000027c27681e20 Thread exited: 0x0000027c27681e20
Event: 80.982 Thread 0x0000027c2747fd20 Thread added: 0x0000027c2c47cfb0
Event: 81.266 Thread 0x0000027c2c47cfb0 Thread exited: 0x0000027c2c47cfb0
Event: 87.891 Thread 0x0000027c2747fd20 Thread added: 0x0000027c2e81f240
Event: 88.212 Thread 0x0000027c2e81f240 Thread exited: 0x0000027c2e81f240


Dynamic libraries:
0x00007ff73d920000 - 0x00007ff73d92e000 	C:\Users\Badr\.vscode\extensions\redhat.java-1.37.0-win32-x64\jre\17.0.13-win32-x86_64\bin\java.exe
0x00007ffb4c9f0000 - 0x00007ffb4cc07000 	C:\WINDOWS\SYSTEM32\ntdll.dll
0x00007ffb4c200000 - 0x00007ffb4c2c4000 	C:\WINDOWS\System32\KERNEL32.DLL
0x00007ffb4a170000 - 0x00007ffb4a52a000 	C:\WINDOWS\System32\KERNELBASE.dll
0x00007ffb49eb0000 - 0x00007ffb49fc1000 	C:\WINDOWS\System32\ucrtbase.dll
0x00007ffb0b0f0000 - 0x00007ffb0b107000 	C:\Users\Badr\.vscode\extensions\redhat.java-1.37.0-win32-x64\jre\17.0.13-win32-x86_64\bin\jli.dll
0x00007ffb109a0000 - 0x00007ffb109be000 	C:\Users\Badr\.vscode\extensions\redhat.java-1.37.0-win32-x64\jre\17.0.13-win32-x86_64\bin\VCRUNTIME140.dll
0x00007ffb4ae30000 - 0x00007ffb4afde000 	C:\WINDOWS\System32\USER32.dll
0x00007ffb3a5c0000 - 0x00007ffb3a852000 	C:\WINDOWS\WinSxS\amd64_microsoft.windows.common-controls_6595b64144ccf1df_6.0.22621.4541_none_2710d1c57384c085\COMCTL32.dll
0x00007ffb49cc0000 - 0x00007ffb49ce6000 	C:\WINDOWS\System32\win32u.dll
0x00007ffb4c800000 - 0x00007ffb4c8a7000 	C:\WINDOWS\System32\msvcrt.dll
0x00007ffb4b860000 - 0x00007ffb4b889000 	C:\WINDOWS\System32\GDI32.dll
0x00007ffb49cf0000 - 0x00007ffb49e0b000 	C:\WINDOWS\System32\gdi32full.dll
0x00007ffb49e10000 - 0x00007ffb49eaa000 	C:\WINDOWS\System32\msvcp_win.dll
0x00007ffb4c550000 - 0x00007ffb4c581000 	C:\WINDOWS\System32\IMM32.DLL
0x00007ffb208e0000 - 0x00007ffb208ec000 	C:\Users\Badr\.vscode\extensions\redhat.java-1.37.0-win32-x64\jre\17.0.13-win32-x86_64\bin\vcruntime140_1.dll
0x00007ffa9c360000 - 0x00007ffa9c3ed000 	C:\Users\Badr\.vscode\extensions\redhat.java-1.37.0-win32-x64\jre\17.0.13-win32-x86_64\bin\msvcp140.dll
0x00007ffa8c430000 - 0x00007ffa8d09b000 	C:\Users\Badr\.vscode\extensions\redhat.java-1.37.0-win32-x64\jre\17.0.13-win32-x86_64\bin\server\jvm.dll
0x00007ffb4b890000 - 0x00007ffb4b942000 	C:\WINDOWS\System32\ADVAPI32.dll
0x00007ffb4c900000 - 0x00007ffb4c9a7000 	C:\WINDOWS\System32\sechost.dll
0x00007ffb4a140000 - 0x00007ffb4a168000 	C:\WINDOWS\System32\bcrypt.dll
0x00007ffb4aa80000 - 0x00007ffb4ab94000 	C:\WINDOWS\System32\RPCRT4.dll
0x00007ffb4c460000 - 0x00007ffb4c4d1000 	C:\WINDOWS\System32\WS2_32.dll
0x00007ffb49540000 - 0x00007ffb4958d000 	C:\WINDOWS\SYSTEM32\POWRPROF.dll
0x00007ffb452c0000 - 0x00007ffb452f4000 	C:\WINDOWS\SYSTEM32\WINMM.dll
0x00007ffb42e40000 - 0x00007ffb42e4a000 	C:\WINDOWS\SYSTEM32\VERSION.dll
0x00007ffb49520000 - 0x00007ffb49533000 	C:\WINDOWS\SYSTEM32\UMPDC.dll
0x00007ffb48c60000 - 0x00007ffb48c78000 	C:\WINDOWS\SYSTEM32\kernel.appcore.dll
0x00007ffb1f9e0000 - 0x00007ffb1f9ea000 	C:\Users\Badr\.vscode\extensions\redhat.java-1.37.0-win32-x64\jre\17.0.13-win32-x86_64\bin\jimage.dll
0x00007ffb476a0000 - 0x00007ffb478d2000 	C:\WINDOWS\SYSTEM32\DBGHELP.DLL
0x00007ffb4a6f0000 - 0x00007ffb4aa7f000 	C:\WINDOWS\System32\combase.dll
0x00007ffb4aca0000 - 0x00007ffb4ad77000 	C:\WINDOWS\System32\OLEAUT32.dll
0x00007ffb30710000 - 0x00007ffb30742000 	C:\WINDOWS\SYSTEM32\dbgcore.DLL
0x00007ffb4a530000 - 0x00007ffb4a5ab000 	C:\WINDOWS\System32\bcryptPrimitives.dll
0x00007ffaf71e0000 - 0x00007ffaf7205000 	C:\Users\Badr\.vscode\extensions\redhat.java-1.37.0-win32-x64\jre\17.0.13-win32-x86_64\bin\java.dll
0x00007ffb09250000 - 0x00007ffb09268000 	C:\Users\Badr\.vscode\extensions\redhat.java-1.37.0-win32-x64\jre\17.0.13-win32-x86_64\bin\zip.dll
0x00007ffb4afe0000 - 0x00007ffb4b858000 	C:\WINDOWS\System32\SHELL32.dll
0x00007ffb47bb0000 - 0x00007ffb484b8000 	C:\WINDOWS\SYSTEM32\windows.storage.dll
0x00007ffb47a70000 - 0x00007ffb47baf000 	C:\WINDOWS\SYSTEM32\wintypes.dll
0x00007ffb4bc20000 - 0x00007ffb4bd1a000 	C:\WINDOWS\System32\SHCORE.dll
0x00007ffb4bb20000 - 0x00007ffb4bb7e000 	C:\WINDOWS\System32\shlwapi.dll
0x00007ffb49bf0000 - 0x00007ffb49c1b000 	C:\WINDOWS\SYSTEM32\profapi.dll
0x00007ffaf7250000 - 0x00007ffaf7269000 	C:\Users\Badr\.vscode\extensions\redhat.java-1.37.0-win32-x64\jre\17.0.13-win32-x86_64\bin\net.dll
0x00007ffb45530000 - 0x00007ffb45666000 	C:\WINDOWS\SYSTEM32\WINHTTP.dll
0x00007ffb49140000 - 0x00007ffb491a9000 	C:\WINDOWS\system32\mswsock.dll
0x00007ffaf66d0000 - 0x00007ffaf66e6000 	C:\Users\Badr\.vscode\extensions\redhat.java-1.37.0-win32-x64\jre\17.0.13-win32-x86_64\bin\nio.dll
0x00007ffb44ac0000 - 0x00007ffb44ace000 	C:\Users\Badr\.vscode\extensions\redhat.java-1.37.0-win32-x64\jre\17.0.13-win32-x86_64\bin\sunmscapi.dll
0x00007ffb49fd0000 - 0x00007ffb4a136000 	C:\WINDOWS\System32\CRYPT32.dll
0x00007ffb49680000 - 0x00007ffb496ad000 	C:\WINDOWS\SYSTEM32\ncrypt.dll
0x00007ffb49640000 - 0x00007ffb49677000 	C:\WINDOWS\SYSTEM32\NTASN1.dll
0x00007ffb493d0000 - 0x00007ffb493eb000 	C:\WINDOWS\SYSTEM32\CRYPTSP.dll
0x00007ffb48c20000 - 0x00007ffb48c55000 	C:\WINDOWS\system32\rsaenh.dll
0x00007ffb49270000 - 0x00007ffb49298000 	C:\WINDOWS\SYSTEM32\USERENV.dll
0x00007ffb493f0000 - 0x00007ffb493fc000 	C:\WINDOWS\SYSTEM32\CRYPTBASE.dll
0x00007ffb48720000 - 0x00007ffb4874d000 	C:\WINDOWS\SYSTEM32\IPHLPAPI.DLL
0x00007ffb4c7f0000 - 0x00007ffb4c7f9000 	C:\WINDOWS\System32\NSI.dll
0x00007ffb45320000 - 0x00007ffb45339000 	C:\WINDOWS\SYSTEM32\dhcpcsvc6.DLL
0x00007ffb45300000 - 0x00007ffb4531f000 	C:\WINDOWS\SYSTEM32\dhcpcsvc.DLL
0x00007ffb48790000 - 0x00007ffb48892000 	C:\WINDOWS\SYSTEM32\DNSAPI.dll
0x00007ffb388d0000 - 0x00007ffb388da000 	C:\Users\Badr\.vscode\extensions\redhat.java-1.37.0-win32-x64\jre\17.0.13-win32-x86_64\bin\management.dll
0x00007ffb38860000 - 0x00007ffb3886b000 	C:\Users\Badr\.vscode\extensions\redhat.java-1.37.0-win32-x64\jre\17.0.13-win32-x86_64\bin\management_ext.dll
0x00007ffb4c740000 - 0x00007ffb4c748000 	C:\WINDOWS\System32\PSAPI.DLL
0x00007ffb44a80000 - 0x00007ffb44a89000 	C:\Users\Badr\.vscode\extensions\redhat.java-1.37.0-win32-x64\jre\17.0.13-win32-x86_64\bin\extnet.dll
0x00007ffb21410000 - 0x00007ffb21418000 	C:\WINDOWS\system32\wshunix.dll

dbghelp: loaded successfully - version: 4.0.5 - missing functions: none
symbol engine: initialized successfully - sym options: 0x614 - pdb path: .;C:\Users\Badr\.vscode\extensions\redhat.java-1.37.0-win32-x64\jre\17.0.13-win32-x86_64\bin;C:\WINDOWS\SYSTEM32;C:\WINDOWS\WinSxS\amd64_microsoft.windows.common-controls_6595b64144ccf1df_6.0.22621.4541_none_2710d1c57384c085;C:\Users\Badr\.vscode\extensions\redhat.java-1.37.0-win32-x64\jre\17.0.13-win32-x86_64\bin\server

VM Arguments:
jvm_args: -XX:+ShowCodeDetailsInExceptionMessages 
java_command: com.team.email.EmailApplication
java_class_path (initial): C:\Users\Badr\Documents\GitHub\EMail-Web\EMail_Backend\target\classes;C:\Users\Badr\.m2\repository\org\springframework\boot\spring-boot-starter-web\3.4.0\spring-boot-starter-web-3.4.0.jar;C:\Users\Badr\.m2\repository\org\springframework\boot\spring-boot-starter\3.4.0\spring-boot-starter-3.4.0.jar;C:\Users\Badr\.m2\repository\org\springframework\boot\spring-boot\3.4.0\spring-boot-3.4.0.jar;C:\Users\Badr\.m2\repository\org\springframework\boot\spring-boot-autoconfigure\3.4.0\spring-boot-autoconfigure-3.4.0.jar;C:\Users\Badr\.m2\repository\org\springframework\boot\spring-boot-starter-logging\3.4.0\spring-boot-starter-logging-3.4.0.jar;C:\Users\Badr\.m2\repository\ch\qos\logback\logback-classic\1.5.12\logback-classic-1.5.12.jar;C:\Users\Badr\.m2\repository\ch\qos\logback\logback-core\1.5.12\logback-core-1.5.12.jar;C:\Users\Badr\.m2\repository\org\apache\logging\log4j\log4j-to-slf4j\2.24.1\log4j-to-slf4j-2.24.1.jar;C:\Users\Badr\.m2\repository\org\apache\logging\log4j\log4j-api\2.24.1\log4j-api-2.24.1.jar;C:\Users\Badr\.m2\repository\org\slf4j\jul-to-slf4j\2.0.16\jul-to-slf4j-2.0.16.jar;C:\Users\Badr\.m2\repository\jakarta\annotation\jakarta.annotation-api\2.1.1\jakarta.annotation-api-2.1.1.jar;C:\Users\Badr\.m2\repository\org\yaml\snakeyaml\2.3\snakeyaml-2.3.jar;C:\Users\Badr\.m2\repository\org\springframework\boot\spring-boot-starter-json\3.4.0\spring-boot-starter-json-3.4.0.jar;C:\Users\Badr\.m2\repository\com\fasterxml\jackson\datatype\jackson-datatype-jdk8\2.18.1\jackson-datatype-jdk8-2.18.1.jar;C:\Users\Badr\.m2\repository\com\fasterxml\jackson\datatype\jackson-datatype-jsr310\2.18.1\jackson-datatype-jsr310-2.18.1.jar;C:\Users\Badr\.m2\repository\com\fasterxml\jackson\module\jackson-module-parameter-names\2.18.1\jackson-module-parameter-names-2.18.1.jar;C:\Users\Badr\.m2\repository\org\springframework\boot\spring-boot-starter-tomcat\3.4.0\spring-boot-starter-tomcat-3.4.0.jar;C:\Users\Badr\.m2\repository\org\apache\tomcat\embed\tomcat-em
Launcher Type: SUN_STANDARD

[Global flags]
     intx CICompilerCount                          = 4                                         {product} {ergonomic}
     uint ConcGCThreads                            = 3                                         {product} {ergonomic}
     uint G1ConcRefinementThreads                  = 10                                        {product} {ergonomic}
   size_t G1HeapRegionSize                         = 2097152                                   {product} {ergonomic}
    uintx GCDrainStackTargetSize                   = 64                                        {product} {ergonomic}
   size_t InitialHeapSize                          = 266338304                                 {product} {ergonomic}
   size_t MarkStackSize                            = 4194304                                   {product} {ergonomic}
   size_t MaxHeapSize                              = 4257218560                                {product} {ergonomic}
   size_t MaxNewSize                               = 2554331136                                {product} {ergonomic}
   size_t MinHeapDeltaBytes                        = 2097152                                   {product} {ergonomic}
   size_t MinHeapSize                              = 8388608                                   {product} {ergonomic}
    uintx NonNMethodCodeHeapSize                   = 5839372                                {pd product} {ergonomic}
    uintx NonProfiledCodeHeapSize                  = 122909434                              {pd product} {ergonomic}
    uintx ProfiledCodeHeapSize                     = 122909434                              {pd product} {ergonomic}
    uintx ReservedCodeCacheSize                    = 251658240                              {pd product} {ergonomic}
     bool SegmentedCodeCache                       = true                                      {product} {ergonomic}
     bool ShowCodeDetailsInExceptionMessages       = true                                   {manageable} {command line}
   size_t SoftMaxHeapSize                          = 4257218560                             {manageable} {ergonomic}
     bool UseCompressedClassPointers               = true                           {product lp64_product} {ergonomic}
     bool UseCompressedOops                        = true                           {product lp64_product} {ergonomic}
     bool UseG1GC                                  = true                                      {product} {ergonomic}
     bool UseLargePagesIndividualAllocation        = false                                  {pd product} {ergonomic}

Logging:
Log output configuration:
 #0: stdout all=warning uptime,level,tags
 #1: stderr all=off uptime,level,tags

Environment Variables:
PATH=C:\Program Files\Python312\Scripts\;C:\Program Files\Python312\;C:\Program Files\NVIDIA GPU Computing Toolkit\CUDA\v12.6\bin;C:\Program Files\NVIDIA GPU Computing Toolkit\CUDA\v12.6\libnvvp;C:\Program Files\Common Files\Oracle\Java\javapath;C:\Program Files (x86)\Common Files\Oracle\Java\javapath;C:\Windows\system32;C:\Windows;C:\Windows\System32\Wbem;C:\Windows\System32\WindowsPowerShell\v1.0\;C:\Windows\System32\OpenSSH\;C:\Program Files (x86)\NVIDIA Corporation\PhysX\Common;C:\Program Files\Microsoft VS Code\bin;C:\WINDOWS\system32;C:\WINDOWS;C:\WINDOWS\System32\Wbem;C:\WINDOWS\System32\WindowsPowerShell\v1.0\;C:\WINDOWS\System32\OpenSSH\;C:\Program Files\dotnet\;C:\Program Files\Git\cmd;C:\Program Files\NVIDIA Corporation\NVIDIA App\NvDLISR;C:\Program Files\Remote.It\resources;C:\Program Files (x86)\Python312-32\Scripts;C:\Users\Badr\AppData\Roaming\Python\Python312-32\Scripts;C:\Users\Badr\AppData\Roaming\Python\Python312\Scripts;C:\Program Files\CMake\bin;C:\Program Files\NVIDIA Corporation\Nsight Compute 2024.3.0\;C:\Program Files\nodejs\;C:\ProgramData\chocolatey\bin;C:\Users\Badr\AppData\Local\Microsoft\WindowsApps;C:\Users\Badr\AppData\Local\GitHubDesktop\bin;C:\MinGW\bin;C:\intelFPGA\20.1\modelsim_ase\win32aloem;C:\Users\Badr\AppData\Local\spicetify;C:\Users\Badr\AppData\Roaming\Python\Python312-32\Scripts;;C:\Program Files\JetBrains\PyCharm Community Edition 2024.2.0.1\bin;;C:\Users\Badr\AppData\Roaming\npm;C:\Program Files\JetBrains\IntelliJ IDEA Community Edition 2024.2.4\bin;
USERNAME=Badr
LANG=en_US.UTF-8
OS=Windows_NT
PROCESSOR_IDENTIFIER=AMD64 Family 25 Model 80 Stepping 0, AuthenticAMD
TMP=C:\Users\Badr\AppData\Local\Temp
TEMP=C:\Users\Badr\AppData\Local\Temp



Periodic native trim disabled


---------------  S Y S T E M  ---------------

OS:
 Windows 11 , 64 bit Build 22621 (10.0.22621.4391)
OS uptime: 0 days 8:16 hours
Hyper-V role detected

CPU: total 12 (initial active 12) (12 cores per cpu, 2 threads per core) family 25 model 80 stepping 0 microcode 0x0, cx8, cmov, fxsr, ht, mmx, 3dnowpref, sse, sse2, sse3, ssse3, sse4a, sse4.1, sse4.2, popcnt, lzcnt, tsc, tscinvbit, avx, avx2, aes, erms, clmul, bmi1, bmi2, adx, sha, fma, vzeroupper, clflush, clflushopt, hv
Processor Information for all 12 processors :
  Max Mhz: 3301, Current Mhz: 3301, Mhz Limit: 3301

Memory: 4k page, system-wide physical 16236M (390M free)
TotalPageFile size 24736M (AvailPageFile size 112M)
current process WorkingSet (physical memory assigned to process): 619M, peak: 1061M
current process commit charge ("private bytes"): 770M, peak: 1406M

vm_info: OpenJDK 64-Bit Server VM (17.0.13+11) for windows-amd64 JRE (17.0.13+11), built on Oct 16 2024 00:10:08 by "admin" with MS VC++ 17.7 (VS2022)

END.
